47710408 reads; of these:
  47710408 (100.00%) were paired; of these:
    27060558 (56.72%) aligned concordantly 0 times
    19176285 (40.19%) aligned concordantly exactly 1 time
    1473565 (3.09%) aligned concordantly >1 times
    ----
    27060558 pairs aligned concordantly 0 times; of these:
      1274633 (4.71%) aligned discordantly 1 time
    ----
    25785925 pairs aligned 0 times concordantly or discordantly; of these:
      51571850 mates make up the pairs; of these:
        41230080 (79.95%) aligned 0 times
        9296317 (18.03%) aligned exactly 1 time
        1045453 (2.03%) aligned >1 times
56.79% overall alignment rate
42864294 reads; of these:
  42864294 (100.00%) were paired; of these:
    23640036 (55.15%) aligned concordantly 0 times
    17633629 (41.14%) aligned concordantly exactly 1 time
    1590629 (3.71%) aligned concordantly >1 times
    ----
    23640036 pairs aligned concordantly 0 times; of these:
      1207857 (5.11%) aligned discordantly 1 time
    ----
    22432179 pairs aligned 0 times concordantly or discordantly; of these:
      44864358 mates make up the pairs; of these:
        35417854 (78.94%) aligned 0 times
        8221441 (18.33%) aligned exactly 1 time
        1225063 (2.73%) aligned >1 times
58.69% overall alignment rate
43712298 reads; of these:
  43712298 (100.00%) were paired; of these:
    30353070 (69.44%) aligned concordantly 0 times
    12098419 (27.68%) aligned concordantly exactly 1 time
    1260809 (2.88%) aligned concordantly >1 times
    ----
    30353070 pairs aligned concordantly 0 times; of these:
      826489 (2.72%) aligned discordantly 1 time
    ----
    29526581 pairs aligned 0 times concordantly or discordantly; of these:
      59053162 mates make up the pairs; of these:
        51066335 (86.48%) aligned 0 times
        6685083 (11.32%) aligned exactly 1 time
        1301744 (2.20%) aligned >1 times
41.59% overall alignment rate
47501524 reads; of these:
  47501524 (100.00%) were paired; of these:
    27841628 (58.61%) aligned concordantly 0 times
    18249998 (38.42%) aligned concordantly exactly 1 time
    1409898 (2.97%) aligned concordantly >1 times
    ----
    27841628 pairs aligned concordantly 0 times; of these:
      1281752 (4.60%) aligned discordantly 1 time
    ----
    26559876 pairs aligned 0 times concordantly or discordantly; of these:
      53119752 mates make up the pairs; of these:
        42721011 (80.42%) aligned 0 times
        9197577 (17.31%) aligned exactly 1 time
        1201164 (2.26%) aligned >1 times
55.03% overall alignment rate
42677752 reads; of these:
  42677752 (100.00%) were paired; of these:
    25633048 (60.06%) aligned concordantly 0 times
    15651560 (36.67%) aligned concordantly exactly 1 time
    1393144 (3.26%) aligned concordantly >1 times
    ----
    25633048 pairs aligned concordantly 0 times; of these:
      1075688 (4.20%) aligned discordantly 1 time
    ----
    24557360 pairs aligned 0 times concordantly or discordantly; of these:
      49114720 mates make up the pairs; of these:
        38244722 (77.87%) aligned 0 times
        9400848 (19.14%) aligned exactly 1 time
        1469150 (2.99%) aligned >1 times
55.19% overall alignment rate
