#Starting miRDeep2
/home/shared/mirdeep2/bin/miRDeep2.pl /home/shared/8TB_HDD_01/sam/gitrepos/deep-dive/F-Pmea/output/11.1-Pmea-sRNAseq-miRdeep2-31bp-fastp-merged-cnidarian_miRBase/collapsed_reads_gt17bp_mirdeep2.fasta /home/shared/8TB_HDD_01/sam/gitrepos/deep-dive/F-Pmea/data/Pocillopora_meandrina_HIv1_nospaces.assembly.fasta /home/shared/8TB_HDD_01/sam/gitrepos/deep-dive/F-Pmea/output/11.1-Pmea-sRNAseq-miRdeep2-31bp-fastp-merged-cnidarian_miRBase/Pmea-mirdeep2-mapping.arf none /home/shared/8TB_HDD_01/sam/gitrepos/deep-dive/data/cnidarian-mirbase-mature-v22.1-no_spaces.fa none -t S.purpuratus -P -v -g -1

miRDeep2 started at 15:27:22


mkdir mirdeep_runs/run_22_04_2024_t_15_27_22

#testing input files
started: 15:27:49
sanity_check_mature_ref.pl /home/shared/8TB_HDD_01/sam/gitrepos/deep-dive/data/cnidarian-mirbase-mature-v22.1-no_spaces.fa


ended: 15:27:49
total:0h:0m:0s

sanity_check_reads_ready_file.pl /home/shared/8TB_HDD_01/sam/gitrepos/deep-dive/F-Pmea/output/11.1-Pmea-sRNAseq-miRdeep2-31bp-fastp-merged-cnidarian_miRBase/collapsed_reads_gt17bp_mirdeep2.fasta

started: 15:27:49

ended: 15:28:30
total:0h:0m:41s

started: 15:28:30
sanity_check_genome.pl /home/shared/8TB_HDD_01/sam/gitrepos/deep-dive/F-Pmea/data/Pocillopora_meandrina_HIv1_nospaces.assembly.fasta


ended: 15:28:30
total:0h:0m:0s

started: 15:28:30
sanity_check_mapping_file.pl /home/shared/8TB_HDD_01/sam/gitrepos/deep-dive/F-Pmea/output/11.1-Pmea-sRNAseq-miRdeep2-31bp-fastp-merged-cnidarian_miRBase/Pmea-mirdeep2-mapping.arf


ended: 15:28:35
total:0h:0m:5s

Pre-quantitation is skipped caused by missing file with known precursor miRNAs


rna2dna.pl /home/shared/8TB_HDD_01/sam/gitrepos/deep-dive/data/cnidarian-mirbase-mature-v22.1-no_spaces.fa > mirdeep_runs/run_22_04_2024_t_15_27_22/tmp/cnidarian-mirbase-mature-v22.1-no_spaces.fa


ended: 15:28:36
total:0h:0m:6s

#parsing genome mappings
parse_mappings.pl /home/shared/8TB_HDD_01/sam/gitrepos/deep-dive/F-Pmea/output/11.1-Pmea-sRNAseq-miRdeep2-31bp-fastp-merged-cnidarian_miRBase/Pmea-mirdeep2-mapping.arf -a 0 -b 18 -c 25 -i 5 > mirdeep_runs/run_22_04_2024_t_15_27_22/tmp/mapping.arf_parsed.arf

started: 15:28:36

ended: 15:29:10
total:0h:0m:34s

#excising precursors
started: 15:29:10
excise_precursors_iterative_final.pl /home/shared/8TB_HDD_01/sam/gitrepos/deep-dive/F-Pmea/data/Pocillopora_meandrina_HIv1_nospaces.assembly.fasta mirdeep_runs/run_22_04_2024_t_15_27_22/tmp/mapping.arf_parsed.arf mirdeep_runs/run_22_04_2024_t_15_27_22/tmp/precursors.fa mirdeep_runs/run_22_04_2024_t_15_27_22/tmp/precursors.coords -1
1	995574

ended: 15:30:38
total:0h:1m:28s

#preparing signature
prepare_signature.pl /home/shared/8TB_HDD_01/sam/gitrepos/deep-dive/F-Pmea/output/11.1-Pmea-sRNAseq-miRdeep2-31bp-fastp-merged-cnidarian_miRBase/collapsed_reads_gt17bp_mirdeep2.fasta mirdeep_runs/run_22_04_2024_t_15_27_22/tmp/precursors.fa 1 -o mirdeep_runs/run_22_04_2024_t_15_27_22/tmp/signature.arf 2>>error_22_04_2024_t_15_27_22.log

started: 15:30:38

ended: 15:35:36
total:0h:4m:58s

#folding precursors
started: 15:35:36
RNAfold < mirdeep_runs/run_22_04_2024_t_15_27_22/tmp/precursors.fa -noPS > mirdeep_runs/run_22_04_2024_t_15_27_22/tmp/precursors.str


ended: 18:14:02
total:2h:38m:26s

#computing randfold p-values
select_for_randfold.pl mirdeep_runs/run_22_04_2024_t_15_27_22/tmp/signature.arf mirdeep_runs/run_22_04_2024_t_15_27_22/tmp/precursors.str > mirdeep_runs/run_22_04_2024_t_15_27_22/tmp/precursors_for_randfold.ids

started: 18:14:02

ended: 18:17:06
total:0h:3m:4s

started: 18:17:06
fastaselect.pl mirdeep_runs/run_22_04_2024_t_15_27_22/tmp/precursors.fa mirdeep_runs/run_22_04_2024_t_15_27_22/tmp/precursors_for_randfold.ids > mirdeep_runs/run_22_04_2024_t_15_27_22/tmp/precursors_for_randfold.fa


ended: 18:17:07
total:0h:0m:1s

started: 18:17:07
randfold -s mirdeep_runs/run_22_04_2024_t_15_27_22/tmp/precursors_for_randfold.fa 99 > mirdeep_runs/run_22_04_2024_t_15_27_22/tmp/precursors_for_randfold.rand


ended: 20:48:44
total:26h:31m:37s

#running miRDeep core algorithm
started: 20:48:51
miRDeep2_core_algorithm.pl mirdeep_runs/run_22_04_2024_t_15_27_22/tmp/signature.arf mirdeep_runs/run_22_04_2024_t_15_27_22/tmp/precursors.str -s mirdeep_runs/run_22_04_2024_t_15_27_22/tmp/cnidarian-mirbase-mature-v22.1-no_spaces.fa -v -50 -l 15 -y mirdeep_runs/run_22_04_2024_t_15_27_22/tmp/precursors_for_randfold.rand > mirdeep_runs/run_22_04_2024_t_15_27_22/output.mrd
Negative repeat count does nothing at /home/shared/mirdeep2/bin/miRDeep2_core_algorithm.pl line 1458, <FILENAME> line 2145246.
Negative repeat count does nothing at /home/shared/mirdeep2/bin/miRDeep2_core_algorithm.pl line 1458, <FILENAME> line 4958890.
Negative repeat count does nothing at /home/shared/mirdeep2/bin/miRDeep2_core_algorithm.pl line 1458, <FILENAME> line 6028014.
Negative repeat count does nothing at /home/shared/mirdeep2/bin/miRDeep2_core_algorithm.pl line 1458, <FILENAME> line 6191822.
Negative repeat count does nothing at /home/shared/mirdeep2/bin/miRDeep2_core_algorithm.pl line 1458, <FILENAME> line 6191830.
Negative repeat count does nothing at /home/shared/mirdeep2/bin/miRDeep2_core_algorithm.pl line 1458, <FILENAME> line 6210358.
Negative repeat count does nothing at /home/shared/mirdeep2/bin/miRDeep2_core_algorithm.pl line 1458, <FILENAME> line 6591440.
Negative repeat count does nothing at /home/shared/mirdeep2/bin/miRDeep2_core_algorithm.pl line 1458, <FILENAME> line 6920060.
Negative repeat count does nothing at /home/shared/mirdeep2/bin/miRDeep2_core_algorithm.pl line 1458, <FILENAME> line 7073161.
Negative repeat count does nothing at /home/shared/mirdeep2/bin/miRDeep2_core_algorithm.pl line 1458, <FILENAME> line 7370839.
Negative repeat count does nothing at /home/shared/mirdeep2/bin/miRDeep2_core_algorithm.pl line 1458, <FILENAME> line 7534951.
Negative repeat count does nothing at /home/shared/mirdeep2/bin/miRDeep2_core_algorithm.pl line 1458, <FILENAME> line 7931145.
Negative repeat count does nothing at /home/shared/mirdeep2/bin/miRDeep2_core_algorithm.pl line 1458, <FILENAME> line 8342251.
Negative repeat count does nothing at /home/shared/mirdeep2/bin/miRDeep2_core_algorithm.pl line 1458, <FILENAME> line 8414044.
Negative repeat count does nothing at /home/shared/mirdeep2/bin/miRDeep2_core_algorithm.pl line 1458, <FILENAME> line 8454920.
Negative repeat count does nothing at /home/shared/mirdeep2/bin/miRDeep2_core_algorithm.pl line 1458, <FILENAME> line 8570900.
Negative repeat count does nothing at /home/shared/mirdeep2/bin/miRDeep2_core_algorithm.pl line 1458, <FILENAME> line 8586295.
Negative repeat count does nothing at /home/shared/mirdeep2/bin/miRDeep2_core_algorithm.pl line 1458, <FILENAME> line 8586297.
Negative repeat count does nothing at /home/shared/mirdeep2/bin/miRDeep2_core_algorithm.pl line 1458, <FILENAME> line 8634912.
Negative repeat count does nothing at /home/shared/mirdeep2/bin/miRDeep2_core_algorithm.pl line 1458, <FILENAME> line 8634915.
Negative repeat count does nothing at /home/shared/mirdeep2/bin/miRDeep2_core_algorithm.pl line 1458, <FILENAME> line 8634917.
Negative repeat count does nothing at /home/shared/mirdeep2/bin/miRDeep2_core_algorithm.pl line 1458, <FILENAME> line 8651517.
Negative repeat count does nothing at /home/shared/mirdeep2/bin/miRDeep2_core_algorithm.pl line 1458, <FILENAME> line 8669272.
Negative repeat count does nothing at /home/shared/mirdeep2/bin/miRDeep2_core_algorithm.pl line 1458, <FILENAME> line 8669274.
Negative repeat count does nothing at /home/shared/mirdeep2/bin/miRDeep2_core_algorithm.pl line 1458, <FILENAME> line 8699667.
Negative repeat count does nothing at /home/shared/mirdeep2/bin/miRDeep2_core_algorithm.pl line 1458, <FILENAME> line 8775713.
Negative repeat count does nothing at /home/shared/mirdeep2/bin/miRDeep2_core_algorithm.pl line 1458, <FILENAME> line 8796160.
Negative repeat count does nothing at /home/shared/mirdeep2/bin/miRDeep2_core_algorithm.pl line 1458, <FILENAME> line 8871458.
Negative repeat count does nothing at /home/shared/mirdeep2/bin/miRDeep2_core_algorithm.pl line 1458, <FILENAME> line 8961653.
Negative repeat count does nothing at /home/shared/mirdeep2/bin/miRDeep2_core_algorithm.pl line 1458, <FILENAME> line 9015773.
Negative repeat count does nothing at /home/shared/mirdeep2/bin/miRDeep2_core_algorithm.pl line 1458, <FILENAME> line 9042367.
Negative repeat count does nothing at /home/shared/mirdeep2/bin/miRDeep2_core_algorithm.pl line 1458, <FILENAME> line 9218613.
Negative repeat count does nothing at /home/shared/mirdeep2/bin/miRDeep2_core_algorithm.pl line 1458, <FILENAME> line 9266369.
Negative repeat count does nothing at /home/shared/mirdeep2/bin/miRDeep2_core_algorithm.pl line 1458, <FILENAME> line 9333810.

ended: 20:53:08
total:0h:4m:17s

#running permuted controls
started: 20:53:08
echo 'miRDeep2_core_algorithm.pl mirdeep_runs/run_22_04_2024_t_15_27_22/tmp/signature.arf mirdeep_runs/run_22_04_2024_t_15_27_22/tmp/precursors.str -s mirdeep_runs/run_22_04_2024_t_15_27_22/tmp/cnidarian-mirbase-mature-v22.1-no_spaces.fa -v -50 -y mirdeep_runs/run_22_04_2024_t_15_27_22/tmp/precursors_for_randfold.rand > mirdeep_runs/run_22_04_2024_t_15_27_22/output.mrd' > mirdeep_runs/run_22_04_2024_t_15_27_22/tmp/command_line

perform_controls.pl mirdeep_runs/run_22_04_2024_t_15_27_22/tmp/command_line mirdeep_runs/run_22_04_2024_t_15_27_22/tmp/precursors.str 100 -a > mirdeep_runs/run_22_04_2024_t_15_27_22/tmp/output_permuted.mrd 2>>error_22_04_2024_t_15_27_22.log


ended: 4:19:48
total:7h:26m:40s

#doing survey of accuracy
survey.pl mirdeep_runs/run_22_04_2024_t_15_27_22/output.mrd -a mirdeep_runs/run_22_04_2024_t_15_27_22/tmp/output_permuted.mrd -d 1 > mirdeep_runs/run_22_04_2024_t_15_27_22/survey.csv

started: 4:19:48

ended: 4:20:34
total:0h:0m:46s

#producing graphic results
started: 4:20:34
make_html.pl -f mirdeep_runs/run_22_04_2024_t_15_27_22/output.mrd -p mirdeep_runs/run_22_04_2024_t_15_27_22/tmp/precursors.coords -v 0 -s mirdeep_runs/run_22_04_2024_t_15_27_22/survey.csv -c -e -r /home/shared/mirdeep2/bin//../Rfam_for_miRDeep.fa -y 22_04_2024_t_15_27_22 -o  -t S.purpuratus -V 2.0.1.2 

parsing input file finished
checking Rfam for hits to precursors
Build bowtie index of Rfam entries

Mapping mature,star and loop sequences against index
# reads processed: 147578
# reads with at least one reported alignment: 643 (0.44%)
# reads that failed to align: 146935 (99.56%)
Reported 2651 alignments
creating PDF files
creating pdf for Pocillopora_meandrina_HIv1___Sc0000000_60202 finished
creating pdf for Pocillopora_meandrina_HIv1___Sc0000017_655645 finished
creating pdf for Pocillopora_meandrina_HIv1___Sc0000005_273871 finished
creating pdf for Pocillopora_meandrina_HIv1___xfSc0000017_985353 finished
creating pdf for Pocillopora_meandrina_HIv1___Sc0000009_442963 finished
creating pdf for Pocillopora_meandrina_HIv1___Sc0000002_166394 finished
creating pdf for Pocillopora_meandrina_HIv1___Sc0000016_620672 finished
creating pdf for Pocillopora_meandrina_HIv1___Sc0000016_620701 finished
creating pdf for Pocillopora_meandrina_HIv1___Sc0000016_620687 finished
creating pdf for Pocillopora_meandrina_HIv1___Sc0000016_620682 finished
creating pdf for Pocillopora_meandrina_HIv1___Sc0000016_620690 finished
creating pdf for Pocillopora_meandrina_HIv1___Sc0000016_620680 finished
creating pdf for Pocillopora_meandrina_HIv1___Sc0000005_286150 finished
creating pdf for Pocillopora_meandrina_HIv1___Sc0000044_970520 finished
creating pdf for Pocillopora_meandrina_HIv1___Sc0000016_620719 finished
creating pdf for Pocillopora_meandrina_HIv1___Sc0000016_620703 finished
creating pdf for Pocillopora_meandrina_HIv1___Sc0000016_620661 finished
creating pdf for Pocillopora_meandrina_HIv1___Sc0000016_620665 finished
creating pdf for Pocillopora_meandrina_HIv1___Sc0000005_287631 finished
creating pdf for Pocillopora_meandrina_HIv1___Sc0000010_454382 finished
creating pdf for Pocillopora_meandrina_HIv1___Sc0000023_767565 finished
creating pdf for Pocillopora_meandrina_HIv1___Sc0000026_801234 finished
creating pdf for Pocillopora_meandrina_HIv1___Sc0000018_671832 finished
creating pdf for Pocillopora_meandrina_HIv1___Sc0000016_620715 finished
creating pdf for Pocillopora_meandrina_HIv1___Sc0000000_24082 finished
creating pdf for Pocillopora_meandrina_HIv1___Sc0000000_1750 finished
creating pdf for Pocillopora_meandrina_HIv1___Sc0000002_176201 finished
creating pdf for Pocillopora_meandrina_HIv1___Sc0000005_287638 finished
creating pdf for Pocillopora_meandrina_HIv1___Sc0000003_232761 finished
creating pdf for Pocillopora_meandrina_HIv1___Sc0000014_583714 finished
creating pdf for Pocillopora_meandrina_HIv1___Sc0000018_671819 finished
creating pdf for Pocillopora_meandrina_HIv1___Sc0000044_969007 finished
creating pdf for Pocillopora_meandrina_HIv1___Sc0000002_185098 finished
creating pdf for Pocillopora_meandrina_HIv1___Sc0000016_620693 finished
creating pdf for Pocillopora_meandrina_HIv1___Sc0000010_454370 finished
creating pdf for Pocillopora_meandrina_HIv1___Sc0000010_454352 finished
creating pdf for Pocillopora_meandrina_HIv1___Sc0000035_908286 finished
creating pdf for Pocillopora_meandrina_HIv1___Sc0000030_858241 finished
creating pdf for Pocillopora_meandrina_HIv1___Sc0000010_452984 finished
creating pdf for Pocillopora_meandrina_HIv1___Sc0000002_156809 finished
creating pdf for Pocillopora_meandrina_HIv1___Sc0000007_368164 finished
creating pdf for Pocillopora_meandrina_HIv1___Sc0000002_184721 finished
creating pdf for Pocillopora_meandrina_HIv1___Sc0000024_775106 finished
creating pdf for Pocillopora_meandrina_HIv1___Sc0000012_514543 finished
creating pdf for Pocillopora_meandrina_HIv1___Sc0000012_517292 finished
creating pdf for Pocillopora_meandrina_HIv1___Sc0000027_811538 finished
creating pdf for Pocillopora_meandrina_HIv1___Sc0000001_113595 finished
creating pdf for Pocillopora_meandrina_HIv1___Sc0000001_113627 finished
creating pdf for Pocillopora_meandrina_HIv1___Sc0000002_184724 finished
creating pdf for Pocillopora_meandrina_HIv1___Sc0000008_416340 finished
creating pdf for Pocillopora_meandrina_HIv1___Sc0000019_688581 finished
creating pdf for Pocillopora_meandrina_HIv1___Sc0000033_895148 finished
creating pdf for Pocillopora_meandrina_HIv1___Sc0000014_570804 finished
creating pdf for Pocillopora_meandrina_HIv1___Sc0000000_24084 finished
creating pdf for Pocillopora_meandrina_HIv1___Sc0000033_892145 finished
creating pdf for Pocillopora_meandrina_HIv1___Sc0000008_394550 finished
creating pdf for Pocillopora_meandrina_HIv1___Sc0000000_13832 finished
creating pdf for Pocillopora_meandrina_HIv1___Sc0000003_190173 finished
creating pdf for Pocillopora_meandrina_HIv1___Sc0000018_669169 finished
creating pdf for Pocillopora_meandrina_HIv1___Sc0000019_705268 finished
creating pdf for Pocillopora_meandrina_HIv1___Sc0000005_286970 finished
creating pdf for Pocillopora_meandrina_HIv1___Sc0000010_456429 finished
creating pdf for Pocillopora_meandrina_HIv1___Sc0000018_668504 finished
creating pdf for Pocillopora_meandrina_HIv1___Sc0000006_340311 finished
creating pdf for Pocillopora_meandrina_HIv1___Sc0000017_649507 finished
creating pdf for Pocillopora_meandrina_HIv1___Sc0000002_178665 finished
creating pdf for Pocillopora_meandrina_HIv1___Sc0000018_668664 finished
creating pdf for Pocillopora_meandrina_HIv1___Sc0000015_593282 finished
creating pdf for Pocillopora_meandrina_HIv1___Sc0000015_593286 finished
creating pdf for Pocillopora_meandrina_HIv1___Sc0000001_92638 finished
creating pdf for Pocillopora_meandrina_HIv1___Sc0000015_593279 finished
creating pdf for Pocillopora_meandrina_HIv1___Sc0000005_306025 finished
creating pdf for Pocillopora_meandrina_HIv1___Sc0000002_158831 finished
creating pdf for Pocillopora_meandrina_HIv1___Sc0000002_179797 finished
creating pdf for Pocillopora_meandrina_HIv1___Sc0000008_400627 finished
creating pdf for Pocillopora_meandrina_HIv1___Sc0000039_943348 finished
creating pdf for Pocillopora_meandrina_HIv1___Sc0000010_468773 finished
creating pdf for Pocillopora_meandrina_HIv1___Sc0000002_184719 finished
creating pdf for Pocillopora_meandrina_HIv1___Sc0000000_15779 finished
creating pdf for Pocillopora_meandrina_HIv1___Sc0000003_190369 finished
creating pdf for Pocillopora_meandrina_HIv1___Sc0000001_104190 finished
creating pdf for Pocillopora_meandrina_HIv1___Sc0000013_541447 finished
creating pdf for Pocillopora_meandrina_HIv1___Sc0000001_67847 finished
creating pdf for Pocillopora_meandrina_HIv1___Sc0000008_414140 finished
creating pdf for Pocillopora_meandrina_HIv1___Sc0000014_558690 finished
creating pdf for Pocillopora_meandrina_HIv1___Sc0000006_349232 finished
creating pdf for Pocillopora_meandrina_HIv1___Sc0000008_397436 finished
creating pdf for Pocillopora_meandrina_HIv1___Sc0000002_154183 finished
creating pdf for Pocillopora_meandrina_HIv1___Sc0000002_156343 finished
creating pdf for Pocillopora_meandrina_HIv1___Sc0000045_974961 finished
creating pdf for Pocillopora_meandrina_HIv1___Sc0000033_891464 finished
creating pdf for Pocillopora_meandrina_HIv1___Sc0000006_356140 finished
creating pdf for Pocillopora_meandrina_HIv1___Sc0000000_5496 finished
creating pdf for Pocillopora_meandrina_HIv1___Sc0000013_539813 finished
creating pdf for Pocillopora_meandrina_HIv1___Sc0000015_593277 finished
creating pdf for Pocillopora_meandrina_HIv1___Sc0000002_171842 finished
creating pdf for Pocillopora_meandrina_HIv1___Sc0000015_593274 finished
creating pdf for Pocillopora_meandrina_HIv1___Sc0000003_214460 finished
creating pdf for Pocillopora_meandrina_HIv1___Sc0000013_550574 finished
creating pdf for Pocillopora_meandrina_HIv1___Sc0000007_372691 finished
creating pdf for Pocillopora_meandrina_HIv1___Sc0000021_733111 finished
creating pdf for Pocillopora_meandrina_HIv1___Sc0000001_74227 finished
creating pdf for Pocillopora_meandrina_HIv1___Sc0000008_401195 finished
creating pdf for Pocillopora_meandrina_HIv1___Sc0000016_620695 finished
creating pdf for Pocillopora_meandrina_HIv1___Sc0000002_139512 finished
creating pdf for Pocillopora_meandrina_HIv1___Sc0000035_907119 finished
creating pdf for Pocillopora_meandrina_HIv1___Sc0000011_483030 finished
creating pdf for Pocillopora_meandrina_HIv1___Sc0000002_148800 finished
creating pdf for Pocillopora_meandrina_HIv1___Sc0000001_80639 finished
creating pdf for Pocillopora_meandrina_HIv1___Sc0000001_87549 finished
creating pdf for Pocillopora_meandrina_HIv1___Sc0000041_956736 finished
creating pdf for Pocillopora_meandrina_HIv1___Sc0000006_333437 finished
creating pdf for Pocillopora_meandrina_HIv1___Sc0000000_14465 finished
creating pdf for Pocillopora_meandrina_HIv1___Sc0000004_253479 finished
creating pdf for Pocillopora_meandrina_HIv1___Sc0000013_537173 finished
creating pdf for Pocillopora_meandrina_HIv1___Sc0000003_234756 finished
creating pdf for Pocillopora_meandrina_HIv1___Sc0000024_770542 finished
creating pdf for Pocillopora_meandrina_HIv1___Sc0000022_748697 finished
creating pdf for Pocillopora_meandrina_HIv1___Sc0000011_494093 finished
creating pdf for Pocillopora_meandrina_HIv1___Sc0000018_680100 finished
creating pdf for Pocillopora_meandrina_HIv1___Sc0000006_350345 finished
creating pdf for Pocillopora_meandrina_HIv1___Sc0000010_460621 finished
creating pdf for Pocillopora_meandrina_HIv1___Sc0000016_623281 finished
creating pdf for Pocillopora_meandrina_HIv1___Sc0000005_286479 finished
creating pdf for Pocillopora_meandrina_HIv1___Sc0000013_553844 finished
creating pdf for Pocillopora_meandrina_HIv1___Sc0000034_903833 finished
creating pdf for Pocillopora_meandrina_HIv1___Sc0000007_360210 finished
creating pdf for Pocillopora_meandrina_HIv1___Sc0000002_148883 finished
creating pdf for Pocillopora_meandrina_HIv1___Sc0000019_689004 finished
creating pdf for Pocillopora_meandrina_HIv1___Sc0000001_73805 finished
creating pdf for Pocillopora_meandrina_HIv1___Sc0000010_456300 finished
creating pdf for Pocillopora_meandrina_HIv1___Sc0000015_609559 finished
creating pdf for Pocillopora_meandrina_HIv1___Sc0000000_41057 finished
creating pdf for Pocillopora_meandrina_HIv1___Sc0000001_86258 finished
creating pdf for Pocillopora_meandrina_HIv1___Sc0000018_670960 finished
creating pdf for Pocillopora_meandrina_HIv1___Sc0000002_187450 finished
creating pdf for Pocillopora_meandrina_HIv1___Sc0000011_499965 finished
creating pdf for Pocillopora_meandrina_HIv1___Sc0000014_564672 finished
creating pdf for Pocillopora_meandrina_HIv1___Sc0000030_859989 finished
creating pdf for Pocillopora_meandrina_HIv1___Sc0000019_706313 finished
creating pdf for Pocillopora_meandrina_HIv1___Sc0000015_594492 finished
creating pdf for Pocillopora_meandrina_HIv1___Sc0000007_375788 finished
creating pdf for Pocillopora_meandrina_HIv1___Sc0000015_594457 finished
creating pdf for Pocillopora_meandrina_HIv1___Sc0000007_374356 finished
creating pdf for Pocillopora_meandrina_HIv1___Sc0000016_620705 finished
creating pdf for Pocillopora_meandrina_HIv1___Sc0000034_898278 finished
creating pdf for Pocillopora_meandrina_HIv1___Sc0000013_535060 finished
creating pdf for Pocillopora_meandrina_HIv1___Sc0000001_125099 finished
creating pdf for Pocillopora_meandrina_HIv1___Sc0000022_749847 finished
creating pdf for Pocillopora_meandrina_HIv1___Sc0000004_249269 finished
creating pdf for Pocillopora_meandrina_HIv1___Sc0000016_619191 finished
creating pdf for Pocillopora_meandrina_HIv1___Sc0000002_186979 finished
creating pdf for Pocillopora_meandrina_HIv1___Sc0000008_398599 finished
creating pdf for Pocillopora_meandrina_HIv1___Sc0000014_555454 finished
creating pdf for Pocillopora_meandrina_HIv1___Sc0000010_470230 finished
creating pdf for Pocillopora_meandrina_HIv1___Sc0000003_232752 finished
creating pdf for Pocillopora_meandrina_HIv1___Sc0000007_374746 finished
creating pdf for Pocillopora_meandrina_HIv1___Sc0000000_34562 finished
creating pdf for Pocillopora_meandrina_HIv1___Sc0000019_701850 finished
creating pdf for Pocillopora_meandrina_HIv1___Sc0000023_759062 finished
creating pdf for Pocillopora_meandrina_HIv1___Sc0000000_21787 finished
creating pdf for Pocillopora_meandrina_HIv1___Sc0000071_979841 finished
creating pdf for Pocillopora_meandrina_HIv1___Sc0000042_961629 finished
creating pdf for Pocillopora_meandrina_HIv1___Sc0000000_42818 finished
creating pdf for Pocillopora_meandrina_HIv1___Sc0000006_356158 finished
creating pdf for Pocillopora_meandrina_HIv1___Sc0000002_142496 finished
creating pdf for Pocillopora_meandrina_HIv1___Sc0000010_469798 finished
creating pdf for Pocillopora_meandrina_HIv1___Sc0000002_136101 finished
creating pdf for Pocillopora_meandrina_HIv1___Sc0000005_288536 finished
creating pdf for Pocillopora_meandrina_HIv1___Sc0000023_759623 finished
creating pdf for Pocillopora_meandrina_HIv1___Sc0000000_48572 finished
creating pdf for Pocillopora_meandrina_HIv1___Sc0000009_439231 finished
creating pdf for Pocillopora_meandrina_HIv1___Sc0000013_553197 finished
creating pdf for Pocillopora_meandrina_HIv1___Sc0000012_527217 finished
creating pdf for Pocillopora_meandrina_HIv1___Sc0000030_853295 finished
creating pdf for Pocillopora_meandrina_HIv1___Sc0000035_906730 finished
creating pdf for Pocillopora_meandrina_HIv1___Sc0000016_623420 finished
creating pdf for Pocillopora_meandrina_HIv1___Sc0000025_785598 finished
creating pdf for Pocillopora_meandrina_HIv1___Sc0000002_160633 finished
creating pdf for Pocillopora_meandrina_HIv1___Sc0000015_587161 finished
creating pdf for Pocillopora_meandrina_HIv1___Sc0000005_284579 finished
creating pdf for Pocillopora_meandrina_HIv1___Sc0000015_600794 finished
creating pdf for Pocillopora_meandrina_HIv1___Sc0000029_841432 finished
creating pdf for Pocillopora_meandrina_HIv1___Sc0000003_214357 finished
creating pdf for Pocillopora_meandrina_HIv1___Sc0000001_70389 finished
creating pdf for Pocillopora_meandrina_HIv1___Sc0000003_198374 finished
creating pdf for Pocillopora_meandrina_HIv1___Sc0000000_26505 finished
creating pdf for Pocillopora_meandrina_HIv1___Sc0000013_550622 finished
creating pdf for Pocillopora_meandrina_HIv1___Sc0000020_723291 finished
creating pdf for Pocillopora_meandrina_HIv1___Sc0000004_248151 finished
creating pdf for Pocillopora_meandrina_HIv1___Sc0000003_215190 finished
creating pdf for Pocillopora_meandrina_HIv1___Sc0000028_828074 finished
creating pdf for Pocillopora_meandrina_HIv1___Sc0000005_282102 finished
creating pdf for Pocillopora_meandrina_HIv1___Sc0000018_682506 finished
creating pdf for Pocillopora_meandrina_HIv1___Sc0000066_979507 finished
creating pdf for Pocillopora_meandrina_HIv1___Sc0000034_904185 finished
creating pdf for Pocillopora_meandrina_HIv1___Sc0000021_727753 finished
creating pdf for Pocillopora_meandrina_HIv1___Sc0000035_909184 finished
creating pdf for Pocillopora_meandrina_HIv1___Sc0000031_875073 finished
creating pdf for Pocillopora_meandrina_HIv1___Sc0000000_32109 finished
creating pdf for Pocillopora_meandrina_HIv1___Sc0000032_879562 finished
creating pdf for Pocillopora_meandrina_HIv1___Sc0000014_557863 finished
creating pdf for Pocillopora_meandrina_HIv1___Sc0000003_216579 finished
creating pdf for Pocillopora_meandrina_HIv1___Sc0000005_306484 finished
creating pdf for Pocillopora_meandrina_HIv1___Sc0000011_487876 finished
creating pdf for Pocillopora_meandrina_HIv1___Sc0000011_478873 finished
creating pdf for Pocillopora_meandrina_HIv1___Sc0000044_968728 finished
creating pdf for Pocillopora_meandrina_HIv1___Sc0000003_192441 finished
creating pdf for Pocillopora_meandrina_HIv1___Sc0000009_437431 finished
creating pdf for Pocillopora_meandrina_HIv1___Sc0000010_454421 finished
creating pdf for Pocillopora_meandrina_HIv1___Sc0000018_684325 finished
creating pdf for Pocillopora_meandrina_HIv1___Sc0000020_719429 finished
creating pdf for Pocillopora_meandrina_HIv1___Sc0000007_382264 finished
creating pdf for Pocillopora_meandrina_HIv1___Sc0000017_641779 finished
creating pdf for Pocillopora_meandrina_HIv1___Sc0000031_876599 finished
creating pdf for Pocillopora_meandrina_HIv1___Sc0000044_970370 finished
creating pdf for Pocillopora_meandrina_HIv1___Sc0000022_748892 finished
creating pdf for Pocillopora_meandrina_HIv1___Sc0000001_121264 finished
creating pdf for Pocillopora_meandrina_HIv1___Sc0000019_699913 finished
creating pdf for Pocillopora_meandrina_HIv1___Sc0000022_755637 finished
creating pdf for Pocillopora_meandrina_HIv1___Sc0000019_688587 finished
creating pdf for Pocillopora_meandrina_HIv1___Sc0000006_311829 finished
creating pdf for Pocillopora_meandrina_HIv1___Sc0000036_919526 finished
creating pdf for Pocillopora_meandrina_HIv1___Sc0000007_384472 finished
creating pdf for Pocillopora_meandrina_HIv1___Sc0000000_15719 finished
creating pdf for Pocillopora_meandrina_HIv1___Sc0000007_382579 finished
creating pdf for Pocillopora_meandrina_HIv1___Sc0000002_180523 finished
creating pdf for Pocillopora_meandrina_HIv1___Sc0000001_114533 finished
creating pdf for Pocillopora_meandrina_HIv1___Sc0000014_575110 finished
creating pdf for Pocillopora_meandrina_HIv1___Sc0000006_341817 finished
creating pdf for Pocillopora_meandrina_HIv1___Sc0000033_892307 finished
creating pdf for Pocillopora_meandrina_HIv1___Sc0000007_359182 finished
creating pdf for Pocillopora_meandrina_HIv1___Sc0000009_437008 finished
creating pdf for Pocillopora_meandrina_HIv1___Sc0000018_674794 finished
creating pdf for Pocillopora_meandrina_HIv1___Sc0000008_419876 finished
creating pdf for Pocillopora_meandrina_HIv1___Sc0000003_202350 finished
creating pdf for Pocillopora_meandrina_HIv1___Sc0000005_282887 finished
creating pdf for Pocillopora_meandrina_HIv1___Sc0000000_54565 finished
creating pdf for Pocillopora_meandrina_HIv1___Sc0000018_675586 finished
creating pdf for Pocillopora_meandrina_HIv1___Sc0000008_394620 finished
creating pdf for Pocillopora_meandrina_HIv1___Sc0000005_282725 finished
creating pdf for Pocillopora_meandrina_HIv1___Sc0000002_163438 finished
creating pdf for Pocillopora_meandrina_HIv1___Sc0000005_282803 finished
creating pdf for Pocillopora_meandrina_HIv1___Sc0000021_734176 finished
creating pdf for Pocillopora_meandrina_HIv1___Sc0000005_282643 finished
creating pdf for Pocillopora_meandrina_HIv1___Sc0000014_571501 finished
creating pdf for Pocillopora_meandrina_HIv1___Sc0000000_34275 finished
creating pdf for Pocillopora_meandrina_HIv1___Sc0000019_699499 finished
creating pdf for Pocillopora_meandrina_HIv1___Sc0000014_569153 finished
creating pdf for Pocillopora_meandrina_HIv1___Sc0000005_303290 finished
creating pdf for Pocillopora_meandrina_HIv1___Sc0000000_20147 finished
creating pdf for Pocillopora_meandrina_HIv1___Sc0000000_58881 finished
creating pdf for Pocillopora_meandrina_HIv1___Sc0000004_258795 finished
creating pdf for Pocillopora_meandrina_HIv1___Sc0000014_569041 finished
creating pdf for Pocillopora_meandrina_HIv1___Sc0000038_934877 finished
creating pdf for Pocillopora_meandrina_HIv1___Sc0000030_856433 finished
creating pdf for Pocillopora_meandrina_HIv1___Sc0000028_830658 finished
creating pdf for Pocillopora_meandrina_HIv1___Sc0000001_83041 finished
creating pdf for Pocillopora_meandrina_HIv1___Sc0000038_935159 finished
creating pdf for Pocillopora_meandrina_HIv1___Sc0000004_257977 finished
creating pdf for Pocillopora_meandrina_HIv1___Sc0000002_156727 finished
creating pdf for Pocillopora_meandrina_HIv1___Sc0000007_365352 finished
creating pdf for Pocillopora_meandrina_HIv1___Sc0000004_259839 finished
creating pdf for Pocillopora_meandrina_HIv1___Sc0000004_267666 finished
creating pdf for Pocillopora_meandrina_HIv1___Sc0000003_210738 finished
creating pdf for Pocillopora_meandrina_HIv1___Sc0000011_486504 finished
creating pdf for Pocillopora_meandrina_HIv1___Sc0000016_632187 finished
creating pdf for Pocillopora_meandrina_HIv1___Sc0000005_291802 finished
creating pdf for Pocillopora_meandrina_HIv1___Sc0000021_741745 finished
creating pdf for Pocillopora_meandrina_HIv1___Sc0000017_642613 finished
creating pdf for Pocillopora_meandrina_HIv1___Sc0000014_556022 finished
creating pdf for Pocillopora_meandrina_HIv1___Sc0000045_974181 finished
creating pdf for Pocillopora_meandrina_HIv1___Sc0000017_641207 finished
creating pdf for Pocillopora_meandrina_HIv1___Sc0000029_849430 finished
creating pdf for Pocillopora_meandrina_HIv1___Sc0000001_90046 finished
creating pdf for Pocillopora_meandrina_HIv1___Sc0000022_755594 finished
creating pdf for Pocillopora_meandrina_HIv1___Sc0000009_427195 finished
creating pdf for Pocillopora_meandrina_HIv1___Sc0000006_339349 finished
creating pdf for Pocillopora_meandrina_HIv1___Sc0000002_149528 finished
creating pdf for Pocillopora_meandrina_HIv1___Sc0000006_346569 finished
creating pdf for Pocillopora_meandrina_HIv1___Sc0000007_379410 finished
creating pdf for Pocillopora_meandrina_HIv1___Sc0000014_556254 finished
creating pdf for Pocillopora_meandrina_HIv1___Sc0000024_769972 finished
creating pdf for Pocillopora_meandrina_HIv1___Sc0000020_722817 finished
creating pdf for Pocillopora_meandrina_HIv1___Sc0000006_311273 finished
creating pdf for Pocillopora_meandrina_HIv1___Sc0000024_771594 finished
creating pdf for Pocillopora_meandrina_HIv1___Sc0000005_303826 finished
creating pdf for Pocillopora_meandrina_HIv1___Sc0000010_450833 finished
creating pdf for Pocillopora_meandrina_HIv1___Sc0000012_529706 finished
creating pdf for Pocillopora_meandrina_HIv1___Sc0000016_635370 finished
creating pdf for Pocillopora_meandrina_HIv1___Sc0000006_311879 finished
creating pdf for Pocillopora_meandrina_HIv1___Sc0000038_935160 finished
creating pdf for Pocillopora_meandrina_HIv1___Sc0000024_773634 finished
creating pdf for Pocillopora_meandrina_HIv1___Sc0000001_71695 finished
creating pdf for Pocillopora_meandrina_HIv1___Sc0000008_413462 finished
creating pdf for Pocillopora_meandrina_HIv1___Sc0000011_494567 finished
creating pdf for Pocillopora_meandrina_HIv1___Sc0000020_717366 finished
creating pdf for Pocillopora_meandrina_HIv1___Sc0000018_685582 finished
creating pdf for Pocillopora_meandrina_HIv1___Sc0000003_206158 finished
creating pdf for Pocillopora_meandrina_HIv1___Sc0000004_265312 finished
creating pdf for Pocillopora_meandrina_HIv1___Sc0000000_46878 finished
creating pdf for Pocillopora_meandrina_HIv1___Sc0000004_261503 finished
creating pdf for Pocillopora_meandrina_HIv1___Sc0000002_133989 finished
creating pdf for Pocillopora_meandrina_HIv1___Sc0000016_621672 finished
creating pdf for Pocillopora_meandrina_HIv1___Sc0000006_315128 finished
creating pdf for Pocillopora_meandrina_HIv1___Sc0000016_612918 finished
creating pdf for Pocillopora_meandrina_HIv1___Sc0000011_489092 finished
creating pdf for Pocillopora_meandrina_HIv1___Sc0000000_441 finished
creating pdf for Pocillopora_meandrina_HIv1___Sc0000017_641596 finished
creating pdf for Pocillopora_meandrina_HIv1___Sc0000022_747530 finished
creating pdf for Pocillopora_meandrina_HIv1___Sc0000001_76931 finished
creating pdf for Pocillopora_meandrina_HIv1___Sc0000017_644785 finished
creating pdf for Pocillopora_meandrina_HIv1___Sc0000000_59992 finished
creating pdf for Pocillopora_meandrina_HIv1___Sc0000018_668248 finished
creating pdf for Pocillopora_meandrina_HIv1___Sc0000027_814217 finished
creating pdf for Pocillopora_meandrina_HIv1___Sc0000022_744026 finished
creating pdf for Pocillopora_meandrina_HIv1___Sc0000021_726457 finished
creating pdf for Pocillopora_meandrina_HIv1___Sc0000007_381736 finished
creating pdf for Pocillopora_meandrina_HIv1___Sc0000045_974959 finished
creating pdf for Pocillopora_meandrina_HIv1___Sc0000001_121117 finished
creating pdf for Pocillopora_meandrina_HIv1___Sc0000005_309787 finished
creating pdf for Pocillopora_meandrina_HIv1___Sc0000006_311605 finished
creating pdf for Pocillopora_meandrina_HIv1___Sc0000002_156559 finished
creating pdf for Pocillopora_meandrina_HIv1___Sc0000029_841496 finished
creating pdf for Pocillopora_meandrina_HIv1___Sc0000007_367653 finished
creating pdf for Pocillopora_meandrina_HIv1___Sc0000005_289724 finished
creating pdf for Pocillopora_meandrina_HIv1___Sc0000022_748302 finished
creating pdf for Pocillopora_meandrina_HIv1___Sc0000007_382004 finished
creating pdf for Pocillopora_meandrina_HIv1___Sc0000003_215942 finished
creating pdf for Pocillopora_meandrina_HIv1___Sc0000014_563762 finished
creating pdf for Pocillopora_meandrina_HIv1___Sc0000002_156455 finished
creating pdf for Pocillopora_meandrina_HIv1___Sc0000014_575293 finished
creating pdf for Pocillopora_meandrina_HIv1___Sc0000014_563757 finished
creating pdf for Pocillopora_meandrina_HIv1___Sc0000000_24086 finished
creating pdf for Pocillopora_meandrina_HIv1___Sc0000003_195739 finished
creating pdf for Pocillopora_meandrina_HIv1___Sc0000008_413428 finished
creating pdf for Pocillopora_meandrina_HIv1___Sc0000018_684700 finished
creating pdf for Pocillopora_meandrina_HIv1___Sc0000031_877305 finished
creating pdf for Pocillopora_meandrina_HIv1___Sc0000016_619293 finished
creating pdf for Pocillopora_meandrina_HIv1___Sc0000001_89591 finished
creating pdf for Pocillopora_meandrina_HIv1___Sc0000003_205298 finished
creating pdf for Pocillopora_meandrina_HIv1___Sc0000002_186878 finished
creating pdf for Pocillopora_meandrina_HIv1___Sc0000033_891463 finished
creating pdf for Pocillopora_meandrina_HIv1___Sc0000002_135259 finished
creating pdf for Pocillopora_meandrina_HIv1___Sc0000004_255860 finished
creating pdf for Pocillopora_meandrina_HIv1___Sc0000029_844153 finished
creating pdf for Pocillopora_meandrina_HIv1___Sc0000023_767501 finished
creating pdf for Pocillopora_meandrina_HIv1___Sc0000000_7869 finished
creating pdf for Pocillopora_meandrina_HIv1___Sc0000037_925439 finished
creating pdf for Pocillopora_meandrina_HIv1___Sc0000045_974185 finished
creating pdf for Pocillopora_meandrina_HIv1___Sc0000013_545565 finished
creating pdf for Pocillopora_meandrina_HIv1___Sc0000012_515931 finished
creating pdf for Pocillopora_meandrina_HIv1___Sc0000002_155432 finished
creating pdf for Pocillopora_meandrina_HIv1___Sc0000008_404005 finished
creating pdf for Pocillopora_meandrina_HIv1___Sc0000003_240528 finished
creating pdf for Pocillopora_meandrina_HIv1___Sc0000015_593290 finished
creating pdf for Pocillopora_meandrina_HIv1___Sc0000002_186454 finished
creating pdf for Pocillopora_meandrina_HIv1___Sc0000010_468765 finished
creating pdf for Pocillopora_meandrina_HIv1___Sc0000038_932795 finished
creating pdf for Pocillopora_meandrina_HIv1___Sc0000010_468769 finished
creating pdf for Pocillopora_meandrina_HIv1___Sc0000011_494091 finished
creating pdf for Pocillopora_meandrina_HIv1___Sc0000020_718728 finished
creating pdf for Pocillopora_meandrina_HIv1___Sc0000025_785779 finished
creating pdf for Pocillopora_meandrina_HIv1___Sc0000000_5169 finished
creating pdf for Pocillopora_meandrina_HIv1___Sc0000021_725675 finished
creating pdf for Pocillopora_meandrina_HIv1___Sc0000011_486470 finished
creating pdf for Pocillopora_meandrina_HIv1___Sc0000038_931647 finished
creating pdf for Pocillopora_meandrina_HIv1___Sc0000001_65693 finished
creating pdf for Pocillopora_meandrina_HIv1___Sc0000019_693991 finished
creating pdf for Pocillopora_meandrina_HIv1___Sc0000001_103547 finished
creating pdf for Pocillopora_meandrina_HIv1___Sc0000025_778165 finished
creating pdf for Pocillopora_meandrina_HIv1___Sc0000032_883039 finished
creating pdf for Pocillopora_meandrina_HIv1___Sc0000026_804680 finished
creating pdf for Pocillopora_meandrina_HIv1___Sc0000021_739830 finished
creating pdf for Pocillopora_meandrina_HIv1___Sc0000001_114449 finished
creating pdf for Pocillopora_meandrina_HIv1___Sc0000029_849476 finished
creating pdf for Pocillopora_meandrina_HIv1___Sc0000029_849380 finished
creating pdf for Pocillopora_meandrina_HIv1___Sc0000012_534606 finished
creating pdf for Pocillopora_meandrina_HIv1___Sc0000022_748695 finished
creating pdf for Pocillopora_meandrina_HIv1___Sc0000029_849280 finished
creating pdf for Pocillopora_meandrina_HIv1___Sc0000026_791989 finished
creating pdf for Pocillopora_meandrina_HIv1___Sc0000010_445176 finished
creating pdf for Pocillopora_meandrina_HIv1___Sc0000044_968750 finished
creating pdf for Pocillopora_meandrina_HIv1___Sc0000003_222600 finished
creating pdf for Pocillopora_meandrina_HIv1___Sc0000023_757362 finished
creating pdf for Pocillopora_meandrina_HIv1___Sc0000002_130272 finished
creating pdf for Pocillopora_meandrina_HIv1___Sc0000027_818449 finished
creating pdf for Pocillopora_meandrina_HIv1___Sc0000027_812479 finished
creating pdf for Pocillopora_meandrina_HIv1___Sc0000016_615931 finished
creating pdf for Pocillopora_meandrina_HIv1___xfSc0000002_982263 finished
creating pdf for Pocillopora_meandrina_HIv1___Sc0000069_979698 finished
creating pdf for Pocillopora_meandrina_HIv1___Sc0000025_782791 finished
creating pdf for Pocillopora_meandrina_HIv1___Sc0000005_305522 finished
creating pdf for Pocillopora_meandrina_HIv1___Sc0000010_454181 finished
creating pdf for Pocillopora_meandrina_HIv1___Sc0000021_742990 finished
creating pdf for Pocillopora_meandrina_HIv1___Sc0000009_429766 finished
creating pdf for Pocillopora_meandrina_HIv1___Sc0000016_618593 finished
creating pdf for Pocillopora_meandrina_HIv1___Sc0000015_602027 finished
creating pdf for Pocillopora_meandrina_HIv1___Sc0000011_479746 finished
creating pdf for Pocillopora_meandrina_HIv1___Sc0000023_765176 finished
creating pdf for Pocillopora_meandrina_HIv1___Sc0000042_963854 finished
creating pdf for Pocillopora_meandrina_HIv1___Sc0000016_620698 finished
creating pdf for Pocillopora_meandrina_HIv1___Sc0000017_646740 finished
creating pdf for Pocillopora_meandrina_HIv1___Sc0000008_404271 finished
creating pdf for Pocillopora_meandrina_HIv1___Sc0000034_905095 finished
creating pdf for Pocillopora_meandrina_HIv1___Sc0000026_793118 finished
creating pdf for Pocillopora_meandrina_HIv1___Sc0000002_141356 finished
creating pdf for Pocillopora_meandrina_HIv1___Sc0000020_716817 finished
creating pdf for Pocillopora_meandrina_HIv1___Sc0000002_140765 finished
creating pdf for Pocillopora_meandrina_HIv1___Sc0000003_223074 finished
creating pdf for Pocillopora_meandrina_HIv1___Sc0000003_202949 finished
creating pdf for Pocillopora_meandrina_HIv1___Sc0000000_22141 finished
creating pdf for Pocillopora_meandrina_HIv1___Sc0000000_22509 finished
creating pdf for Pocillopora_meandrina_HIv1___Sc0000000_21949 finished
creating pdf for Pocillopora_meandrina_HIv1___Sc0000001_120993 finished
creating pdf for Pocillopora_meandrina_HIv1___Sc0000000_22091 finished
creating pdf for Pocillopora_meandrina_HIv1___Sc0000000_22459 finished
creating pdf for Pocillopora_meandrina_HIv1___Sc0000015_606777 finished
creating pdf for Pocillopora_meandrina_HIv1___Sc0000005_290451 finished
creating pdf for Pocillopora_meandrina_HIv1___Sc0000000_22169 finished
creating pdf for Pocillopora_meandrina_HIv1___Sc0000020_723261 finished
creating pdf for Pocillopora_meandrina_HIv1___Sc0000001_110965 finished
creating pdf for Pocillopora_meandrina_HIv1___Sc0000008_410773 finished
creating pdf for Pocillopora_meandrina_HIv1___Sc0000007_387701 finished
creating pdf for Pocillopora_meandrina_HIv1___Sc0000032_889461 finished
creating pdf for Pocillopora_meandrina_HIv1___Sc0000035_907624 finished
creating pdf for Pocillopora_meandrina_HIv1___Sc0000004_266588 finished
creating pdf for Pocillopora_meandrina_HIv1___Sc0000004_271094 finished
creating pdf for Pocillopora_meandrina_HIv1___Sc0000007_389672 finished
creating pdf for Pocillopora_meandrina_HIv1___Sc0000010_445024 finished
creating pdf for Pocillopora_meandrina_HIv1___Sc0000028_835878 finished
creating pdf for Pocillopora_meandrina_HIv1___Sc0000018_677916 finished
creating pdf for Pocillopora_meandrina_HIv1___Sc0000018_667466 finished
creating pdf for Pocillopora_meandrina_HIv1___Sc0000001_128138 finished
creating pdf for Pocillopora_meandrina_HIv1___Sc0000001_86025 finished
creating pdf for Pocillopora_meandrina_HIv1___Sc0000013_536735 finished
creating pdf for Pocillopora_meandrina_HIv1___Sc0000014_581841 finished
creating pdf for Pocillopora_meandrina_HIv1___Sc0000026_799257 finished
creating pdf for Pocillopora_meandrina_HIv1___Sc0000000_25962 finished
creating pdf for Pocillopora_meandrina_HIv1___Sc0000014_571207 finished
creating pdf for Pocillopora_meandrina_HIv1___Sc0000013_535001 finished
creating pdf for Pocillopora_meandrina_HIv1___Sc0000024_771735 finished
creating pdf for Pocillopora_meandrina_HIv1___Sc0000008_399822 finished
creating pdf for Pocillopora_meandrina_HIv1___Sc0000025_778079 finished
creating pdf for Pocillopora_meandrina_HIv1___Sc0000031_867705 finished
creating pdf for Pocillopora_meandrina_HIv1___Sc0000000_20853 finished
creating pdf for Pocillopora_meandrina_HIv1___Sc0000014_563788 finished
creating pdf for Pocillopora_meandrina_HIv1___Sc0000002_163307 finished
creating pdf for Pocillopora_meandrina_HIv1___Sc0000010_444888 finished
creating pdf for Pocillopora_meandrina_HIv1___Sc0000005_284349 finished
creating pdf for Pocillopora_meandrina_HIv1___Sc0000006_322756 finished
creating pdf for Pocillopora_meandrina_HIv1___Sc0000029_847708 finished
creating pdf for Pocillopora_meandrina_HIv1___Sc0000044_968730 finished
creating pdf for Pocillopora_meandrina_HIv1___Sc0000011_495256 finished
creating pdf for Pocillopora_meandrina_HIv1___Sc0000025_788127 finished
creating pdf for Pocillopora_meandrina_HIv1___Sc0000005_283978 finished
creating pdf for Pocillopora_meandrina_HIv1___Sc0000016_615100 finished
creating pdf for Pocillopora_meandrina_HIv1___Sc0000031_875798 finished
creating pdf for Pocillopora_meandrina_HIv1___Sc0000006_350889 finished
creating pdf for Pocillopora_meandrina_HIv1___Sc0000002_139398 finished
creating pdf for Pocillopora_meandrina_HIv1___Sc0000001_121059 finished
creating pdf for Pocillopora_meandrina_HIv1___Sc0000003_208506 finished
creating pdf for Pocillopora_meandrina_HIv1___Sc0000016_635859 finished
creating pdf for Pocillopora_meandrina_HIv1___Sc0000015_600889 finished
creating pdf for Pocillopora_meandrina_HIv1___Sc0000028_827023 finished
creating pdf for Pocillopora_meandrina_HIv1___Sc0000000_52368 finished
creating pdf for Pocillopora_meandrina_HIv1___Sc0000041_958359 finished
creating pdf for Pocillopora_meandrina_HIv1___Sc0000001_74050 finished
creating pdf for Pocillopora_meandrina_HIv1___Sc0000001_87192 finished
creating pdf for Pocillopora_meandrina_HIv1___Sc0000038_938520 finished
creating pdf for Pocillopora_meandrina_HIv1___Sc0000013_551522 finished
creating pdf for Pocillopora_meandrina_HIv1___Sc0000044_972190 finished
creating pdf for Pocillopora_meandrina_HIv1___Sc0000019_692711 finished
creating pdf for Pocillopora_meandrina_HIv1___Sc0000000_59936 finished
creating pdf for Pocillopora_meandrina_HIv1___Sc0000028_826931 finished
creating pdf for Pocillopora_meandrina_HIv1___Sc0000006_348242 finished
creating pdf for Pocillopora_meandrina_HIv1___Sc0000012_534213 finished
creating pdf for Pocillopora_meandrina_HIv1___Sc0000033_892141 finished
creating pdf for Pocillopora_meandrina_HIv1___Sc0000003_196750 finished
creating pdf for Pocillopora_meandrina_HIv1___Sc0000007_361038 finished
creating pdf for Pocillopora_meandrina_HIv1___Sc0000003_203322 finished
creating pdf for Pocillopora_meandrina_HIv1___Sc0000027_814958 finished
creating pdf for Pocillopora_meandrina_HIv1___Sc0000027_819495 finished
creating pdf for Pocillopora_meandrina_HIv1___Sc0000003_196521 finished
creating pdf for Pocillopora_meandrina_HIv1___Sc0000002_141244 finished
creating pdf for Pocillopora_meandrina_HIv1___Sc0000003_196595 finished
creating pdf for Pocillopora_meandrina_HIv1___Sc0000008_409992 finished
creating pdf for Pocillopora_meandrina_HIv1___Sc0000020_709424 finished
creating pdf for Pocillopora_meandrina_HIv1___Sc0000013_539732 finished
creating pdf for Pocillopora_meandrina_HIv1___Sc0000012_510406 finished
creating pdf for Pocillopora_meandrina_HIv1___Sc0000015_587184 finished
creating pdf for Pocillopora_meandrina_HIv1___Sc0000014_560363 finished
creating pdf for Pocillopora_meandrina_HIv1___Sc0000026_795010 finished
creating pdf for Pocillopora_meandrina_HIv1___Sc0000029_841387 finished
creating pdf for Pocillopora_meandrina_HIv1___Sc0000016_615932 finished
creating pdf for Pocillopora_meandrina_HIv1___Sc0000012_518371 finished
creating pdf for Pocillopora_meandrina_HIv1___Sc0000006_336807 finished
creating pdf for Pocillopora_meandrina_HIv1___Sc0000024_775093 finished
creating pdf for Pocillopora_meandrina_HIv1___Sc0000007_363881 finished
creating pdf for Pocillopora_meandrina_HIv1___Sc0000025_785412 finished
creating pdf for Pocillopora_meandrina_HIv1___Sc0000022_747819 finished
creating pdf for Pocillopora_meandrina_HIv1___Sc0000024_769060 finished
creating pdf for Pocillopora_meandrina_HIv1___Sc0000001_103819 finished
creating pdf for Pocillopora_meandrina_HIv1___Sc0000010_447407 finished
creating pdf for Pocillopora_meandrina_HIv1___Sc0000025_789212 finished
creating pdf for Pocillopora_meandrina_HIv1___Sc0000025_778679 finished
creating pdf for Pocillopora_meandrina_HIv1___Sc0000007_388214 finished
creating pdf for Pocillopora_meandrina_HIv1___Sc0000028_831227 finished
creating pdf for Pocillopora_meandrina_HIv1___Sc0000022_747789 finished
creating pdf for Pocillopora_meandrina_HIv1___Sc0000001_87331 finished
creating pdf for Pocillopora_meandrina_HIv1___Sc0000020_722246 finished
creating pdf for Pocillopora_meandrina_HIv1___Sc0000005_294760 finished
creating pdf for Pocillopora_meandrina_HIv1___Sc0000010_470585 finished
creating pdf for Pocillopora_meandrina_HIv1___Sc0000010_470226 finished
creating pdf for Pocillopora_meandrina_HIv1___Sc0000013_549986 finished
creating pdf for Pocillopora_meandrina_HIv1___Sc0000002_148953 finished
creating pdf for Pocillopora_meandrina_HIv1___Sc0000016_626650 finished
creating pdf for Pocillopora_meandrina_HIv1___Sc0000004_271140 finished
creating pdf for Pocillopora_meandrina_HIv1___Sc0000000_16804 finished
creating pdf for Pocillopora_meandrina_HIv1___Sc0000026_797709 finished
creating pdf for Pocillopora_meandrina_HIv1___Sc0000001_125678 finished
creating pdf for Pocillopora_meandrina_HIv1___Sc0000000_10690 finished
creating pdf for Pocillopora_meandrina_HIv1___Sc0000009_434695 finished
creating pdf for Pocillopora_meandrina_HIv1___Sc0000011_504331 finished
creating pdf for Pocillopora_meandrina_HIv1___Sc0000007_384963 finished
creating pdf for Pocillopora_meandrina_HIv1___Sc0000003_194678 finished
creating pdf for Pocillopora_meandrina_HIv1___Sc0000005_279600 finished
creating pdf for Pocillopora_meandrina_HIv1___Sc0000018_667997 finished
creating pdf for Pocillopora_meandrina_HIv1___Sc0000006_332988 finished
creating pdf for Pocillopora_meandrina_HIv1___Sc0000029_842817 finished
creating pdf for Pocillopora_meandrina_HIv1___Sc0000008_407174 finished
creating pdf for Pocillopora_meandrina_HIv1___Sc0000017_661504 finished
creating pdf for Pocillopora_meandrina_HIv1___Sc0000008_412364 finished
creating pdf for Pocillopora_meandrina_HIv1___Sc0000002_163900 finished
creating pdf for Pocillopora_meandrina_HIv1___Sc0000016_629064 finished
creating pdf for Pocillopora_meandrina_HIv1___Sc0000038_936261 finished
creating pdf for Pocillopora_meandrina_HIv1___Sc0000027_818241 finished
creating pdf for Pocillopora_meandrina_HIv1___Sc0000029_849232 finished
creating pdf for Pocillopora_meandrina_HIv1___Sc0000000_27274 finished
creating pdf for Pocillopora_meandrina_HIv1___Sc0000001_118116 finished
creating pdf for Pocillopora_meandrina_HIv1___Sc0000006_314167 finished
creating pdf for Pocillopora_meandrina_HIv1___Sc0000013_545111 finished
creating pdf for Pocillopora_meandrina_HIv1___Sc0000023_757361 finished
creating pdf for Pocillopora_meandrina_HIv1___Sc0000000_1387 finished
creating pdf for Pocillopora_meandrina_HIv1___Sc0000017_654479 finished
creating pdf for Pocillopora_meandrina_HIv1___Sc0000019_699750 finished
creating pdf for Pocillopora_meandrina_HIv1___Sc0000013_550838 finished
creating pdf for Pocillopora_meandrina_HIv1___Sc0000015_601765 finished
creating pdf for Pocillopora_meandrina_HIv1___Sc0000003_212511 finished
creating pdf for Pocillopora_meandrina_HIv1___Sc0000040_950733 finished
creating pdf for Pocillopora_meandrina_HIv1___Sc0000016_631042 finished
creating pdf for Pocillopora_meandrina_HIv1___Sc0000002_132577 finished
creating pdf for Pocillopora_meandrina_HIv1___xfSc0000264_988292 finished
creating pdf for Pocillopora_meandrina_HIv1___Sc0000005_277536 finished
creating pdf for Pocillopora_meandrina_HIv1___Sc0000018_680104 finished
creating pdf for Pocillopora_meandrina_HIv1___Sc0000010_457851 finished
creating pdf for Pocillopora_meandrina_HIv1___Sc0000002_160117 finished
creating pdf for Pocillopora_meandrina_HIv1___Sc0000019_695994 finished
creating pdf for Pocillopora_meandrina_HIv1___Sc0000017_644076 finished
creating pdf for Pocillopora_meandrina_HIv1___Sc0000014_571666 finished
creating pdf for Pocillopora_meandrina_HIv1___Sc0000019_702094 finished
creating pdf for Pocillopora_meandrina_HIv1___Sc0000013_542500 finished
creating pdf for Pocillopora_meandrina_HIv1___Sc0000026_795631 finished
creating pdf for Pocillopora_meandrina_HIv1___Sc0000003_190254 finished
creating pdf for Pocillopora_meandrina_HIv1___Sc0000035_906884 finished
creating pdf for Pocillopora_meandrina_HIv1___Sc0000031_871069 finished
creating pdf for Pocillopora_meandrina_HIv1___Sc0000003_193022 finished
creating pdf for Pocillopora_meandrina_HIv1___Sc0000020_723401 finished
creating pdf for Pocillopora_meandrina_HIv1___Sc0000021_738850 finished
creating pdf for Pocillopora_meandrina_HIv1___Sc0000004_269515 finished
creating pdf for Pocillopora_meandrina_HIv1___Sc0000013_545761 finished
creating pdf for Pocillopora_meandrina_HIv1___Sc0000001_96977 finished
creating pdf for Pocillopora_meandrina_HIv1___Sc0000003_200751 finished
creating pdf for Pocillopora_meandrina_HIv1___Sc0000030_864133 finished
creating pdf for Pocillopora_meandrina_HIv1___Sc0000027_810021 finished
creating pdf for Pocillopora_meandrina_HIv1___Sc0000007_384714 finished
creating pdf for Pocillopora_meandrina_HIv1___Sc0000018_678088 finished
creating pdf for Pocillopora_meandrina_HIv1___Sc0000000_23014 finished
creating pdf for Pocillopora_meandrina_HIv1___Sc0000036_921130 finished
creating pdf for Pocillopora_meandrina_HIv1___Sc0000026_795236 finished
creating pdf for Pocillopora_meandrina_HIv1___Sc0000026_805935 finished
creating pdf for Pocillopora_meandrina_HIv1___Sc0000009_433220 finished
creating pdf for Pocillopora_meandrina_HIv1___Sc0000008_404709 finished
creating pdf for Pocillopora_meandrina_HIv1___Sc0000010_456205 finished
creating pdf for Pocillopora_meandrina_HIv1___Sc0000035_907558 finished
creating pdf for Pocillopora_meandrina_HIv1___Sc0000003_230071 finished
creating pdf for Pocillopora_meandrina_HIv1___Sc0000012_523149 finished
creating pdf for Pocillopora_meandrina_HIv1___Sc0000015_596326 finished
creating pdf for Pocillopora_meandrina_HIv1___Sc0000005_272814 finished
creating pdf for Pocillopora_meandrina_HIv1___Sc0000015_595410 finished
creating pdf for Pocillopora_meandrina_HIv1___xfSc0000017_985359 finished
creating pdf for Pocillopora_meandrina_HIv1___Sc0000020_710001 finished
creating pdf for Pocillopora_meandrina_HIv1___Sc0000000_22095 finished
creating pdf for Pocillopora_meandrina_HIv1___Sc0000019_699747 finished
creating pdf for Pocillopora_meandrina_HIv1___Sc0000016_613798 finished
creating pdf for Pocillopora_meandrina_HIv1___Sc0000003_234683 finished
creating pdf for Pocillopora_meandrina_HIv1___Sc0000015_610164 finished
creating pdf for Pocillopora_meandrina_HIv1___Sc0000061_979341 finished
creating pdf for Pocillopora_meandrina_HIv1___Sc0000015_596850 finished
creating pdf for Pocillopora_meandrina_HIv1___Sc0000003_235149 finished
creating pdf for Pocillopora_meandrina_HIv1___Sc0000036_914664 finished
creating pdf for Pocillopora_meandrina_HIv1___Sc0000008_421612 finished
creating pdf for Pocillopora_meandrina_HIv1___Sc0000026_799827 finished
creating pdf for Pocillopora_meandrina_HIv1___Sc0000006_340715 finished
creating pdf for Pocillopora_meandrina_HIv1___Sc0000019_706321 finished
creating pdf for Pocillopora_meandrina_HIv1___Sc0000004_248446 finished
creating pdf for Pocillopora_meandrina_HIv1___Sc0000019_690606 finished
creating pdf for Pocillopora_meandrina_HIv1___Sc0000019_699230 finished
creating pdf for Pocillopora_meandrina_HIv1___Sc0000001_117501 finished
creating pdf for Pocillopora_meandrina_HIv1___Sc0000008_403025 finished
creating pdf for Pocillopora_meandrina_HIv1___Sc0000001_79250 finished
creating pdf for Pocillopora_meandrina_HIv1___Sc0000008_416360 finished
creating pdf for Pocillopora_meandrina_HIv1___Sc0000001_98188 finished
creating pdf for Pocillopora_meandrina_HIv1___Sc0000000_52080 finished
creating pdf for Pocillopora_meandrina_HIv1___Sc0000025_787969 finished
creating pdf for Pocillopora_meandrina_HIv1___Sc0000016_619186 finished
creating pdf for Pocillopora_meandrina_HIv1___Sc0000004_262606 finished
creating pdf for Pocillopora_meandrina_HIv1___Sc0000004_266015 finished
creating pdf for Pocillopora_meandrina_HIv1___Sc0000000_20153 finished
creating pdf for Pocillopora_meandrina_HIv1___Sc0000005_307856 finished
creating pdf for Pocillopora_meandrina_HIv1___Sc0000002_169293 finished
creating pdf for Pocillopora_meandrina_HIv1___Sc0000046_976306 finished
creating pdf for Pocillopora_meandrina_HIv1___Sc0000016_617874 finished
creating pdf for Pocillopora_meandrina_HIv1___Sc0000001_85085 finished
creating pdf for Pocillopora_meandrina_HIv1___Sc0000015_593283 finished
creating pdf for Pocillopora_meandrina_HIv1___Sc0000044_969156 finished
creating pdf for Pocillopora_meandrina_HIv1___Sc0000001_93552 finished
creating pdf for Pocillopora_meandrina_HIv1___Sc0000001_120851 finished
creating pdf for Pocillopora_meandrina_HIv1___Sc0000008_417947 finished
creating pdf for Pocillopora_meandrina_HIv1___Sc0000033_892142 finished
creating pdf for Pocillopora_meandrina_HIv1___Sc0000014_557710 finished
creating pdf for Pocillopora_meandrina_HIv1___Sc0000021_741188 finished
creating pdf for Pocillopora_meandrina_HIv1___Sc0000017_641708 finished
creating pdf for Pocillopora_meandrina_HIv1___Sc0000001_71607 finished
creating pdf for Pocillopora_meandrina_HIv1___Sc0000005_294466 finished
creating pdf for Pocillopora_meandrina_HIv1___Sc0000038_932432 finished
creating pdf for Pocillopora_meandrina_HIv1___Sc0000004_267796 finished
creating pdf for Pocillopora_meandrina_HIv1___Sc0000004_249195 finished
creating pdf for Pocillopora_meandrina_HIv1___Sc0000006_326281 finished
creating pdf for Pocillopora_meandrina_HIv1___Sc0000034_902100 finished
creating pdf for Pocillopora_meandrina_HIv1___Sc0000008_395730 finished
creating pdf for Pocillopora_meandrina_HIv1___Sc0000007_368812 finished
creating pdf for Pocillopora_meandrina_HIv1___Sc0000009_441928 finished
creating pdf for Pocillopora_meandrina_HIv1___Sc0000015_608101 finished
creating pdf for Pocillopora_meandrina_HIv1___Sc0000004_262386 finished
creating pdf for Pocillopora_meandrina_HIv1___Sc0000011_506106 finished
creating pdf for Pocillopora_meandrina_HIv1___Sc0000019_696892 finished
creating pdf for Pocillopora_meandrina_HIv1___Sc0000000_48815 finished
creating pdf for Pocillopora_meandrina_HIv1___Sc0000011_507215 finished
creating pdf for Pocillopora_meandrina_HIv1___Sc0000027_817355 finished
creating pdf for Pocillopora_meandrina_HIv1___Sc0000002_163020 finished
creating pdf for Pocillopora_meandrina_HIv1___Sc0000031_867402 finished
creating pdf for Pocillopora_meandrina_HIv1___Sc0000019_696675 finished
creating pdf for Pocillopora_meandrina_HIv1___Sc0000020_708743 finished
creating pdf for Pocillopora_meandrina_HIv1___Sc0000000_3946 finished
creating pdf for Pocillopora_meandrina_HIv1___Sc0000001_88763 finished
creating pdf for Pocillopora_meandrina_HIv1___Sc0000005_291726 finished
creating pdf for Pocillopora_meandrina_HIv1___Sc0000017_654354 finished
creating pdf for Pocillopora_meandrina_HIv1___Sc0000011_482684 finished
creating pdf for Pocillopora_meandrina_HIv1___Sc0000026_803333 finished
creating pdf for Pocillopora_meandrina_HIv1___Sc0000006_348104 finished
creating pdf for Pocillopora_meandrina_HIv1___Sc0000033_895044 finished
creating pdf for Pocillopora_meandrina_HIv1___Sc0000026_791720 finished
creating pdf for Pocillopora_meandrina_HIv1___Sc0000033_891648 finished
creating pdf for Pocillopora_meandrina_HIv1___Sc0000034_897913 finished
creating pdf for Pocillopora_meandrina_HIv1___Sc0000002_185442 finished
creating pdf for Pocillopora_meandrina_HIv1___Sc0000010_445855 finished
creating pdf for Pocillopora_meandrina_HIv1___Sc0000042_963507 finished
creating pdf for Pocillopora_meandrina_HIv1___Sc0000038_932207 finished
creating pdf for Pocillopora_meandrina_HIv1___Sc0000017_640041 finished
creating pdf for Pocillopora_meandrina_HIv1___Sc0000008_392371 finished
creating pdf for Pocillopora_meandrina_HIv1___Sc0000020_708047 finished
creating pdf for Pocillopora_meandrina_HIv1___Sc0000000_10335 finished
creating pdf for Pocillopora_meandrina_HIv1___Sc0000007_388887 finished
creating pdf for Pocillopora_meandrina_HIv1___Sc0000010_461184 finished
creating pdf for Pocillopora_meandrina_HIv1___Sc0000034_905500 finished
creating pdf for Pocillopora_meandrina_HIv1___Sc0000009_441738 finished
creating pdf for Pocillopora_meandrina_HIv1___Sc0000015_584365 finished
creating pdf for Pocillopora_meandrina_HIv1___Sc0000015_607919 finished
creating pdf for Pocillopora_meandrina_HIv1___Sc0000002_172383 finished
creating pdf for Pocillopora_meandrina_HIv1___Sc0000020_718984 finished
creating pdf for Pocillopora_meandrina_HIv1___Sc0000035_907557 finished
creating pdf for Pocillopora_meandrina_HIv1___Sc0000002_162330 finished
creating pdf for Pocillopora_meandrina_HIv1___Sc0000011_505927 finished
creating pdf for Pocillopora_meandrina_HIv1___Sc0000009_429256 finished
creating pdf for Pocillopora_meandrina_HIv1___Sc0000023_764988 finished
creating pdf for Pocillopora_meandrina_HIv1___Sc0000002_148954 finished
creating pdf for Pocillopora_meandrina_HIv1___Sc0000020_720800 finished
creating pdf for Pocillopora_meandrina_HIv1___Sc0000024_776003 finished
creating pdf for Pocillopora_meandrina_HIv1___Sc0000014_563825 finished
creating pdf for Pocillopora_meandrina_HIv1___Sc0000006_326930 finished
creating pdf for Pocillopora_meandrina_HIv1___Sc0000017_648432 finished
creating pdf for Pocillopora_meandrina_HIv1___Sc0000030_865036 finished
creating pdf for Pocillopora_meandrina_HIv1___Sc0000008_420933 finished
creating pdf for Pocillopora_meandrina_HIv1___Sc0000001_120996 finished
creating pdf for Pocillopora_meandrina_HIv1___Sc0000007_359981 finished
creating pdf for Pocillopora_meandrina_HIv1___Sc0000000_52063 finished
creating pdf for Pocillopora_meandrina_HIv1___Sc0000027_816678 finished
creating pdf for Pocillopora_meandrina_HIv1___Sc0000001_70154 finished
creating pdf for Pocillopora_meandrina_HIv1___Sc0000005_292452 finished
creating pdf for Pocillopora_meandrina_HIv1___Sc0000008_403363 finished
creating pdf for Pocillopora_meandrina_HIv1___Sc0000030_863415 finished
creating pdf for Pocillopora_meandrina_HIv1___Sc0000002_156388 finished
creating pdf for Pocillopora_meandrina_HIv1___Sc0000006_329502 finished
creating pdf for Pocillopora_meandrina_HIv1___Sc0000040_949544 finished
creating pdf for Pocillopora_meandrina_HIv1___Sc0000011_474696 finished
creating pdf for Pocillopora_meandrina_HIv1___Sc0000021_732460 finished
creating pdf for Pocillopora_meandrina_HIv1___Sc0000016_617992 finished
creating pdf for Pocillopora_meandrina_HIv1___Sc0000011_475944 finished
creating pdf for Pocillopora_meandrina_HIv1___Sc0000011_501980 finished
creating pdf for Pocillopora_meandrina_HIv1___Sc0000006_352638 finished
creating pdf for Pocillopora_meandrina_HIv1___Sc0000014_574289 finished
creating pdf for Pocillopora_meandrina_HIv1___Sc0000007_385645 finished
creating pdf for Pocillopora_meandrina_HIv1___Sc0000016_614639 finished
creating pdf for Pocillopora_meandrina_HIv1___Sc0000026_798561 finished
creating pdf for Pocillopora_meandrina_HIv1___Sc0000008_404746 finished
creating pdf for Pocillopora_meandrina_HIv1___Sc0000004_253334 finished
creating pdf for Pocillopora_meandrina_HIv1___Sc0000016_627874 finished
creating pdf for Pocillopora_meandrina_HIv1___Sc0000011_482469 finished
creating pdf for Pocillopora_meandrina_HIv1___Sc0000020_713447 finished
creating pdf for Pocillopora_meandrina_HIv1___Sc0000013_538696 finished
creating pdf for Pocillopora_meandrina_HIv1___Sc0000002_163511 finished
creating pdf for Pocillopora_meandrina_HIv1___Sc0000036_914903 finished
creating pdf for Pocillopora_meandrina_HIv1___Sc0000010_470227 finished
creating pdf for Pocillopora_meandrina_HIv1___Sc0000003_227271 finished
creating pdf for Pocillopora_meandrina_HIv1___Sc0000008_398668 finished
creating pdf for Pocillopora_meandrina_HIv1___Sc0000006_352390 finished
creating pdf for Pocillopora_meandrina_HIv1___Sc0000010_456815 finished
creating pdf for Pocillopora_meandrina_HIv1___Sc0000014_564253 finished
creating pdf for Pocillopora_meandrina_HIv1___Sc0000005_309225 finished
creating pdf for Pocillopora_meandrina_HIv1___Sc0000014_564273 finished
creating pdf for Pocillopora_meandrina_HIv1___Sc0000027_818851 finished
creating pdf for Pocillopora_meandrina_HIv1___Sc0000005_283954 finished
creating pdf for Pocillopora_meandrina_HIv1___Sc0000022_751878 finished
creating pdf for Pocillopora_meandrina_HIv1___Sc0000044_970561 finished
creating pdf for Pocillopora_meandrina_HIv1___Sc0000004_267792 finished
creating pdf for Pocillopora_meandrina_HIv1___Sc0000020_722710 finished
creating pdf for Pocillopora_meandrina_HIv1___Sc0000000_22770 finished
creating pdf for Pocillopora_meandrina_HIv1___Sc0000000_11671 finished
creating pdf for Pocillopora_meandrina_HIv1___Sc0000004_260529 finished
creating pdf for Pocillopora_meandrina_HIv1___Sc0000021_740619 finished
creating pdf for Pocillopora_meandrina_HIv1___Sc0000029_841921 finished
creating pdf for Pocillopora_meandrina_HIv1___Sc0000026_792984 finished
creating pdf for Pocillopora_meandrina_HIv1___xfSc0000000_980805 finished
creating pdf for Pocillopora_meandrina_HIv1___Sc0000019_706195 finished
creating pdf for Pocillopora_meandrina_HIv1___Sc0000008_395008 finished
creating pdf for Pocillopora_meandrina_HIv1___Sc0000039_947040 finished
creating pdf for Pocillopora_meandrina_HIv1___Sc0000003_226747 finished
creating pdf for Pocillopora_meandrina_HIv1___xfSc0000002_982613 finished
creating pdf for Pocillopora_meandrina_HIv1___Sc0000002_134838 finished
creating pdf for Pocillopora_meandrina_HIv1___Sc0000007_382754 finished
creating pdf for Pocillopora_meandrina_HIv1___Sc0000024_772305 finished
creating pdf for Pocillopora_meandrina_HIv1___Sc0000043_968205 finished
creating pdf for Pocillopora_meandrina_HIv1___Sc0000006_312053 finished
creating pdf for Pocillopora_meandrina_HIv1___Sc0000005_274791 finished
creating pdf for Pocillopora_meandrina_HIv1___Sc0000000_3142 finished
creating pdf for Pocillopora_meandrina_HIv1___Sc0000016_625961 finished
creating pdf for Pocillopora_meandrina_HIv1___Sc0000023_760493 finished
creating pdf for Pocillopora_meandrina_HIv1___Sc0000006_316387 finished
creating pdf for Pocillopora_meandrina_HIv1___Sc0000041_957632 finished
creating pdf for Pocillopora_meandrina_HIv1___Sc0000026_794991 finished
creating pdf for Pocillopora_meandrina_HIv1___Sc0000008_392431 finished
creating pdf for Pocillopora_meandrina_HIv1___Sc0000005_272911 finished
creating pdf for Pocillopora_meandrina_HIv1___Sc0000016_627936 finished
creating pdf for Pocillopora_meandrina_HIv1___Sc0000021_736676 finished
creating pdf for Pocillopora_meandrina_HIv1___Sc0000016_616832 finished
creating pdf for Pocillopora_meandrina_HIv1___Sc0000010_446268 finished
creating pdf for Pocillopora_meandrina_HIv1___Sc0000001_100568 finished
creating pdf for Pocillopora_meandrina_HIv1___Sc0000001_85662 finished
creating pdf for Pocillopora_meandrina_HIv1___Sc0000002_140909 finished
creating pdf for Pocillopora_meandrina_HIv1___Sc0000029_844680 finished
creating pdf for Pocillopora_meandrina_HIv1___Sc0000006_325275 finished
creating pdf for Pocillopora_meandrina_HIv1___xfSc0000002_983471 finished
creating pdf for Pocillopora_meandrina_HIv1___Sc0000031_873344 finished
creating pdf for Pocillopora_meandrina_HIv1___Sc0000018_670953 finished
creating pdf for Pocillopora_meandrina_HIv1___Sc0000002_153218 finished
creating pdf for Pocillopora_meandrina_HIv1___Sc0000000_54550 finished
creating pdf for Pocillopora_meandrina_HIv1___Sc0000033_891586 finished
creating pdf for Pocillopora_meandrina_HIv1___Sc0000030_856668 finished
creating pdf for Pocillopora_meandrina_HIv1___Sc0000018_679877 finished
creating pdf for Pocillopora_meandrina_HIv1___Sc0000000_45425 finished
creating pdf for Pocillopora_meandrina_HIv1___xfSc0000002_982239 finished
creating pdf for Pocillopora_meandrina_HIv1___Sc0000022_751308 finished
creating pdf for Pocillopora_meandrina_HIv1___Sc0000001_83787 finished
creating pdf for Pocillopora_meandrina_HIv1___Sc0000022_748693 finished
creating pdf for Pocillopora_meandrina_HIv1___Sc0000004_251134 finished
creating pdf for Pocillopora_meandrina_HIv1___Sc0000012_521916 finished
creating pdf for Pocillopora_meandrina_HIv1___Sc0000003_202748 finished
creating pdf for Pocillopora_meandrina_HIv1___Sc0000000_29384 finished
creating pdf for Pocillopora_meandrina_HIv1___Sc0000036_915565 finished
creating pdf for Pocillopora_meandrina_HIv1___Sc0000001_102769 finished
creating pdf for Pocillopora_meandrina_HIv1___Sc0000009_437024 finished
creating pdf for Pocillopora_meandrina_HIv1___Sc0000043_967218 finished
creating pdf for Pocillopora_meandrina_HIv1___Sc0000023_759564 finished
creating pdf for Pocillopora_meandrina_HIv1___Sc0000009_440929 finished
creating pdf for Pocillopora_meandrina_HIv1___Sc0000001_83043 finished
creating pdf for Pocillopora_meandrina_HIv1___Sc0000014_577615 finished
creating pdf for Pocillopora_meandrina_HIv1___Sc0000005_303844 finished
creating pdf for Pocillopora_meandrina_HIv1___Sc0000005_276923 finished
creating pdf for Pocillopora_meandrina_HIv1___Sc0000006_356901 finished
creating pdf for Pocillopora_meandrina_HIv1___Sc0000008_424501 finished
creating pdf for Pocillopora_meandrina_HIv1___Sc0000008_405927 finished
creating pdf for Pocillopora_meandrina_HIv1___Sc0000014_578517 finished
creating pdf for Pocillopora_meandrina_HIv1___Sc0000025_778663 finished
creating pdf for Pocillopora_meandrina_HIv1___Sc0000009_429692 finished
creating pdf for Pocillopora_meandrina_HIv1___Sc0000012_528003 finished
creating pdf for Pocillopora_meandrina_HIv1___Sc0000005_294622 finished
creating pdf for Pocillopora_meandrina_HIv1___xfSc0000017_985335 finished
creating pdf for Pocillopora_meandrina_HIv1___Sc0000005_283906 finished
creating pdf for Pocillopora_meandrina_HIv1___Sc0000010_458389 finished
creating pdf for Pocillopora_meandrina_HIv1___Sc0000017_636214 finished
creating pdf for Pocillopora_meandrina_HIv1___Sc0000001_86296 finished
creating pdf for Pocillopora_meandrina_HIv1___Sc0000014_581287 finished
creating pdf for Pocillopora_meandrina_HIv1___Sc0000021_736472 finished
creating pdf for Pocillopora_meandrina_HIv1___Sc0000001_87117 finished
creating pdf for Pocillopora_meandrina_HIv1___Sc0000017_653245 finished
creating pdf for Pocillopora_meandrina_HIv1___Sc0000026_801599 finished
creating pdf for Pocillopora_meandrina_HIv1___Sc0000019_702104 finished
creating pdf for Pocillopora_meandrina_HIv1___Sc0000033_893013 finished
creating pdf for Pocillopora_meandrina_HIv1___Sc0000023_759488 finished
creating pdf for Pocillopora_meandrina_HIv1___Sc0000004_253098 finished
creating pdf for Pocillopora_meandrina_HIv1___Sc0000017_639621 finished
creating pdf for Pocillopora_meandrina_HIv1___Sc0000019_702036 finished
creating pdf for Pocillopora_meandrina_HIv1___Sc0000022_748008 finished
creating pdf for Pocillopora_meandrina_HIv1___Sc0000000_45074 finished
creating pdf for Pocillopora_meandrina_HIv1___Sc0000021_742087 finished
creating pdf for Pocillopora_meandrina_HIv1___Sc0000037_925591 finished
creating pdf for Pocillopora_meandrina_HIv1___Sc0000001_86043 finished
creating pdf for Pocillopora_meandrina_HIv1___Sc0000001_109822 finished
creating pdf for Pocillopora_meandrina_HIv1___Sc0000006_315310 finished
creating pdf for Pocillopora_meandrina_HIv1___Sc0000032_884953 finished
creating pdf for Pocillopora_meandrina_HIv1___Sc0000030_862488 finished
creating pdf for Pocillopora_meandrina_HIv1___xfSc0000000_981044 finished
creating pdf for Pocillopora_meandrina_HIv1___Sc0000019_700828 finished
creating pdf for Pocillopora_meandrina_HIv1___Sc0000005_307561 finished
creating pdf for Pocillopora_meandrina_HIv1___Sc0000026_805324 finished
creating pdf for Pocillopora_meandrina_HIv1___Sc0000026_790455 finished
creating pdf for Pocillopora_meandrina_HIv1___Sc0000023_767964 finished
creating pdf for Pocillopora_meandrina_HIv1___Sc0000001_88997 finished
creating pdf for Pocillopora_meandrina_HIv1___Sc0000010_465609 finished
creating pdf for Pocillopora_meandrina_HIv1___Sc0000012_529103 finished
creating pdf for Pocillopora_meandrina_HIv1___Sc0000027_816354 finished
creating pdf for Pocillopora_meandrina_HIv1___Sc0000000_36803 finished
creating pdf for Pocillopora_meandrina_HIv1___Sc0000041_956038 finished
creating pdf for Pocillopora_meandrina_HIv1___Sc0000002_179280 finished
creating pdf for Pocillopora_meandrina_HIv1___Sc0000000_21696 finished
creating pdf for Pocillopora_meandrina_HIv1___Sc0000023_763858 finished
creating pdf for Pocillopora_meandrina_HIv1___Sc0000017_648741 finished
creating pdf for Pocillopora_meandrina_HIv1___Sc0000006_350363 finished
creating pdf for Pocillopora_meandrina_HIv1___Sc0000006_346912 finished
creating pdf for Pocillopora_meandrina_HIv1___Sc0000001_68889 finished
creating pdf for Pocillopora_meandrina_HIv1___Sc0000019_689182 finished
creating pdf for Pocillopora_meandrina_HIv1___Sc0000019_704296 finished
creating pdf for Pocillopora_meandrina_HIv1___Sc0000018_685167 finished
creating pdf for Pocillopora_meandrina_HIv1___Sc0000007_391746 finished
creating pdf for Pocillopora_meandrina_HIv1___Sc0000002_134318 finished
creating pdf for Pocillopora_meandrina_HIv1___Sc0000045_972635 finished
creating pdf for Pocillopora_meandrina_HIv1___Sc0000000_10051 finished
creating pdf for Pocillopora_meandrina_HIv1___Sc0000007_376989 finished
creating pdf for Pocillopora_meandrina_HIv1___Sc0000000_61015 finished
creating pdf for Pocillopora_meandrina_HIv1___Sc0000008_406494 finished
creating pdf for Pocillopora_meandrina_HIv1___Sc0000038_939490 finished
creating pdf for Pocillopora_meandrina_HIv1___Sc0000029_847591 finished
creating pdf for Pocillopora_meandrina_HIv1___Sc0000010_451710 finished
creating pdf for Pocillopora_meandrina_HIv1___Sc0000003_233171 finished
creating pdf for Pocillopora_meandrina_HIv1___Sc0000007_369606 finished
creating pdf for Pocillopora_meandrina_HIv1___Sc0000030_854468 finished
creating pdf for Pocillopora_meandrina_HIv1___Sc0000014_558773 finished
creating pdf for Pocillopora_meandrina_HIv1___Sc0000000_8730 finished
creating pdf for Pocillopora_meandrina_HIv1___Sc0000022_754091 finished
creating pdf for Pocillopora_meandrina_HIv1___Sc0000016_615901 finished
creating pdf for Pocillopora_meandrina_HIv1___Sc0000015_589633 finished
creating pdf for Pocillopora_meandrina_HIv1___Sc0000014_571599 finished
creating pdf for Pocillopora_meandrina_HIv1___Sc0000002_165584 finished
creating pdf for Pocillopora_meandrina_HIv1___Sc0000001_99315 finished
creating pdf for Pocillopora_meandrina_HIv1___Sc0000001_108115 finished
creating pdf for Pocillopora_meandrina_HIv1___Sc0000011_507801 finished
creating pdf for Pocillopora_meandrina_HIv1___Sc0000025_777945 finished
creating pdf for Pocillopora_meandrina_HIv1___Sc0000015_586553 finished
creating pdf for Pocillopora_meandrina_HIv1___Sc0000026_791031 finished
creating pdf for Pocillopora_meandrina_HIv1___Sc0000009_440860 finished
creating pdf for Pocillopora_meandrina_HIv1___Sc0000014_574075 finished
creating pdf for Pocillopora_meandrina_HIv1___Sc0000021_741197 finished
creating pdf for Pocillopora_meandrina_HIv1___Sc0000014_567064 finished
creating pdf for Pocillopora_meandrina_HIv1___Sc0000018_663452 finished
creating pdf for Pocillopora_meandrina_HIv1___Sc0000026_800172 finished
creating pdf for Pocillopora_meandrina_HIv1___Sc0000001_64827 finished
creating pdf for Pocillopora_meandrina_HIv1___Sc0000038_939292 finished
creating pdf for Pocillopora_meandrina_HIv1___Sc0000012_511073 finished
creating pdf for Pocillopora_meandrina_HIv1___Sc0000023_760754 finished
creating pdf for Pocillopora_meandrina_HIv1___Sc0000009_430611 finished
creating pdf for Pocillopora_meandrina_HIv1___Sc0000002_182675 finished
creating pdf for Pocillopora_meandrina_HIv1___Sc0000012_520409 finished
creating pdf for Pocillopora_meandrina_HIv1___Sc0000037_930482 finished
creating pdf for Pocillopora_meandrina_HIv1___Sc0000015_586471 finished
creating pdf for Pocillopora_meandrina_HIv1___Sc0000001_86074 finished
creating pdf for Pocillopora_meandrina_HIv1___Sc0000003_194685 finished
creating pdf for Pocillopora_meandrina_HIv1___Sc0000009_440580 finished
creating pdf for Pocillopora_meandrina_HIv1___Sc0000038_939768 finished
creating pdf for Pocillopora_meandrina_HIv1___Sc0000003_213340 finished
creating pdf for Pocillopora_meandrina_HIv1___Sc0000020_708175 finished
creating pdf for Pocillopora_meandrina_HIv1___Sc0000010_443363 finished
creating pdf for Pocillopora_meandrina_HIv1___Sc0000017_640709 finished
creating pdf for Pocillopora_meandrina_HIv1___Sc0000012_510820 finished
creating pdf for Pocillopora_meandrina_HIv1___Sc0000041_958282 finished
creating pdf for Pocillopora_meandrina_HIv1___Sc0000014_565073 finished
creating pdf for Pocillopora_meandrina_HIv1___Sc0000016_632033 finished
creating pdf for Pocillopora_meandrina_HIv1___Sc0000001_67535 finished
creating pdf for Pocillopora_meandrina_HIv1___Sc0000010_464557 finished
creating pdf for Pocillopora_meandrina_HIv1___Sc0000001_79544 finished
creating pdf for Pocillopora_meandrina_HIv1___Sc0000000_46993 finished
creating pdf for Pocillopora_meandrina_HIv1___Sc0000000_13692 finished
creating pdf for Pocillopora_meandrina_HIv1___Sc0000001_85556 finished
creating pdf for Pocillopora_meandrina_HIv1___Sc0000023_760149 finished
creating pdf for Pocillopora_meandrina_HIv1___Sc0000009_429043 finished
creating pdf for Pocillopora_meandrina_HIv1___Sc0000020_715849 finished
creating pdf for Pocillopora_meandrina_HIv1___Sc0000000_26457 finished
creating pdf for Pocillopora_meandrina_HIv1___Sc0000000_28379 finished
creating pdf for Pocillopora_meandrina_HIv1___Sc0000008_415648 finished
creating pdf for Pocillopora_meandrina_HIv1___Sc0000023_763629 finished
creating pdf for Pocillopora_meandrina_HIv1___Sc0000013_545129 finished
creating pdf for Pocillopora_meandrina_HIv1___Sc0000021_734167 finished
creating pdf for Pocillopora_meandrina_HIv1___Sc0000009_441012 finished
creating pdf for Pocillopora_meandrina_HIv1___Sc0000023_765181 finished
creating pdf for Pocillopora_meandrina_HIv1___Sc0000006_327345 finished
creating pdf for Pocillopora_meandrina_HIv1___Sc0000040_952720 finished
creating pdf for Pocillopora_meandrina_HIv1___Sc0000018_685531 finished
creating pdf for Pocillopora_meandrina_HIv1___Sc0000010_447009 finished
creating pdf for Pocillopora_meandrina_HIv1___xfSc0000212_987720 finished
creating pdf for Pocillopora_meandrina_HIv1___Sc0000020_708527 finished
creating pdf for Pocillopora_meandrina_HIv1___Sc0000005_291369 finished
creating pdf for Pocillopora_meandrina_HIv1___Sc0000019_706967 finished
creating pdf for Pocillopora_meandrina_HIv1___Sc0000016_633197 finished
creating pdf for Pocillopora_meandrina_HIv1___Sc0000003_237040 finished
creating pdf for Pocillopora_meandrina_HIv1___Sc0000005_273072 finished
creating pdf for Pocillopora_meandrina_HIv1___Sc0000002_156738 finished
creating pdf for Pocillopora_meandrina_HIv1___Sc0000025_786235 finished
creating pdf for Pocillopora_meandrina_HIv1___Sc0000000_24036 finished
creating pdf for Pocillopora_meandrina_HIv1___Sc0000001_128260 finished
creating pdf for Pocillopora_meandrina_HIv1___Sc0000004_246935 finished
creating pdf for Pocillopora_meandrina_HIv1___xfSc0000975_994519 finished
creating pdf for Pocillopora_meandrina_HIv1___Sc0000021_726735 finished
creating pdf for Pocillopora_meandrina_HIv1___Sc0000017_659270 finished
creating pdf for Pocillopora_meandrina_HIv1___Sc0000013_544473 finished
creating pdf for Pocillopora_meandrina_HIv1___Sc0000013_537043 finished
creating pdf for Pocillopora_meandrina_HIv1___Sc0000004_272544 finished
creating pdf for Pocillopora_meandrina_HIv1___Sc0000000_10757 finished
creating pdf for Pocillopora_meandrina_HIv1___Sc0000026_805207 finished
creating pdf for Pocillopora_meandrina_HIv1___Sc0000028_827313 finished
creating pdf for Pocillopora_meandrina_HIv1___Sc0000012_524990 finished
creating pdf for Pocillopora_meandrina_HIv1___Sc0000008_415728 finished
creating pdf for Pocillopora_meandrina_HIv1___Sc0000011_489071 finished
creating pdf for Pocillopora_meandrina_HIv1___Sc0000030_860475 finished
creating pdf for Pocillopora_meandrina_HIv1___Sc0000012_525064 finished
creating pdf for Pocillopora_meandrina_HIv1___Sc0000004_249732 finished
creating pdf for Pocillopora_meandrina_HIv1___Sc0000017_657529 finished
creating pdf for Pocillopora_meandrina_HIv1___Sc0000004_262365 finished
creating pdf for Pocillopora_meandrina_HIv1___Sc0000029_849145 finished
creating pdf for Pocillopora_meandrina_HIv1___Sc0000031_878264 finished
creating pdf for Pocillopora_meandrina_HIv1___Sc0000009_442942 finished
creating pdf for Pocillopora_meandrina_HIv1___Sc0000044_972431 finished
creating pdf for Pocillopora_meandrina_HIv1___Sc0000021_727941 finished
creating pdf for Pocillopora_meandrina_HIv1___Sc0000006_338636 finished
creating pdf for Pocillopora_meandrina_HIv1___Sc0000005_290621 finished
creating pdf for Pocillopora_meandrina_HIv1___Sc0000000_20835 finished
creating pdf for Pocillopora_meandrina_HIv1___Sc0000007_372058 finished
creating pdf for Pocillopora_meandrina_HIv1___Sc0000030_858160 finished
creating pdf for Pocillopora_meandrina_HIv1___Sc0000003_209343 finished
creating pdf for Pocillopora_meandrina_HIv1___Sc0000007_361707 finished
creating pdf for Pocillopora_meandrina_HIv1___Sc0000043_965133 finished
creating pdf for Pocillopora_meandrina_HIv1___Sc0000000_20771 finished
creating pdf for Pocillopora_meandrina_HIv1___Sc0000016_612327 finished
creating pdf for Pocillopora_meandrina_HIv1___Sc0000018_683121 finished
creating pdf for Pocillopora_meandrina_HIv1___Sc0000014_561537 finished
creating pdf for Pocillopora_meandrina_HIv1___Sc0000004_245030 finished
creating pdf for Pocillopora_meandrina_HIv1___Sc0000043_967281 finished
creating pdf for Pocillopora_meandrina_HIv1___Sc0000003_225236 finished
creating pdf for Pocillopora_meandrina_HIv1___Sc0000019_705931 finished
creating pdf for Pocillopora_meandrina_HIv1___Sc0000017_638236 finished
creating pdf for Pocillopora_meandrina_HIv1___Sc0000028_831816 finished
creating pdf for Pocillopora_meandrina_HIv1___Sc0000026_801271 finished
creating pdf for Pocillopora_meandrina_HIv1___Sc0000018_672575 finished
creating pdf for Pocillopora_meandrina_HIv1___Sc0000016_611648 finished
creating pdf for Pocillopora_meandrina_HIv1___Sc0000044_970918 finished
creating pdf for Pocillopora_meandrina_HIv1___Sc0000000_40893 finished
creating pdf for Pocillopora_meandrina_HIv1___Sc0000007_380965 finished
creating pdf for Pocillopora_meandrina_HIv1___Sc0000002_147251 finished
creating pdf for Pocillopora_meandrina_HIv1___Sc0000003_211157 finished
creating pdf for Pocillopora_meandrina_HIv1___Sc0000022_748694 finished
creating pdf for Pocillopora_meandrina_HIv1___Sc0000029_845907 finished
creating pdf for Pocillopora_meandrina_HIv1___Sc0000000_26459 finished
creating pdf for Pocillopora_meandrina_HIv1___Sc0000005_273525 finished
creating pdf for Pocillopora_meandrina_HIv1___Sc0000015_587238 finished
creating pdf for Pocillopora_meandrina_HIv1___Sc0000039_940819 finished
creating pdf for Pocillopora_meandrina_HIv1___Sc0000019_705971 finished
creating pdf for Pocillopora_meandrina_HIv1___Sc0000020_723038 finished
creating pdf for Pocillopora_meandrina_HIv1___Sc0000003_201657 finished
creating pdf for Pocillopora_meandrina_HIv1___Sc0000016_614389 finished
creating pdf for Pocillopora_meandrina_HIv1___Sc0000019_705360 finished
creating pdf for Pocillopora_meandrina_HIv1___Sc0000011_501518 finished
creating pdf for Pocillopora_meandrina_HIv1___Sc0000004_252100 finished
creating pdf for Pocillopora_meandrina_HIv1___Sc0000003_236638 finished
creating pdf for Pocillopora_meandrina_HIv1___Sc0000015_602651 finished
creating pdf for Pocillopora_meandrina_HIv1___Sc0000003_190982 finished
creating pdf for Pocillopora_meandrina_HIv1___Sc0000012_533498 finished
creating pdf for Pocillopora_meandrina_HIv1___Sc0000001_123802 finished
creating pdf for Pocillopora_meandrina_HIv1___Sc0000011_498632 finished
creating pdf for Pocillopora_meandrina_HIv1___Sc0000009_437823 finished
creating pdf for Pocillopora_meandrina_HIv1___Sc0000017_655767 finished
creating pdf for Pocillopora_meandrina_HIv1___Sc0000010_472145 finished
creating pdf for Pocillopora_meandrina_HIv1___Sc0000004_258970 finished
creating pdf for Pocillopora_meandrina_HIv1___Sc0000023_764916 finished
creating pdf for Pocillopora_meandrina_HIv1___Sc0000018_686650 finished
creating pdf for Pocillopora_meandrina_HIv1___Sc0000014_572243 finished
creating pdf for Pocillopora_meandrina_HIv1___Sc0000031_872585 finished
creating pdf for Pocillopora_meandrina_HIv1___Sc0000015_603392 finished
creating pdf for Pocillopora_meandrina_HIv1___Sc0000007_387412 finished
creating pdf for Pocillopora_meandrina_HIv1___Sc0000015_586668 finished
creating pdf for Pocillopora_meandrina_HIv1___Sc0000021_734163 finished
creating pdf for Pocillopora_meandrina_HIv1___Sc0000018_687544 finished
creating pdf for Pocillopora_meandrina_HIv1___Sc0000003_202063 finished
creating pdf for Pocillopora_meandrina_HIv1___Sc0000010_462017 finished
creating pdf for Pocillopora_meandrina_HIv1___Sc0000014_569209 finished
creating pdf for Pocillopora_meandrina_HIv1___Sc0000012_533441 finished
creating pdf for Pocillopora_meandrina_HIv1___Sc0000014_580581 finished
creating pdf for Pocillopora_meandrina_HIv1___Sc0000038_938706 finished
creating pdf for Pocillopora_meandrina_HIv1___Sc0000018_682341 finished
creating pdf for Pocillopora_meandrina_HIv1___Sc0000014_580914 finished
creating pdf for Pocillopora_meandrina_HIv1___Sc0000004_252075 finished
creating pdf for Pocillopora_meandrina_HIv1___Sc0000015_585762 finished
creating pdf for Pocillopora_meandrina_HIv1___Sc0000022_749739 finished
creating pdf for Pocillopora_meandrina_HIv1___Sc0000015_603258 finished
creating pdf for Pocillopora_meandrina_HIv1___Sc0000026_792806 finished
creating pdf for Pocillopora_meandrina_HIv1___Sc0000001_78644 finished
creating pdf for Pocillopora_meandrina_HIv1___Sc0000014_581793 finished
creating pdf for Pocillopora_meandrina_HIv1___Sc0000017_640644 finished
creating pdf for Pocillopora_meandrina_HIv1___Sc0000018_671687 finished
creating pdf for Pocillopora_meandrina_HIv1___Sc0000041_953045 finished
creating pdf for Pocillopora_meandrina_HIv1___Sc0000040_950502 finished
creating pdf for Pocillopora_meandrina_HIv1___Sc0000002_170036 finished

ended: 4:31:49
total:0h:11m:15s

fasta and bed files have been created in subfolder mirna_results_22_04_2024_t_15_27_22
rmtree(mirdeep_runs/run_22_04_2024_t_15_27_22/tmp)



miRDeep runtime: 

started: 15:27:22
ended: 4:31:50
total:37h:4m:28s

