#Starting miRDeep2
/home/shared/mirdeep2/bin/miRDeep2.pl collapsed_reads_gt17bp_mirdeep2.fasta /home/shared/8TB_HDD_01/sam/gitrepos/deep-dive/D-Apul/data/Amil/ncbi_dataset/data/GCF_013753865.1/GCF_013753865.1_Amil_v2.1_genomic-no_spaces.fna Apul-mirdeep2-mapping.arf none /home/shared/8TB_HDD_01/sam/gitrepos/deep-dive/data/cnidarian_miRNAs.fasta none -P -v -g -1

miRDeep2 started at 11:15:00


mkdir mirdeep_runs/run_16_05_2024_t_11_15_00

#testing input files
started: 11:15:20
sanity_check_mature_ref.pl /home/shared/8TB_HDD_01/sam/gitrepos/deep-dive/data/cnidarian_miRNAs.fasta


ended: 11:15:20
total:0h:0m:0s

sanity_check_reads_ready_file.pl collapsed_reads_gt17bp_mirdeep2.fasta

started: 11:15:20

ended: 11:16:16
total:0h:0m:56s

started: 11:16:16
sanity_check_genome.pl /home/shared/8TB_HDD_01/sam/gitrepos/deep-dive/D-Apul/data/Amil/ncbi_dataset/data/GCF_013753865.1/GCF_013753865.1_Amil_v2.1_genomic-no_spaces.fna


ended: 11:16:19
total:0h:0m:3s

started: 11:16:19
sanity_check_mapping_file.pl Apul-mirdeep2-mapping.arf


ended: 11:16:29
total:0h:0m:10s

Pre-quantitation is skipped caused by missing file with known precursor miRNAs


rna2dna.pl /home/shared/8TB_HDD_01/sam/gitrepos/deep-dive/data/cnidarian_miRNAs.fasta > mirdeep_runs/run_16_05_2024_t_11_15_00/tmp/cnidarian_miRNAs.fasta


ended: 11:16:29
total:0h:0m:10s

#parsing genome mappings
parse_mappings.pl Apul-mirdeep2-mapping.arf -a 0 -b 18 -c 25 -i 5 > mirdeep_runs/run_16_05_2024_t_11_15_00/tmp/mapping.arf_parsed.arf

started: 11:16:29

ended: 11:17:18
total:0h:0m:49s

#excising precursors
started: 11:17:18
excise_precursors_iterative_final.pl /home/shared/8TB_HDD_01/sam/gitrepos/deep-dive/D-Apul/data/Amil/ncbi_dataset/data/GCF_013753865.1/GCF_013753865.1_Amil_v2.1_genomic-no_spaces.fna mirdeep_runs/run_16_05_2024_t_11_15_00/tmp/mapping.arf_parsed.arf mirdeep_runs/run_16_05_2024_t_11_15_00/tmp/precursors.fa mirdeep_runs/run_16_05_2024_t_11_15_00/tmp/precursors.coords -1
1	764114

ended: 11:18:15
total:0h:0m:57s

#preparing signature
prepare_signature.pl collapsed_reads_gt17bp_mirdeep2.fasta mirdeep_runs/run_16_05_2024_t_11_15_00/tmp/precursors.fa 1 -o mirdeep_runs/run_16_05_2024_t_11_15_00/tmp/signature.arf 2>>error_16_05_2024_t_11_15_00.log

started: 11:18:15

ended: 11:25:25
total:0h:7m:10s

#folding precursors
started: 11:25:25
RNAfold < mirdeep_runs/run_16_05_2024_t_11_15_00/tmp/precursors.fa -noPS > mirdeep_runs/run_16_05_2024_t_11_15_00/tmp/precursors.str


ended: 13:28:44
total:2h:3m:19s

#computing randfold p-values
select_for_randfold.pl mirdeep_runs/run_16_05_2024_t_11_15_00/tmp/signature.arf mirdeep_runs/run_16_05_2024_t_11_15_00/tmp/precursors.str > mirdeep_runs/run_16_05_2024_t_11_15_00/tmp/precursors_for_randfold.ids

started: 13:28:44

ended: 13:32:03
total:0h:3m:19s

started: 13:32:03
fastaselect.pl mirdeep_runs/run_16_05_2024_t_11_15_00/tmp/precursors.fa mirdeep_runs/run_16_05_2024_t_11_15_00/tmp/precursors_for_randfold.ids > mirdeep_runs/run_16_05_2024_t_11_15_00/tmp/precursors_for_randfold.fa


ended: 13:32:04
total:0h:0m:1s

started: 13:32:04
randfold -s mirdeep_runs/run_16_05_2024_t_11_15_00/tmp/precursors_for_randfold.fa 99 > mirdeep_runs/run_16_05_2024_t_11_15_00/tmp/precursors_for_randfold.rand


ended: 4:57:16
total:15h:25m:12s

#running miRDeep core algorithm
started: 4:57:34
miRDeep2_core_algorithm.pl mirdeep_runs/run_16_05_2024_t_11_15_00/tmp/signature.arf mirdeep_runs/run_16_05_2024_t_11_15_00/tmp/precursors.str -s mirdeep_runs/run_16_05_2024_t_11_15_00/tmp/cnidarian_miRNAs.fasta -v -50 -l 21 -y mirdeep_runs/run_16_05_2024_t_11_15_00/tmp/precursors_for_randfold.rand > mirdeep_runs/run_16_05_2024_t_11_15_00/output.mrd
Negative repeat count does nothing at /home/shared/mirdeep2/bin/miRDeep2_core_algorithm.pl line 1458, <FILENAME> line 1731351.
Negative repeat count does nothing at /home/shared/mirdeep2/bin/miRDeep2_core_algorithm.pl line 1458, <FILENAME> line 3134971.
Negative repeat count does nothing at /home/shared/mirdeep2/bin/miRDeep2_core_algorithm.pl line 1458, <FILENAME> line 3135031.
Negative repeat count does nothing at /home/shared/mirdeep2/bin/miRDeep2_core_algorithm.pl line 1458, <FILENAME> line 11743978.
Negative repeat count does nothing at /home/shared/mirdeep2/bin/miRDeep2_core_algorithm.pl line 1458, <FILENAME> line 14829084.
Negative repeat count does nothing at /home/shared/mirdeep2/bin/miRDeep2_core_algorithm.pl line 1458, <FILENAME> line 14829105.
Negative repeat count does nothing at /home/shared/mirdeep2/bin/miRDeep2_core_algorithm.pl line 1458, <FILENAME> line 15043106.
Negative repeat count does nothing at /home/shared/mirdeep2/bin/miRDeep2_core_algorithm.pl line 1458, <FILENAME> line 15431758.
Negative repeat count does nothing at /home/shared/mirdeep2/bin/miRDeep2_core_algorithm.pl line 1458, <FILENAME> line 15811473.
Negative repeat count does nothing at /home/shared/mirdeep2/bin/miRDeep2_core_algorithm.pl line 1458, <FILENAME> line 15960835.
Negative repeat count does nothing at /home/shared/mirdeep2/bin/miRDeep2_core_algorithm.pl line 1458, <FILENAME> line 16153483.
Negative repeat count does nothing at /home/shared/mirdeep2/bin/miRDeep2_core_algorithm.pl line 1458, <FILENAME> line 16177236.
Negative repeat count does nothing at /home/shared/mirdeep2/bin/miRDeep2_core_algorithm.pl line 1458, <FILENAME> line 16177238.
Negative repeat count does nothing at /home/shared/mirdeep2/bin/miRDeep2_core_algorithm.pl line 1458, <FILENAME> line 16195008.

ended: 5:0:39
total:0h:3m:5s

#running permuted controls
started: 5:0:39
echo 'miRDeep2_core_algorithm.pl mirdeep_runs/run_16_05_2024_t_11_15_00/tmp/signature.arf mirdeep_runs/run_16_05_2024_t_11_15_00/tmp/precursors.str -s mirdeep_runs/run_16_05_2024_t_11_15_00/tmp/cnidarian_miRNAs.fasta -v -50 -y mirdeep_runs/run_16_05_2024_t_11_15_00/tmp/precursors_for_randfold.rand > mirdeep_runs/run_16_05_2024_t_11_15_00/output.mrd' > mirdeep_runs/run_16_05_2024_t_11_15_00/tmp/command_line

perform_controls.pl mirdeep_runs/run_16_05_2024_t_11_15_00/tmp/command_line mirdeep_runs/run_16_05_2024_t_11_15_00/tmp/precursors.str 100 -a > mirdeep_runs/run_16_05_2024_t_11_15_00/tmp/output_permuted.mrd 2>>error_16_05_2024_t_11_15_00.log


ended: 11:0:48
total:6h:0m:9s

#doing survey of accuracy
survey.pl mirdeep_runs/run_16_05_2024_t_11_15_00/output.mrd -a mirdeep_runs/run_16_05_2024_t_11_15_00/tmp/output_permuted.mrd -d 1 > mirdeep_runs/run_16_05_2024_t_11_15_00/survey.csv

started: 11:0:48

ended: 11:1:13
total:0h:0m:25s

#producing graphic results
started: 11:1:13
make_html.pl -f mirdeep_runs/run_16_05_2024_t_11_15_00/output.mrd -p mirdeep_runs/run_16_05_2024_t_11_15_00/tmp/precursors.coords -v 0 -s mirdeep_runs/run_16_05_2024_t_11_15_00/survey.csv -c -e -r /home/shared/mirdeep2/bin//../Rfam_for_miRDeep.fa -y 16_05_2024_t_11_15_00 -o  -V 2.0.1.2 


No organism specified by switch -t [organism] so UCSC browser BLAT will not be used.

To get a list of possible species names type make_html.pl -u

Specify organism Reads are coming from by  -t [organism] to get links in html file

parsing input file finished
checking Rfam for hits to precursors
Build bowtie index of Rfam entries

Mapping mature,star and loop sequences against index
# reads processed: 90131
# reads with at least one reported alignment: 457 (0.51%)
# reads that failed to align: 89674 (99.49%)
Reported 1677 alignments
creating PDF files
creating pdf for NC_058066.1_Acropora_millepora_isolate_JS-1_chromosome_1_Amil_v2.1_whole_genome_shotgun_sequence_49320 finished
creating pdf for NC_058070.1_Acropora_millepora_isolate_JS-1_chromosome_5_Amil_v2.1_whole_genome_shotgun_sequence_208678 finished
creating pdf for NC_058068.1_Acropora_millepora_isolate_JS-1_chromosome_3_Amil_v2.1_whole_genome_shotgun_sequence_123927 finished
creating pdf for NC_058071.1_Acropora_millepora_isolate_JS-1_chromosome_6_Amil_v2.1_whole_genome_shotgun_sequence_256047 finished
creating pdf for NC_058068.1_Acropora_millepora_isolate_JS-1_chromosome_3_Amil_v2.1_whole_genome_shotgun_sequence_123929 finished
creating pdf for NC_058073.1_Acropora_millepora_isolate_JS-1_chromosome_8_Amil_v2.1_whole_genome_shotgun_sequence_341478 finished
creating pdf for NC_058075.1_Acropora_millepora_isolate_JS-1_chromosome_10_Amil_v2.1_whole_genome_shotgun_sequence_406883 finished
creating pdf for NC_058067.1_Acropora_millepora_isolate_JS-1_chromosome_2_Amil_v2.1_whole_genome_shotgun_sequence_81558 finished
creating pdf for NC_058077.1_Acropora_millepora_isolate_JS-1_chromosome_12_Amil_v2.1_whole_genome_shotgun_sequence_459486 finished
creating pdf for NC_058072.1_Acropora_millepora_isolate_JS-1_chromosome_7_Amil_v2.1_whole_genome_shotgun_sequence_295614 finished
creating pdf for NC_058072.1_Acropora_millepora_isolate_JS-1_chromosome_7_Amil_v2.1_whole_genome_shotgun_sequence_318110 finished
creating pdf for NC_058069.1_Acropora_millepora_isolate_JS-1_chromosome_4_Amil_v2.1_whole_genome_shotgun_sequence_193634 finished
creating pdf for NC_058067.1_Acropora_millepora_isolate_JS-1_chromosome_2_Amil_v2.1_whole_genome_shotgun_sequence_114687 finished
creating pdf for NC_058067.1_Acropora_millepora_isolate_JS-1_chromosome_2_Amil_v2.1_whole_genome_shotgun_sequence_85389 finished
creating pdf for NC_058068.1_Acropora_millepora_isolate_JS-1_chromosome_3_Amil_v2.1_whole_genome_shotgun_sequence_141384 finished
creating pdf for NC_058074.1_Acropora_millepora_isolate_JS-1_chromosome_9_Amil_v2.1_whole_genome_shotgun_sequence_348474 finished
creating pdf for NC_058067.1_Acropora_millepora_isolate_JS-1_chromosome_2_Amil_v2.1_whole_genome_shotgun_sequence_107317 finished
creating pdf for NC_058066.1_Acropora_millepora_isolate_JS-1_chromosome_1_Amil_v2.1_whole_genome_shotgun_sequence_43162 finished
creating pdf for NC_058071.1_Acropora_millepora_isolate_JS-1_chromosome_6_Amil_v2.1_whole_genome_shotgun_sequence_269853 finished
creating pdf for NW_025323232.1_Acropora_millepora_isolate_JS-1_unplaced_genomic_scaffold_Amil_v2.1_xpSc0000683_whole_genome_shotgun_sequence_758965 finished
creating pdf for NW_025323148.1_Acropora_millepora_isolate_JS-1_unplaced_genomic_scaffold_Amil_v2.1_xpSc0000591_whole_genome_shotgun_sequence_747324 finished
creating pdf for NC_058070.1_Acropora_millepora_isolate_JS-1_chromosome_5_Amil_v2.1_whole_genome_shotgun_sequence_243919 finished
creating pdf for NC_058077.1_Acropora_millepora_isolate_JS-1_chromosome_12_Amil_v2.1_whole_genome_shotgun_sequence_443088 finished
creating pdf for NC_058078.1_Acropora_millepora_isolate_JS-1_chromosome_13_Amil_v2.1_whole_genome_shotgun_sequence_489692 finished
creating pdf for NC_058072.1_Acropora_millepora_isolate_JS-1_chromosome_7_Amil_v2.1_whole_genome_shotgun_sequence_279046 finished
creating pdf for NC_058067.1_Acropora_millepora_isolate_JS-1_chromosome_2_Amil_v2.1_whole_genome_shotgun_sequence_84764 finished
creating pdf for NC_058070.1_Acropora_millepora_isolate_JS-1_chromosome_5_Amil_v2.1_whole_genome_shotgun_sequence_237986 finished
creating pdf for NC_058070.1_Acropora_millepora_isolate_JS-1_chromosome_5_Amil_v2.1_whole_genome_shotgun_sequence_226769 finished
creating pdf for NC_058078.1_Acropora_millepora_isolate_JS-1_chromosome_13_Amil_v2.1_whole_genome_shotgun_sequence_502316 finished
creating pdf for NC_058072.1_Acropora_millepora_isolate_JS-1_chromosome_7_Amil_v2.1_whole_genome_shotgun_sequence_281071 finished
creating pdf for NC_058069.1_Acropora_millepora_isolate_JS-1_chromosome_4_Amil_v2.1_whole_genome_shotgun_sequence_167435 finished
creating pdf for NC_058070.1_Acropora_millepora_isolate_JS-1_chromosome_5_Amil_v2.1_whole_genome_shotgun_sequence_221839 finished
creating pdf for NW_025322622.1_Acropora_millepora_isolate_JS-1_unplaced_genomic_scaffold_Amil_v2.1_Sc0000061_whole_genome_shotgun_sequence_578855 finished
creating pdf for NC_058069.1_Acropora_millepora_isolate_JS-1_chromosome_4_Amil_v2.1_whole_genome_shotgun_sequence_158036 finished
creating pdf for NC_058067.1_Acropora_millepora_isolate_JS-1_chromosome_2_Amil_v2.1_whole_genome_shotgun_sequence_99544 finished
creating pdf for NC_058067.1_Acropora_millepora_isolate_JS-1_chromosome_2_Amil_v2.1_whole_genome_shotgun_sequence_99560 finished
creating pdf for NC_058067.1_Acropora_millepora_isolate_JS-1_chromosome_2_Amil_v2.1_whole_genome_shotgun_sequence_99586 finished
creating pdf for NC_058073.1_Acropora_millepora_isolate_JS-1_chromosome_8_Amil_v2.1_whole_genome_shotgun_sequence_344920 finished
creating pdf for NC_058069.1_Acropora_millepora_isolate_JS-1_chromosome_4_Amil_v2.1_whole_genome_shotgun_sequence_158038 finished
creating pdf for NC_058076.1_Acropora_millepora_isolate_JS-1_chromosome_11_Amil_v2.1_whole_genome_shotgun_sequence_434762 finished
creating pdf for NC_058073.1_Acropora_millepora_isolate_JS-1_chromosome_8_Amil_v2.1_whole_genome_shotgun_sequence_328215 finished
creating pdf for NC_058067.1_Acropora_millepora_isolate_JS-1_chromosome_2_Amil_v2.1_whole_genome_shotgun_sequence_123035 finished
creating pdf for NC_058078.1_Acropora_millepora_isolate_JS-1_chromosome_13_Amil_v2.1_whole_genome_shotgun_sequence_489676 finished
creating pdf for NC_058075.1_Acropora_millepora_isolate_JS-1_chromosome_10_Amil_v2.1_whole_genome_shotgun_sequence_395145 finished
creating pdf for NC_058072.1_Acropora_millepora_isolate_JS-1_chromosome_7_Amil_v2.1_whole_genome_shotgun_sequence_300399 finished
creating pdf for NC_058076.1_Acropora_millepora_isolate_JS-1_chromosome_11_Amil_v2.1_whole_genome_shotgun_sequence_423809 finished
creating pdf for NW_025322653.1_Acropora_millepora_isolate_JS-1_unplaced_genomic_scaffold_Amil_v2.1_Sc0000146_whole_genome_shotgun_sequence_627632 finished
creating pdf for NC_058066.1_Acropora_millepora_isolate_JS-1_chromosome_1_Amil_v2.1_whole_genome_shotgun_sequence_14067 finished
creating pdf for NC_058078.1_Acropora_millepora_isolate_JS-1_chromosome_13_Amil_v2.1_whole_genome_shotgun_sequence_512504 finished
creating pdf for NC_058071.1_Acropora_millepora_isolate_JS-1_chromosome_6_Amil_v2.1_whole_genome_shotgun_sequence_255760 finished
creating pdf for NC_058079.1_Acropora_millepora_isolate_JS-1_chromosome_14_Amil_v2.1_whole_genome_shotgun_sequence_514889 finished
creating pdf for NW_025322615.1_Acropora_millepora_isolate_JS-1_unplaced_genomic_scaffold_Amil_v2.1_Sc0000015_whole_genome_shotgun_sequence_547766 finished
creating pdf for NC_058067.1_Acropora_millepora_isolate_JS-1_chromosome_2_Amil_v2.1_whole_genome_shotgun_sequence_94158 finished
creating pdf for NW_025322681.1_Acropora_millepora_isolate_JS-1_unplaced_genomic_scaffold_Amil_v2.1_Sc0000192_whole_genome_shotgun_sequence_649426 finished
creating pdf for NW_025322624.1_Acropora_millepora_isolate_JS-1_unplaced_genomic_scaffold_Amil_v2.1_Sc0000070_whole_genome_shotgun_sequence_583628 finished
creating pdf for NC_058074.1_Acropora_millepora_isolate_JS-1_chromosome_9_Amil_v2.1_whole_genome_shotgun_sequence_373046 finished
creating pdf for NC_058068.1_Acropora_millepora_isolate_JS-1_chromosome_3_Amil_v2.1_whole_genome_shotgun_sequence_152302 finished
creating pdf for NC_058069.1_Acropora_millepora_isolate_JS-1_chromosome_4_Amil_v2.1_whole_genome_shotgun_sequence_155016 finished
creating pdf for NC_058075.1_Acropora_millepora_isolate_JS-1_chromosome_10_Amil_v2.1_whole_genome_shotgun_sequence_404640 finished
creating pdf for NC_058066.1_Acropora_millepora_isolate_JS-1_chromosome_1_Amil_v2.1_whole_genome_shotgun_sequence_28567 finished
creating pdf for NC_058078.1_Acropora_millepora_isolate_JS-1_chromosome_13_Amil_v2.1_whole_genome_shotgun_sequence_500792 finished
creating pdf for NC_058075.1_Acropora_millepora_isolate_JS-1_chromosome_10_Amil_v2.1_whole_genome_shotgun_sequence_390473 finished
creating pdf for NC_058078.1_Acropora_millepora_isolate_JS-1_chromosome_13_Amil_v2.1_whole_genome_shotgun_sequence_512314 finished
creating pdf for NW_025322617.1_Acropora_millepora_isolate_JS-1_unplaced_genomic_scaffold_Amil_v2.1_Sc0000030_whole_genome_shotgun_sequence_555862 finished
creating pdf for NC_058068.1_Acropora_millepora_isolate_JS-1_chromosome_3_Amil_v2.1_whole_genome_shotgun_sequence_152300 finished
creating pdf for NC_058079.1_Acropora_millepora_isolate_JS-1_chromosome_14_Amil_v2.1_whole_genome_shotgun_sequence_536725 finished
creating pdf for NC_058076.1_Acropora_millepora_isolate_JS-1_chromosome_11_Amil_v2.1_whole_genome_shotgun_sequence_415405 finished
creating pdf for NC_058069.1_Acropora_millepora_isolate_JS-1_chromosome_4_Amil_v2.1_whole_genome_shotgun_sequence_177636 finished
creating pdf for NC_058067.1_Acropora_millepora_isolate_JS-1_chromosome_2_Amil_v2.1_whole_genome_shotgun_sequence_99041 finished
creating pdf for NC_058073.1_Acropora_millepora_isolate_JS-1_chromosome_8_Amil_v2.1_whole_genome_shotgun_sequence_319162 finished
creating pdf for NC_058079.1_Acropora_millepora_isolate_JS-1_chromosome_14_Amil_v2.1_whole_genome_shotgun_sequence_516747 finished
creating pdf for NC_058079.1_Acropora_millepora_isolate_JS-1_chromosome_14_Amil_v2.1_whole_genome_shotgun_sequence_516787 finished
creating pdf for NW_025322635.1_Acropora_millepora_isolate_JS-1_unplaced_genomic_scaffold_Amil_v2.1_Sc0000104_whole_genome_shotgun_sequence_604624 finished
creating pdf for NW_025322876.1_Acropora_millepora_isolate_JS-1_unplaced_genomic_scaffold_Amil_v2.1_xfSc0000225_whole_genome_shotgun_sequence_714776 finished
creating pdf for NC_058069.1_Acropora_millepora_isolate_JS-1_chromosome_4_Amil_v2.1_whole_genome_shotgun_sequence_159152 finished
creating pdf for NC_058067.1_Acropora_millepora_isolate_JS-1_chromosome_2_Amil_v2.1_whole_genome_shotgun_sequence_100472 finished
creating pdf for NC_058071.1_Acropora_millepora_isolate_JS-1_chromosome_6_Amil_v2.1_whole_genome_shotgun_sequence_260821 finished
creating pdf for NC_058075.1_Acropora_millepora_isolate_JS-1_chromosome_10_Amil_v2.1_whole_genome_shotgun_sequence_387253 finished
creating pdf for NW_025322629.1_Acropora_millepora_isolate_JS-1_unplaced_genomic_scaffold_Amil_v2.1_Sc0000089_whole_genome_shotgun_sequence_595495 finished
creating pdf for NW_025322624.1_Acropora_millepora_isolate_JS-1_unplaced_genomic_scaffold_Amil_v2.1_Sc0000070_whole_genome_shotgun_sequence_584264 finished
creating pdf for NC_058079.1_Acropora_millepora_isolate_JS-1_chromosome_14_Amil_v2.1_whole_genome_shotgun_sequence_520342 finished
creating pdf for NC_058071.1_Acropora_millepora_isolate_JS-1_chromosome_6_Amil_v2.1_whole_genome_shotgun_sequence_260816 finished
creating pdf for NC_058070.1_Acropora_millepora_isolate_JS-1_chromosome_5_Amil_v2.1_whole_genome_shotgun_sequence_249036 finished
creating pdf for NC_058066.1_Acropora_millepora_isolate_JS-1_chromosome_1_Amil_v2.1_whole_genome_shotgun_sequence_16631 finished
creating pdf for NC_058069.1_Acropora_millepora_isolate_JS-1_chromosome_4_Amil_v2.1_whole_genome_shotgun_sequence_158320 finished
creating pdf for NC_058066.1_Acropora_millepora_isolate_JS-1_chromosome_1_Amil_v2.1_whole_genome_shotgun_sequence_66778 finished
creating pdf for NC_058070.1_Acropora_millepora_isolate_JS-1_chromosome_5_Amil_v2.1_whole_genome_shotgun_sequence_237038 finished
creating pdf for NC_058070.1_Acropora_millepora_isolate_JS-1_chromosome_5_Amil_v2.1_whole_genome_shotgun_sequence_234536 finished
creating pdf for NC_058067.1_Acropora_millepora_isolate_JS-1_chromosome_2_Amil_v2.1_whole_genome_shotgun_sequence_85610 finished
creating pdf for NW_025322643.1_Acropora_millepora_isolate_JS-1_unplaced_genomic_scaffold_Amil_v2.1_Sc0000126_whole_genome_shotgun_sequence_617550 finished
creating pdf for NC_058068.1_Acropora_millepora_isolate_JS-1_chromosome_3_Amil_v2.1_whole_genome_shotgun_sequence_152422 finished
creating pdf for NW_025322623.1_Acropora_millepora_isolate_JS-1_unplaced_genomic_scaffold_Amil_v2.1_Sc0000066_whole_genome_shotgun_sequence_582563 finished
creating pdf for NC_058074.1_Acropora_millepora_isolate_JS-1_chromosome_9_Amil_v2.1_whole_genome_shotgun_sequence_348889 finished
creating pdf for NW_025322864.1_Acropora_millepora_isolate_JS-1_unplaced_genomic_scaffold_Amil_v2.1_xfSc0000213_whole_genome_shotgun_sequence_712988 finished
creating pdf for NW_025322763.1_Acropora_millepora_isolate_JS-1_unplaced_genomic_scaffold_Amil_v2.1_xfSc0000033_whole_genome_shotgun_sequence_671991 finished
creating pdf for NC_058079.1_Acropora_millepora_isolate_JS-1_chromosome_14_Amil_v2.1_whole_genome_shotgun_sequence_528683 finished
creating pdf for NC_058067.1_Acropora_millepora_isolate_JS-1_chromosome_2_Amil_v2.1_whole_genome_shotgun_sequence_85257 finished
creating pdf for NC_058071.1_Acropora_millepora_isolate_JS-1_chromosome_6_Amil_v2.1_whole_genome_shotgun_sequence_260814 finished
creating pdf for NW_025322865.1_Acropora_millepora_isolate_JS-1_unplaced_genomic_scaffold_Amil_v2.1_xfSc0000214_whole_genome_shotgun_sequence_713088 finished
creating pdf for NC_058067.1_Acropora_millepora_isolate_JS-1_chromosome_2_Amil_v2.1_whole_genome_shotgun_sequence_115437 finished
creating pdf for NC_058072.1_Acropora_millepora_isolate_JS-1_chromosome_7_Amil_v2.1_whole_genome_shotgun_sequence_299173 finished
creating pdf for NW_025322617.1_Acropora_millepora_isolate_JS-1_unplaced_genomic_scaffold_Amil_v2.1_Sc0000030_whole_genome_shotgun_sequence_555705 finished
creating pdf for NC_058067.1_Acropora_millepora_isolate_JS-1_chromosome_2_Amil_v2.1_whole_genome_shotgun_sequence_103691 finished
creating pdf for NC_058069.1_Acropora_millepora_isolate_JS-1_chromosome_4_Amil_v2.1_whole_genome_shotgun_sequence_170835 finished
creating pdf for NC_058069.1_Acropora_millepora_isolate_JS-1_chromosome_4_Amil_v2.1_whole_genome_shotgun_sequence_194394 finished
creating pdf for NC_058066.1_Acropora_millepora_isolate_JS-1_chromosome_1_Amil_v2.1_whole_genome_shotgun_sequence_64888 finished
creating pdf for NC_058070.1_Acropora_millepora_isolate_JS-1_chromosome_5_Amil_v2.1_whole_genome_shotgun_sequence_203508 finished
creating pdf for NC_058067.1_Acropora_millepora_isolate_JS-1_chromosome_2_Amil_v2.1_whole_genome_shotgun_sequence_75184 finished
creating pdf for NW_025322863.1_Acropora_millepora_isolate_JS-1_unplaced_genomic_scaffold_Amil_v2.1_xfSc0000212_whole_genome_shotgun_sequence_712658 finished
creating pdf for NC_058074.1_Acropora_millepora_isolate_JS-1_chromosome_9_Amil_v2.1_whole_genome_shotgun_sequence_364993 finished
creating pdf for NC_058071.1_Acropora_millepora_isolate_JS-1_chromosome_6_Amil_v2.1_whole_genome_shotgun_sequence_277664 finished
creating pdf for NW_025322901.1_Acropora_millepora_isolate_JS-1_unplaced_genomic_scaffold_Amil_v2.1_xfSc0000251_whole_genome_shotgun_sequence_718891 finished
creating pdf for NC_058077.1_Acropora_millepora_isolate_JS-1_chromosome_12_Amil_v2.1_whole_genome_shotgun_sequence_464192 finished
creating pdf for NC_058069.1_Acropora_millepora_isolate_JS-1_chromosome_4_Amil_v2.1_whole_genome_shotgun_sequence_161381 finished
creating pdf for NC_058068.1_Acropora_millepora_isolate_JS-1_chromosome_3_Amil_v2.1_whole_genome_shotgun_sequence_142074 finished
creating pdf for NC_058078.1_Acropora_millepora_isolate_JS-1_chromosome_13_Amil_v2.1_whole_genome_shotgun_sequence_484050 finished
creating pdf for NC_058066.1_Acropora_millepora_isolate_JS-1_chromosome_1_Amil_v2.1_whole_genome_shotgun_sequence_30304 finished
creating pdf for NC_058068.1_Acropora_millepora_isolate_JS-1_chromosome_3_Amil_v2.1_whole_genome_shotgun_sequence_147205 finished
creating pdf for NC_058069.1_Acropora_millepora_isolate_JS-1_chromosome_4_Amil_v2.1_whole_genome_shotgun_sequence_196227 finished
creating pdf for NW_025323127.1_Acropora_millepora_isolate_JS-1_unplaced_genomic_scaffold_Amil_v2.1_xpSc0000569_whole_genome_shotgun_sequence_740536 finished
creating pdf for NC_058066.1_Acropora_millepora_isolate_JS-1_chromosome_1_Amil_v2.1_whole_genome_shotgun_sequence_17327 finished
creating pdf for NC_058073.1_Acropora_millepora_isolate_JS-1_chromosome_8_Amil_v2.1_whole_genome_shotgun_sequence_340110 finished
creating pdf for NW_025322765.1_Acropora_millepora_isolate_JS-1_unplaced_genomic_scaffold_Amil_v2.1_xfSc0000041_whole_genome_shotgun_sequence_674848 finished
creating pdf for NW_025322765.1_Acropora_millepora_isolate_JS-1_unplaced_genomic_scaffold_Amil_v2.1_xfSc0000041_whole_genome_shotgun_sequence_674173 finished
creating pdf for NW_025322774.1_Acropora_millepora_isolate_JS-1_unplaced_genomic_scaffold_Amil_v2.1_xfSc0000084_whole_genome_shotgun_sequence_683812 finished
creating pdf for NC_058071.1_Acropora_millepora_isolate_JS-1_chromosome_6_Amil_v2.1_whole_genome_shotgun_sequence_260820 finished
creating pdf for NW_025322764.1_Acropora_millepora_isolate_JS-1_unplaced_genomic_scaffold_Amil_v2.1_xfSc0000036_whole_genome_shotgun_sequence_673562 finished
creating pdf for NC_058069.1_Acropora_millepora_isolate_JS-1_chromosome_4_Amil_v2.1_whole_genome_shotgun_sequence_186262 finished
creating pdf for NC_058076.1_Acropora_millepora_isolate_JS-1_chromosome_11_Amil_v2.1_whole_genome_shotgun_sequence_433115 finished
creating pdf for NC_058068.1_Acropora_millepora_isolate_JS-1_chromosome_3_Amil_v2.1_whole_genome_shotgun_sequence_141124 finished
creating pdf for NC_058075.1_Acropora_millepora_isolate_JS-1_chromosome_10_Amil_v2.1_whole_genome_shotgun_sequence_398419 finished
creating pdf for NC_058070.1_Acropora_millepora_isolate_JS-1_chromosome_5_Amil_v2.1_whole_genome_shotgun_sequence_208706 finished
creating pdf for NC_058069.1_Acropora_millepora_isolate_JS-1_chromosome_4_Amil_v2.1_whole_genome_shotgun_sequence_194092 finished
creating pdf for NC_058067.1_Acropora_millepora_isolate_JS-1_chromosome_2_Amil_v2.1_whole_genome_shotgun_sequence_121920 finished
creating pdf for NC_058067.1_Acropora_millepora_isolate_JS-1_chromosome_2_Amil_v2.1_whole_genome_shotgun_sequence_93467 finished
creating pdf for NC_058069.1_Acropora_millepora_isolate_JS-1_chromosome_4_Amil_v2.1_whole_genome_shotgun_sequence_194094 finished
creating pdf for NC_058079.1_Acropora_millepora_isolate_JS-1_chromosome_14_Amil_v2.1_whole_genome_shotgun_sequence_529371 finished
creating pdf for NC_058079.1_Acropora_millepora_isolate_JS-1_chromosome_14_Amil_v2.1_whole_genome_shotgun_sequence_546972 finished
creating pdf for NW_025322764.1_Acropora_millepora_isolate_JS-1_unplaced_genomic_scaffold_Amil_v2.1_xfSc0000036_whole_genome_shotgun_sequence_673061 finished
creating pdf for NC_058070.1_Acropora_millepora_isolate_JS-1_chromosome_5_Amil_v2.1_whole_genome_shotgun_sequence_234140 finished
creating pdf for NW_025322823.1_Acropora_millepora_isolate_JS-1_unplaced_genomic_scaffold_Amil_v2.1_xfSc0000167_whole_genome_shotgun_sequence_704425 finished
creating pdf for NC_058070.1_Acropora_millepora_isolate_JS-1_chromosome_5_Amil_v2.1_whole_genome_shotgun_sequence_243154 finished
creating pdf for NC_058068.1_Acropora_millepora_isolate_JS-1_chromosome_3_Amil_v2.1_whole_genome_shotgun_sequence_136687 finished
creating pdf for NC_058079.1_Acropora_millepora_isolate_JS-1_chromosome_14_Amil_v2.1_whole_genome_shotgun_sequence_518700 finished
creating pdf for NW_025322777.1_Acropora_millepora_isolate_JS-1_unplaced_genomic_scaffold_Amil_v2.1_xfSc0000098_whole_genome_shotgun_sequence_686072 finished
creating pdf for NW_025322689.1_Acropora_millepora_isolate_JS-1_unplaced_genomic_scaffold_Amil_v2.1_Sc0000203_whole_genome_shotgun_sequence_653160 finished
creating pdf for NC_058069.1_Acropora_millepora_isolate_JS-1_chromosome_4_Amil_v2.1_whole_genome_shotgun_sequence_169553 finished
creating pdf for NC_058067.1_Acropora_millepora_isolate_JS-1_chromosome_2_Amil_v2.1_whole_genome_shotgun_sequence_104590 finished
creating pdf for NW_025322804.1_Acropora_millepora_isolate_JS-1_unplaced_genomic_scaffold_Amil_v2.1_xfSc0000145_whole_genome_shotgun_sequence_699633 finished
creating pdf for NC_058078.1_Acropora_millepora_isolate_JS-1_chromosome_13_Amil_v2.1_whole_genome_shotgun_sequence_493677 finished
creating pdf for NW_025322636.1_Acropora_millepora_isolate_JS-1_unplaced_genomic_scaffold_Amil_v2.1_Sc0000107_whole_genome_shotgun_sequence_606669 finished
creating pdf for NC_058067.1_Acropora_millepora_isolate_JS-1_chromosome_2_Amil_v2.1_whole_genome_shotgun_sequence_71083 finished
creating pdf for NC_058070.1_Acropora_millepora_isolate_JS-1_chromosome_5_Amil_v2.1_whole_genome_shotgun_sequence_209869 finished
creating pdf for NW_025322624.1_Acropora_millepora_isolate_JS-1_unplaced_genomic_scaffold_Amil_v2.1_Sc0000070_whole_genome_shotgun_sequence_584226 finished
creating pdf for NC_058068.1_Acropora_millepora_isolate_JS-1_chromosome_3_Amil_v2.1_whole_genome_shotgun_sequence_142893 finished
creating pdf for NC_058078.1_Acropora_millepora_isolate_JS-1_chromosome_13_Amil_v2.1_whole_genome_shotgun_sequence_481007 finished
creating pdf for NC_058078.1_Acropora_millepora_isolate_JS-1_chromosome_13_Amil_v2.1_whole_genome_shotgun_sequence_498084 finished
creating pdf for NC_058070.1_Acropora_millepora_isolate_JS-1_chromosome_5_Amil_v2.1_whole_genome_shotgun_sequence_235248 finished
creating pdf for NW_025322618.1_Acropora_millepora_isolate_JS-1_unplaced_genomic_scaffold_Amil_v2.1_Sc0000038_whole_genome_shotgun_sequence_558867 finished
creating pdf for NW_025322834.1_Acropora_millepora_isolate_JS-1_unplaced_genomic_scaffold_Amil_v2.1_xfSc0000181_whole_genome_shotgun_sequence_706715 finished
creating pdf for NW_025322652.1_Acropora_millepora_isolate_JS-1_unplaced_genomic_scaffold_Amil_v2.1_Sc0000145_whole_genome_shotgun_sequence_626697 finished
creating pdf for NC_058073.1_Acropora_millepora_isolate_JS-1_chromosome_8_Amil_v2.1_whole_genome_shotgun_sequence_320085 finished
creating pdf for NC_058069.1_Acropora_millepora_isolate_JS-1_chromosome_4_Amil_v2.1_whole_genome_shotgun_sequence_185108 finished
creating pdf for NC_058069.1_Acropora_millepora_isolate_JS-1_chromosome_4_Amil_v2.1_whole_genome_shotgun_sequence_185110 finished
creating pdf for NC_058073.1_Acropora_millepora_isolate_JS-1_chromosome_8_Amil_v2.1_whole_genome_shotgun_sequence_329956 finished
creating pdf for NW_025322616.1_Acropora_millepora_isolate_JS-1_unplaced_genomic_scaffold_Amil_v2.1_Sc0000028_whole_genome_shotgun_sequence_553002 finished
creating pdf for NC_058067.1_Acropora_millepora_isolate_JS-1_chromosome_2_Amil_v2.1_whole_genome_shotgun_sequence_98048 finished
creating pdf for NC_058069.1_Acropora_millepora_isolate_JS-1_chromosome_4_Amil_v2.1_whole_genome_shotgun_sequence_156982 finished
creating pdf for NC_058075.1_Acropora_millepora_isolate_JS-1_chromosome_10_Amil_v2.1_whole_genome_shotgun_sequence_394516 finished
creating pdf for NC_058070.1_Acropora_millepora_isolate_JS-1_chromosome_5_Amil_v2.1_whole_genome_shotgun_sequence_217365 finished
creating pdf for NW_025322615.1_Acropora_millepora_isolate_JS-1_unplaced_genomic_scaffold_Amil_v2.1_Sc0000015_whole_genome_shotgun_sequence_551134 finished
creating pdf for NW_025322766.1_Acropora_millepora_isolate_JS-1_unplaced_genomic_scaffold_Amil_v2.1_xfSc0000046_whole_genome_shotgun_sequence_675486 finished
creating pdf for NC_058066.1_Acropora_millepora_isolate_JS-1_chromosome_1_Amil_v2.1_whole_genome_shotgun_sequence_1611 finished
creating pdf for NC_058079.1_Acropora_millepora_isolate_JS-1_chromosome_14_Amil_v2.1_whole_genome_shotgun_sequence_532082 finished
creating pdf for NW_025322627.1_Acropora_millepora_isolate_JS-1_unplaced_genomic_scaffold_Amil_v2.1_Sc0000080_whole_genome_shotgun_sequence_591390 finished
creating pdf for NC_058076.1_Acropora_millepora_isolate_JS-1_chromosome_11_Amil_v2.1_whole_genome_shotgun_sequence_422748 finished
creating pdf for NC_058072.1_Acropora_millepora_isolate_JS-1_chromosome_7_Amil_v2.1_whole_genome_shotgun_sequence_302065 finished
creating pdf for NC_058073.1_Acropora_millepora_isolate_JS-1_chromosome_8_Amil_v2.1_whole_genome_shotgun_sequence_324933 finished
creating pdf for NC_058069.1_Acropora_millepora_isolate_JS-1_chromosome_4_Amil_v2.1_whole_genome_shotgun_sequence_199338 finished
creating pdf for NC_058066.1_Acropora_millepora_isolate_JS-1_chromosome_1_Amil_v2.1_whole_genome_shotgun_sequence_32670 finished
creating pdf for NC_058067.1_Acropora_millepora_isolate_JS-1_chromosome_2_Amil_v2.1_whole_genome_shotgun_sequence_75261 finished
creating pdf for NC_058078.1_Acropora_millepora_isolate_JS-1_chromosome_13_Amil_v2.1_whole_genome_shotgun_sequence_496394 finished
creating pdf for NC_058067.1_Acropora_millepora_isolate_JS-1_chromosome_2_Amil_v2.1_whole_genome_shotgun_sequence_114701 finished
creating pdf for NC_058067.1_Acropora_millepora_isolate_JS-1_chromosome_2_Amil_v2.1_whole_genome_shotgun_sequence_85261 finished
creating pdf for NC_058073.1_Acropora_millepora_isolate_JS-1_chromosome_8_Amil_v2.1_whole_genome_shotgun_sequence_328676 finished
creating pdf for NC_058068.1_Acropora_millepora_isolate_JS-1_chromosome_3_Amil_v2.1_whole_genome_shotgun_sequence_148658 finished
creating pdf for NC_058077.1_Acropora_millepora_isolate_JS-1_chromosome_12_Amil_v2.1_whole_genome_shotgun_sequence_462498 finished
creating pdf for NC_058071.1_Acropora_millepora_isolate_JS-1_chromosome_6_Amil_v2.1_whole_genome_shotgun_sequence_276267 finished
creating pdf for NC_058071.1_Acropora_millepora_isolate_JS-1_chromosome_6_Amil_v2.1_whole_genome_shotgun_sequence_254014 finished
creating pdf for NC_058075.1_Acropora_millepora_isolate_JS-1_chromosome_10_Amil_v2.1_whole_genome_shotgun_sequence_408878 finished
creating pdf for NC_058066.1_Acropora_millepora_isolate_JS-1_chromosome_1_Amil_v2.1_whole_genome_shotgun_sequence_17546 finished
creating pdf for NW_025322620.1_Acropora_millepora_isolate_JS-1_unplaced_genomic_scaffold_Amil_v2.1_Sc0000055_whole_genome_shotgun_sequence_567404 finished
creating pdf for NC_058066.1_Acropora_millepora_isolate_JS-1_chromosome_1_Amil_v2.1_whole_genome_shotgun_sequence_17530 finished
creating pdf for NC_058078.1_Acropora_millepora_isolate_JS-1_chromosome_13_Amil_v2.1_whole_genome_shotgun_sequence_485095 finished
creating pdf for NW_025322620.1_Acropora_millepora_isolate_JS-1_unplaced_genomic_scaffold_Amil_v2.1_Sc0000055_whole_genome_shotgun_sequence_570881 finished
creating pdf for NC_058069.1_Acropora_millepora_isolate_JS-1_chromosome_4_Amil_v2.1_whole_genome_shotgun_sequence_187258 finished
creating pdf for NC_058073.1_Acropora_millepora_isolate_JS-1_chromosome_8_Amil_v2.1_whole_genome_shotgun_sequence_325144 finished
creating pdf for NC_058068.1_Acropora_millepora_isolate_JS-1_chromosome_3_Amil_v2.1_whole_genome_shotgun_sequence_134723 finished
creating pdf for NC_058077.1_Acropora_millepora_isolate_JS-1_chromosome_12_Amil_v2.1_whole_genome_shotgun_sequence_478802 finished
creating pdf for NC_058067.1_Acropora_millepora_isolate_JS-1_chromosome_2_Amil_v2.1_whole_genome_shotgun_sequence_107324 finished
creating pdf for NC_058073.1_Acropora_millepora_isolate_JS-1_chromosome_8_Amil_v2.1_whole_genome_shotgun_sequence_321195 finished
creating pdf for NW_025323223.1_Acropora_millepora_isolate_JS-1_unplaced_genomic_scaffold_Amil_v2.1_xpSc0000674_whole_genome_shotgun_sequence_758222 finished
creating pdf for NC_058079.1_Acropora_millepora_isolate_JS-1_chromosome_14_Amil_v2.1_whole_genome_shotgun_sequence_515126 finished
creating pdf for NC_058069.1_Acropora_millepora_isolate_JS-1_chromosome_4_Amil_v2.1_whole_genome_shotgun_sequence_165285 finished
creating pdf for NC_058069.1_Acropora_millepora_isolate_JS-1_chromosome_4_Amil_v2.1_whole_genome_shotgun_sequence_183540 finished
creating pdf for NC_058075.1_Acropora_millepora_isolate_JS-1_chromosome_10_Amil_v2.1_whole_genome_shotgun_sequence_388624 finished
creating pdf for NC_058077.1_Acropora_millepora_isolate_JS-1_chromosome_12_Amil_v2.1_whole_genome_shotgun_sequence_455446 finished
creating pdf for NC_058069.1_Acropora_millepora_isolate_JS-1_chromosome_4_Amil_v2.1_whole_genome_shotgun_sequence_156702 finished
creating pdf for NC_058077.1_Acropora_millepora_isolate_JS-1_chromosome_12_Amil_v2.1_whole_genome_shotgun_sequence_475510 finished
creating pdf for NW_025322616.1_Acropora_millepora_isolate_JS-1_unplaced_genomic_scaffold_Amil_v2.1_Sc0000028_whole_genome_shotgun_sequence_552812 finished
creating pdf for NC_058078.1_Acropora_millepora_isolate_JS-1_chromosome_13_Amil_v2.1_whole_genome_shotgun_sequence_500478 finished
creating pdf for NC_058074.1_Acropora_millepora_isolate_JS-1_chromosome_9_Amil_v2.1_whole_genome_shotgun_sequence_370010 finished
creating pdf for NC_058067.1_Acropora_millepora_isolate_JS-1_chromosome_2_Amil_v2.1_whole_genome_shotgun_sequence_107326 finished
creating pdf for NC_058078.1_Acropora_millepora_isolate_JS-1_chromosome_13_Amil_v2.1_whole_genome_shotgun_sequence_501028 finished
creating pdf for NC_058075.1_Acropora_millepora_isolate_JS-1_chromosome_10_Amil_v2.1_whole_genome_shotgun_sequence_409102 finished
creating pdf for NC_058068.1_Acropora_millepora_isolate_JS-1_chromosome_3_Amil_v2.1_whole_genome_shotgun_sequence_153072 finished
creating pdf for NW_025322617.1_Acropora_millepora_isolate_JS-1_unplaced_genomic_scaffold_Amil_v2.1_Sc0000030_whole_genome_shotgun_sequence_555837 finished
creating pdf for NC_058074.1_Acropora_millepora_isolate_JS-1_chromosome_9_Amil_v2.1_whole_genome_shotgun_sequence_365236 finished
creating pdf for NC_058075.1_Acropora_millepora_isolate_JS-1_chromosome_10_Amil_v2.1_whole_genome_shotgun_sequence_404497 finished
creating pdf for NC_058071.1_Acropora_millepora_isolate_JS-1_chromosome_6_Amil_v2.1_whole_genome_shotgun_sequence_274031 finished
creating pdf for NC_058070.1_Acropora_millepora_isolate_JS-1_chromosome_5_Amil_v2.1_whole_genome_shotgun_sequence_223252 finished
creating pdf for NW_025322624.1_Acropora_millepora_isolate_JS-1_unplaced_genomic_scaffold_Amil_v2.1_Sc0000070_whole_genome_shotgun_sequence_584228 finished
creating pdf for NW_025322762.1_Acropora_millepora_isolate_JS-1_unplaced_genomic_scaffold_Amil_v2.1_xfSc0000023_whole_genome_shotgun_sequence_670568 finished
creating pdf for NC_058076.1_Acropora_millepora_isolate_JS-1_chromosome_11_Amil_v2.1_whole_genome_shotgun_sequence_411611 finished
creating pdf for NC_058066.1_Acropora_millepora_isolate_JS-1_chromosome_1_Amil_v2.1_whole_genome_shotgun_sequence_29158 finished
creating pdf for NC_058066.1_Acropora_millepora_isolate_JS-1_chromosome_1_Amil_v2.1_whole_genome_shotgun_sequence_48496 finished
creating pdf for NC_058071.1_Acropora_millepora_isolate_JS-1_chromosome_6_Amil_v2.1_whole_genome_shotgun_sequence_260701 finished
creating pdf for NC_058069.1_Acropora_millepora_isolate_JS-1_chromosome_4_Amil_v2.1_whole_genome_shotgun_sequence_185621 finished
creating pdf for NC_058069.1_Acropora_millepora_isolate_JS-1_chromosome_4_Amil_v2.1_whole_genome_shotgun_sequence_197507 finished
creating pdf for NC_058068.1_Acropora_millepora_isolate_JS-1_chromosome_3_Amil_v2.1_whole_genome_shotgun_sequence_138089 finished
creating pdf for NC_058067.1_Acropora_millepora_isolate_JS-1_chromosome_2_Amil_v2.1_whole_genome_shotgun_sequence_88965 finished
creating pdf for NC_058067.1_Acropora_millepora_isolate_JS-1_chromosome_2_Amil_v2.1_whole_genome_shotgun_sequence_118024 finished
creating pdf for NC_058067.1_Acropora_millepora_isolate_JS-1_chromosome_2_Amil_v2.1_whole_genome_shotgun_sequence_92131 finished
creating pdf for NC_058066.1_Acropora_millepora_isolate_JS-1_chromosome_1_Amil_v2.1_whole_genome_shotgun_sequence_18570 finished
creating pdf for NW_025322874.1_Acropora_millepora_isolate_JS-1_unplaced_genomic_scaffold_Amil_v2.1_xfSc0000223_whole_genome_shotgun_sequence_714548 finished
creating pdf for NW_025323150.1_Acropora_millepora_isolate_JS-1_unplaced_genomic_scaffold_Amil_v2.1_xpSc0000593_whole_genome_shotgun_sequence_747731 finished
creating pdf for NW_025322629.1_Acropora_millepora_isolate_JS-1_unplaced_genomic_scaffold_Amil_v2.1_Sc0000089_whole_genome_shotgun_sequence_594113 finished
creating pdf for NW_025322874.1_Acropora_millepora_isolate_JS-1_unplaced_genomic_scaffold_Amil_v2.1_xfSc0000223_whole_genome_shotgun_sequence_714485 finished
creating pdf for NC_058074.1_Acropora_millepora_isolate_JS-1_chromosome_9_Amil_v2.1_whole_genome_shotgun_sequence_352650 finished
creating pdf for NC_058077.1_Acropora_millepora_isolate_JS-1_chromosome_12_Amil_v2.1_whole_genome_shotgun_sequence_454605 finished
creating pdf for NC_058066.1_Acropora_millepora_isolate_JS-1_chromosome_1_Amil_v2.1_whole_genome_shotgun_sequence_41860 finished
creating pdf for NC_058076.1_Acropora_millepora_isolate_JS-1_chromosome_11_Amil_v2.1_whole_genome_shotgun_sequence_436758 finished
creating pdf for NC_058079.1_Acropora_millepora_isolate_JS-1_chromosome_14_Amil_v2.1_whole_genome_shotgun_sequence_517732 finished
creating pdf for NC_058073.1_Acropora_millepora_isolate_JS-1_chromosome_8_Amil_v2.1_whole_genome_shotgun_sequence_325132 finished
creating pdf for NC_058076.1_Acropora_millepora_isolate_JS-1_chromosome_11_Amil_v2.1_whole_genome_shotgun_sequence_426380 finished
creating pdf for NC_058073.1_Acropora_millepora_isolate_JS-1_chromosome_8_Amil_v2.1_whole_genome_shotgun_sequence_329786 finished
creating pdf for NC_058071.1_Acropora_millepora_isolate_JS-1_chromosome_6_Amil_v2.1_whole_genome_shotgun_sequence_268062 finished
creating pdf for NC_058068.1_Acropora_millepora_isolate_JS-1_chromosome_3_Amil_v2.1_whole_genome_shotgun_sequence_135915 finished
creating pdf for NC_058074.1_Acropora_millepora_isolate_JS-1_chromosome_9_Amil_v2.1_whole_genome_shotgun_sequence_353827 finished
creating pdf for NC_058072.1_Acropora_millepora_isolate_JS-1_chromosome_7_Amil_v2.1_whole_genome_shotgun_sequence_318643 finished
creating pdf for NC_058073.1_Acropora_millepora_isolate_JS-1_chromosome_8_Amil_v2.1_whole_genome_shotgun_sequence_328494 finished
creating pdf for NC_058073.1_Acropora_millepora_isolate_JS-1_chromosome_8_Amil_v2.1_whole_genome_shotgun_sequence_343229 finished
creating pdf for NC_058074.1_Acropora_millepora_isolate_JS-1_chromosome_9_Amil_v2.1_whole_genome_shotgun_sequence_346918 finished
creating pdf for NW_025323113.1_Acropora_millepora_isolate_JS-1_unplaced_genomic_scaffold_Amil_v2.1_xpSc0000550_whole_genome_shotgun_sequence_733556 finished
creating pdf for NC_058068.1_Acropora_millepora_isolate_JS-1_chromosome_3_Amil_v2.1_whole_genome_shotgun_sequence_135919 finished
creating pdf for NC_058070.1_Acropora_millepora_isolate_JS-1_chromosome_5_Amil_v2.1_whole_genome_shotgun_sequence_204550 finished
creating pdf for NC_058067.1_Acropora_millepora_isolate_JS-1_chromosome_2_Amil_v2.1_whole_genome_shotgun_sequence_77200 finished
creating pdf for NW_025322793.1_Acropora_millepora_isolate_JS-1_unplaced_genomic_scaffold_Amil_v2.1_xfSc0000130_whole_genome_shotgun_sequence_695484 finished
creating pdf for NC_058069.1_Acropora_millepora_isolate_JS-1_chromosome_4_Amil_v2.1_whole_genome_shotgun_sequence_171661 finished
creating pdf for NC_058067.1_Acropora_millepora_isolate_JS-1_chromosome_2_Amil_v2.1_whole_genome_shotgun_sequence_95862 finished
creating pdf for NC_058067.1_Acropora_millepora_isolate_JS-1_chromosome_2_Amil_v2.1_whole_genome_shotgun_sequence_100232 finished
creating pdf for NC_058068.1_Acropora_millepora_isolate_JS-1_chromosome_3_Amil_v2.1_whole_genome_shotgun_sequence_149839 finished
creating pdf for NC_058068.1_Acropora_millepora_isolate_JS-1_chromosome_3_Amil_v2.1_whole_genome_shotgun_sequence_131399 finished
creating pdf for NC_058078.1_Acropora_millepora_isolate_JS-1_chromosome_13_Amil_v2.1_whole_genome_shotgun_sequence_512651 finished
creating pdf for NC_058069.1_Acropora_millepora_isolate_JS-1_chromosome_4_Amil_v2.1_whole_genome_shotgun_sequence_198755 finished
creating pdf for NW_025322832.1_Acropora_millepora_isolate_JS-1_unplaced_genomic_scaffold_Amil_v2.1_xfSc0000179_whole_genome_shotgun_sequence_706421 finished
creating pdf for NC_058067.1_Acropora_millepora_isolate_JS-1_chromosome_2_Amil_v2.1_whole_genome_shotgun_sequence_102901 finished
creating pdf for NW_025322622.1_Acropora_millepora_isolate_JS-1_unplaced_genomic_scaffold_Amil_v2.1_Sc0000061_whole_genome_shotgun_sequence_575138 finished
creating pdf for NW_025322663.1_Acropora_millepora_isolate_JS-1_unplaced_genomic_scaffold_Amil_v2.1_Sc0000161_whole_genome_shotgun_sequence_638850 finished
creating pdf for NC_058076.1_Acropora_millepora_isolate_JS-1_chromosome_11_Amil_v2.1_whole_genome_shotgun_sequence_432911 finished
creating pdf for NC_058077.1_Acropora_millepora_isolate_JS-1_chromosome_12_Amil_v2.1_whole_genome_shotgun_sequence_447480 finished
creating pdf for NC_058066.1_Acropora_millepora_isolate_JS-1_chromosome_1_Amil_v2.1_whole_genome_shotgun_sequence_39817 finished
creating pdf for NC_058074.1_Acropora_millepora_isolate_JS-1_chromosome_9_Amil_v2.1_whole_genome_shotgun_sequence_366210 finished
creating pdf for NW_025322763.1_Acropora_millepora_isolate_JS-1_unplaced_genomic_scaffold_Amil_v2.1_xfSc0000033_whole_genome_shotgun_sequence_672541 finished
creating pdf for NC_058075.1_Acropora_millepora_isolate_JS-1_chromosome_10_Amil_v2.1_whole_genome_shotgun_sequence_402538 finished
creating pdf for NW_025322649.1_Acropora_millepora_isolate_JS-1_unplaced_genomic_scaffold_Amil_v2.1_Sc0000138_whole_genome_shotgun_sequence_624391 finished
creating pdf for NC_058070.1_Acropora_millepora_isolate_JS-1_chromosome_5_Amil_v2.1_whole_genome_shotgun_sequence_236670 finished
creating pdf for NC_058070.1_Acropora_millepora_isolate_JS-1_chromosome_5_Amil_v2.1_whole_genome_shotgun_sequence_218206 finished
creating pdf for NC_058078.1_Acropora_millepora_isolate_JS-1_chromosome_13_Amil_v2.1_whole_genome_shotgun_sequence_497039 finished
creating pdf for NW_025322633.1_Acropora_millepora_isolate_JS-1_unplaced_genomic_scaffold_Amil_v2.1_Sc0000098_whole_genome_shotgun_sequence_599644 finished
creating pdf for NW_025322871.1_Acropora_millepora_isolate_JS-1_unplaced_genomic_scaffold_Amil_v2.1_xfSc0000220_whole_genome_shotgun_sequence_714103 finished
creating pdf for NW_025322866.1_Acropora_millepora_isolate_JS-1_unplaced_genomic_scaffold_Amil_v2.1_xfSc0000215_whole_genome_shotgun_sequence_713317 finished
creating pdf for NW_025323144.1_Acropora_millepora_isolate_JS-1_unplaced_genomic_scaffold_Amil_v2.1_xpSc0000587_whole_genome_shotgun_sequence_746258 finished
creating pdf for NC_058079.1_Acropora_millepora_isolate_JS-1_chromosome_14_Amil_v2.1_whole_genome_shotgun_sequence_529253 finished
creating pdf for NC_058068.1_Acropora_millepora_isolate_JS-1_chromosome_3_Amil_v2.1_whole_genome_shotgun_sequence_126513 finished
creating pdf for NC_058069.1_Acropora_millepora_isolate_JS-1_chromosome_4_Amil_v2.1_whole_genome_shotgun_sequence_157277 finished
creating pdf for NW_025322637.1_Acropora_millepora_isolate_JS-1_unplaced_genomic_scaffold_Amil_v2.1_Sc0000109_whole_genome_shotgun_sequence_608386 finished
creating pdf for NC_058066.1_Acropora_millepora_isolate_JS-1_chromosome_1_Amil_v2.1_whole_genome_shotgun_sequence_9041 finished
creating pdf for NC_058071.1_Acropora_millepora_isolate_JS-1_chromosome_6_Amil_v2.1_whole_genome_shotgun_sequence_276171 finished
creating pdf for NC_058074.1_Acropora_millepora_isolate_JS-1_chromosome_9_Amil_v2.1_whole_genome_shotgun_sequence_374134 finished
creating pdf for NW_025322647.1_Acropora_millepora_isolate_JS-1_unplaced_genomic_scaffold_Amil_v2.1_Sc0000136_whole_genome_shotgun_sequence_621903 finished
creating pdf for NC_058066.1_Acropora_millepora_isolate_JS-1_chromosome_1_Amil_v2.1_whole_genome_shotgun_sequence_61956 finished
creating pdf for NC_058078.1_Acropora_millepora_isolate_JS-1_chromosome_13_Amil_v2.1_whole_genome_shotgun_sequence_508267 finished
creating pdf for NC_058075.1_Acropora_millepora_isolate_JS-1_chromosome_10_Amil_v2.1_whole_genome_shotgun_sequence_403951 finished
creating pdf for NC_058077.1_Acropora_millepora_isolate_JS-1_chromosome_12_Amil_v2.1_whole_genome_shotgun_sequence_479682 finished
creating pdf for NC_058074.1_Acropora_millepora_isolate_JS-1_chromosome_9_Amil_v2.1_whole_genome_shotgun_sequence_369936 finished
creating pdf for NW_025323102.1_Acropora_millepora_isolate_JS-1_unplaced_genomic_scaffold_Amil_v2.1_xpSc0000528_whole_genome_shotgun_sequence_726734 finished
creating pdf for NC_058075.1_Acropora_millepora_isolate_JS-1_chromosome_10_Amil_v2.1_whole_genome_shotgun_sequence_395408 finished
creating pdf for NC_058077.1_Acropora_millepora_isolate_JS-1_chromosome_12_Amil_v2.1_whole_genome_shotgun_sequence_468913 finished
creating pdf for NW_025323153.1_Acropora_millepora_isolate_JS-1_unplaced_genomic_scaffold_Amil_v2.1_xpSc0000596_whole_genome_shotgun_sequence_748216 finished
creating pdf for NC_058074.1_Acropora_millepora_isolate_JS-1_chromosome_9_Amil_v2.1_whole_genome_shotgun_sequence_369132 finished
creating pdf for NC_058076.1_Acropora_millepora_isolate_JS-1_chromosome_11_Amil_v2.1_whole_genome_shotgun_sequence_434831 finished
creating pdf for NW_025322675.1_Acropora_millepora_isolate_JS-1_unplaced_genomic_scaffold_Amil_v2.1_Sc0000183_whole_genome_shotgun_sequence_646188 finished
creating pdf for NC_058075.1_Acropora_millepora_isolate_JS-1_chromosome_10_Amil_v2.1_whole_genome_shotgun_sequence_407107 finished
creating pdf for NC_058076.1_Acropora_millepora_isolate_JS-1_chromosome_11_Amil_v2.1_whole_genome_shotgun_sequence_424051 finished
creating pdf for NC_058067.1_Acropora_millepora_isolate_JS-1_chromosome_2_Amil_v2.1_whole_genome_shotgun_sequence_71270 finished
creating pdf for NC_058077.1_Acropora_millepora_isolate_JS-1_chromosome_12_Amil_v2.1_whole_genome_shotgun_sequence_472271 finished
creating pdf for NC_058070.1_Acropora_millepora_isolate_JS-1_chromosome_5_Amil_v2.1_whole_genome_shotgun_sequence_200970 finished
creating pdf for NC_058067.1_Acropora_millepora_isolate_JS-1_chromosome_2_Amil_v2.1_whole_genome_shotgun_sequence_111766 finished
creating pdf for NC_058067.1_Acropora_millepora_isolate_JS-1_chromosome_2_Amil_v2.1_whole_genome_shotgun_sequence_114719 finished
creating pdf for NC_058066.1_Acropora_millepora_isolate_JS-1_chromosome_1_Amil_v2.1_whole_genome_shotgun_sequence_39818 finished
creating pdf for NC_058067.1_Acropora_millepora_isolate_JS-1_chromosome_2_Amil_v2.1_whole_genome_shotgun_sequence_81975 finished
creating pdf for NC_058077.1_Acropora_millepora_isolate_JS-1_chromosome_12_Amil_v2.1_whole_genome_shotgun_sequence_472185 finished
creating pdf for NW_025323102.1_Acropora_millepora_isolate_JS-1_unplaced_genomic_scaffold_Amil_v2.1_xpSc0000528_whole_genome_shotgun_sequence_726350 finished
creating pdf for NW_025322636.1_Acropora_millepora_isolate_JS-1_unplaced_genomic_scaffold_Amil_v2.1_Sc0000107_whole_genome_shotgun_sequence_607370 finished
creating pdf for NC_058067.1_Acropora_millepora_isolate_JS-1_chromosome_2_Amil_v2.1_whole_genome_shotgun_sequence_107295 finished
creating pdf for NC_058069.1_Acropora_millepora_isolate_JS-1_chromosome_4_Amil_v2.1_whole_genome_shotgun_sequence_157261 finished
creating pdf for NW_025322622.1_Acropora_millepora_isolate_JS-1_unplaced_genomic_scaffold_Amil_v2.1_Sc0000061_whole_genome_shotgun_sequence_580600 finished
creating pdf for NC_058067.1_Acropora_millepora_isolate_JS-1_chromosome_2_Amil_v2.1_whole_genome_shotgun_sequence_94665 finished
creating pdf for NC_058069.1_Acropora_millepora_isolate_JS-1_chromosome_4_Amil_v2.1_whole_genome_shotgun_sequence_177034 finished
creating pdf for NC_058073.1_Acropora_millepora_isolate_JS-1_chromosome_8_Amil_v2.1_whole_genome_shotgun_sequence_331399 finished
creating pdf for NW_025323163.1_Acropora_millepora_isolate_JS-1_unplaced_genomic_scaffold_Amil_v2.1_xpSc0000607_whole_genome_shotgun_sequence_749665 finished
creating pdf for NC_058069.1_Acropora_millepora_isolate_JS-1_chromosome_4_Amil_v2.1_whole_genome_shotgun_sequence_190500 finished
creating pdf for NC_058078.1_Acropora_millepora_isolate_JS-1_chromosome_13_Amil_v2.1_whole_genome_shotgun_sequence_510970 finished
creating pdf for NC_058067.1_Acropora_millepora_isolate_JS-1_chromosome_2_Amil_v2.1_whole_genome_shotgun_sequence_84731 finished
creating pdf for NC_058066.1_Acropora_millepora_isolate_JS-1_chromosome_1_Amil_v2.1_whole_genome_shotgun_sequence_41109 finished
creating pdf for NW_025322616.1_Acropora_millepora_isolate_JS-1_unplaced_genomic_scaffold_Amil_v2.1_Sc0000028_whole_genome_shotgun_sequence_555533 finished
creating pdf for NC_058076.1_Acropora_millepora_isolate_JS-1_chromosome_11_Amil_v2.1_whole_genome_shotgun_sequence_440628 finished
creating pdf for NW_025322643.1_Acropora_millepora_isolate_JS-1_unplaced_genomic_scaffold_Amil_v2.1_Sc0000126_whole_genome_shotgun_sequence_617746 finished
creating pdf for NC_058071.1_Acropora_millepora_isolate_JS-1_chromosome_6_Amil_v2.1_whole_genome_shotgun_sequence_270828 finished
creating pdf for NC_058071.1_Acropora_millepora_isolate_JS-1_chromosome_6_Amil_v2.1_whole_genome_shotgun_sequence_257023 finished
creating pdf for NC_058076.1_Acropora_millepora_isolate_JS-1_chromosome_11_Amil_v2.1_whole_genome_shotgun_sequence_421182 finished
creating pdf for NC_058069.1_Acropora_millepora_isolate_JS-1_chromosome_4_Amil_v2.1_whole_genome_shotgun_sequence_158297 finished
creating pdf for NW_025322770.1_Acropora_millepora_isolate_JS-1_unplaced_genomic_scaffold_Amil_v2.1_xfSc0000077_whole_genome_shotgun_sequence_679732 finished
creating pdf for NC_058067.1_Acropora_millepora_isolate_JS-1_chromosome_2_Amil_v2.1_whole_genome_shotgun_sequence_73358 finished
creating pdf for NC_058070.1_Acropora_millepora_isolate_JS-1_chromosome_5_Amil_v2.1_whole_genome_shotgun_sequence_204811 finished
creating pdf for NC_058078.1_Acropora_millepora_isolate_JS-1_chromosome_13_Amil_v2.1_whole_genome_shotgun_sequence_511950 finished
creating pdf for NC_058070.1_Acropora_millepora_isolate_JS-1_chromosome_5_Amil_v2.1_whole_genome_shotgun_sequence_225639 finished
creating pdf for NC_058077.1_Acropora_millepora_isolate_JS-1_chromosome_12_Amil_v2.1_whole_genome_shotgun_sequence_443230 finished
creating pdf for NC_058078.1_Acropora_millepora_isolate_JS-1_chromosome_13_Amil_v2.1_whole_genome_shotgun_sequence_486211 finished
creating pdf for NC_058079.1_Acropora_millepora_isolate_JS-1_chromosome_14_Amil_v2.1_whole_genome_shotgun_sequence_516951 finished
creating pdf for NC_058078.1_Acropora_millepora_isolate_JS-1_chromosome_13_Amil_v2.1_whole_genome_shotgun_sequence_508996 finished
creating pdf for NC_058067.1_Acropora_millepora_isolate_JS-1_chromosome_2_Amil_v2.1_whole_genome_shotgun_sequence_103993 finished
creating pdf for NC_058069.1_Acropora_millepora_isolate_JS-1_chromosome_4_Amil_v2.1_whole_genome_shotgun_sequence_178263 finished
creating pdf for NC_058076.1_Acropora_millepora_isolate_JS-1_chromosome_11_Amil_v2.1_whole_genome_shotgun_sequence_423700 finished
creating pdf for NC_058069.1_Acropora_millepora_isolate_JS-1_chromosome_4_Amil_v2.1_whole_genome_shotgun_sequence_170323 finished
creating pdf for NC_058072.1_Acropora_millepora_isolate_JS-1_chromosome_7_Amil_v2.1_whole_genome_shotgun_sequence_284750 finished
creating pdf for NC_058076.1_Acropora_millepora_isolate_JS-1_chromosome_11_Amil_v2.1_whole_genome_shotgun_sequence_414682 finished
creating pdf for NW_025322867.1_Acropora_millepora_isolate_JS-1_unplaced_genomic_scaffold_Amil_v2.1_xfSc0000216_whole_genome_shotgun_sequence_713377 finished
creating pdf for NC_058075.1_Acropora_millepora_isolate_JS-1_chromosome_10_Amil_v2.1_whole_genome_shotgun_sequence_385579 finished
creating pdf for NC_058068.1_Acropora_millepora_isolate_JS-1_chromosome_3_Amil_v2.1_whole_genome_shotgun_sequence_137672 finished
creating pdf for NC_058077.1_Acropora_millepora_isolate_JS-1_chromosome_12_Amil_v2.1_whole_genome_shotgun_sequence_475648 finished
creating pdf for NW_025322676.1_Acropora_millepora_isolate_JS-1_unplaced_genomic_scaffold_Amil_v2.1_Sc0000184_whole_genome_shotgun_sequence_647036 finished
creating pdf for NC_058067.1_Acropora_millepora_isolate_JS-1_chromosome_2_Amil_v2.1_whole_genome_shotgun_sequence_92488 finished
creating pdf for NC_058068.1_Acropora_millepora_isolate_JS-1_chromosome_3_Amil_v2.1_whole_genome_shotgun_sequence_125324 finished
creating pdf for NW_025322640.1_Acropora_millepora_isolate_JS-1_unplaced_genomic_scaffold_Amil_v2.1_Sc0000120_whole_genome_shotgun_sequence_612720 finished
creating pdf for NC_058071.1_Acropora_millepora_isolate_JS-1_chromosome_6_Amil_v2.1_whole_genome_shotgun_sequence_266806 finished
creating pdf for NC_058072.1_Acropora_millepora_isolate_JS-1_chromosome_7_Amil_v2.1_whole_genome_shotgun_sequence_311361 finished
creating pdf for NW_025322668.1_Acropora_millepora_isolate_JS-1_unplaced_genomic_scaffold_Amil_v2.1_Sc0000172_whole_genome_shotgun_sequence_642426 finished
creating pdf for NC_058067.1_Acropora_millepora_isolate_JS-1_chromosome_2_Amil_v2.1_whole_genome_shotgun_sequence_100632 finished
creating pdf for NC_058066.1_Acropora_millepora_isolate_JS-1_chromosome_1_Amil_v2.1_whole_genome_shotgun_sequence_61677 finished
creating pdf for NW_025322875.1_Acropora_millepora_isolate_JS-1_unplaced_genomic_scaffold_Amil_v2.1_xfSc0000224_whole_genome_shotgun_sequence_714674 finished
creating pdf for NC_058070.1_Acropora_millepora_isolate_JS-1_chromosome_5_Amil_v2.1_whole_genome_shotgun_sequence_204549 finished
creating pdf for NC_058074.1_Acropora_millepora_isolate_JS-1_chromosome_9_Amil_v2.1_whole_genome_shotgun_sequence_366149 finished
creating pdf for NC_058073.1_Acropora_millepora_isolate_JS-1_chromosome_8_Amil_v2.1_whole_genome_shotgun_sequence_325041 finished
creating pdf for NC_058073.1_Acropora_millepora_isolate_JS-1_chromosome_8_Amil_v2.1_whole_genome_shotgun_sequence_326075 finished
creating pdf for NC_058069.1_Acropora_millepora_isolate_JS-1_chromosome_4_Amil_v2.1_whole_genome_shotgun_sequence_167414 finished
creating pdf for NC_058077.1_Acropora_millepora_isolate_JS-1_chromosome_12_Amil_v2.1_whole_genome_shotgun_sequence_479738 finished
creating pdf for NC_058068.1_Acropora_millepora_isolate_JS-1_chromosome_3_Amil_v2.1_whole_genome_shotgun_sequence_125469 finished
creating pdf for NC_058078.1_Acropora_millepora_isolate_JS-1_chromosome_13_Amil_v2.1_whole_genome_shotgun_sequence_506340 finished
creating pdf for NC_058068.1_Acropora_millepora_isolate_JS-1_chromosome_3_Amil_v2.1_whole_genome_shotgun_sequence_149411 finished
creating pdf for NC_058067.1_Acropora_millepora_isolate_JS-1_chromosome_2_Amil_v2.1_whole_genome_shotgun_sequence_122564 finished
creating pdf for NC_058075.1_Acropora_millepora_isolate_JS-1_chromosome_10_Amil_v2.1_whole_genome_shotgun_sequence_385500 finished
creating pdf for NW_025322617.1_Acropora_millepora_isolate_JS-1_unplaced_genomic_scaffold_Amil_v2.1_Sc0000030_whole_genome_shotgun_sequence_557056 finished
creating pdf for NW_025322765.1_Acropora_millepora_isolate_JS-1_unplaced_genomic_scaffold_Amil_v2.1_xfSc0000041_whole_genome_shotgun_sequence_674926 finished
creating pdf for NC_058072.1_Acropora_millepora_isolate_JS-1_chromosome_7_Amil_v2.1_whole_genome_shotgun_sequence_298825 finished
creating pdf for NC_058076.1_Acropora_millepora_isolate_JS-1_chromosome_11_Amil_v2.1_whole_genome_shotgun_sequence_427704 finished
creating pdf for NC_058070.1_Acropora_millepora_isolate_JS-1_chromosome_5_Amil_v2.1_whole_genome_shotgun_sequence_200003 finished
creating pdf for NC_058073.1_Acropora_millepora_isolate_JS-1_chromosome_8_Amil_v2.1_whole_genome_shotgun_sequence_342201 finished
creating pdf for NW_025323108.1_Acropora_millepora_isolate_JS-1_unplaced_genomic_scaffold_Amil_v2.1_xpSc0000539_whole_genome_shotgun_sequence_730716 finished
creating pdf for NC_058078.1_Acropora_millepora_isolate_JS-1_chromosome_13_Amil_v2.1_whole_genome_shotgun_sequence_483299 finished
creating pdf for NC_058073.1_Acropora_millepora_isolate_JS-1_chromosome_8_Amil_v2.1_whole_genome_shotgun_sequence_325071 finished
creating pdf for NW_025322628.1_Acropora_millepora_isolate_JS-1_unplaced_genomic_scaffold_Amil_v2.1_Sc0000086_whole_genome_shotgun_sequence_593121 finished
creating pdf for NC_058073.1_Acropora_millepora_isolate_JS-1_chromosome_8_Amil_v2.1_whole_genome_shotgun_sequence_325079 finished
creating pdf for NC_058071.1_Acropora_millepora_isolate_JS-1_chromosome_6_Amil_v2.1_whole_genome_shotgun_sequence_268468 finished
creating pdf for NW_025322875.1_Acropora_millepora_isolate_JS-1_unplaced_genomic_scaffold_Amil_v2.1_xfSc0000224_whole_genome_shotgun_sequence_714676 finished
creating pdf for NW_025322815.1_Acropora_millepora_isolate_JS-1_unplaced_genomic_scaffold_Amil_v2.1_xfSc0000156_whole_genome_shotgun_sequence_702047 finished
creating pdf for NC_058066.1_Acropora_millepora_isolate_JS-1_chromosome_1_Amil_v2.1_whole_genome_shotgun_sequence_10650 finished
creating pdf for NC_058072.1_Acropora_millepora_isolate_JS-1_chromosome_7_Amil_v2.1_whole_genome_shotgun_sequence_296467 finished
creating pdf for NC_058067.1_Acropora_millepora_isolate_JS-1_chromosome_2_Amil_v2.1_whole_genome_shotgun_sequence_106492 finished
creating pdf for NW_025322875.1_Acropora_millepora_isolate_JS-1_unplaced_genomic_scaffold_Amil_v2.1_xfSc0000224_whole_genome_shotgun_sequence_714678 finished
creating pdf for NC_058066.1_Acropora_millepora_isolate_JS-1_chromosome_1_Amil_v2.1_whole_genome_shotgun_sequence_32990 finished
creating pdf for NW_025322668.1_Acropora_millepora_isolate_JS-1_unplaced_genomic_scaffold_Amil_v2.1_Sc0000172_whole_genome_shotgun_sequence_642486 finished
creating pdf for NC_058067.1_Acropora_millepora_isolate_JS-1_chromosome_2_Amil_v2.1_whole_genome_shotgun_sequence_102453 finished
creating pdf for NC_058070.1_Acropora_millepora_isolate_JS-1_chromosome_5_Amil_v2.1_whole_genome_shotgun_sequence_219979 finished
creating pdf for NC_058070.1_Acropora_millepora_isolate_JS-1_chromosome_5_Amil_v2.1_whole_genome_shotgun_sequence_206576 finished
creating pdf for NW_025322635.1_Acropora_millepora_isolate_JS-1_unplaced_genomic_scaffold_Amil_v2.1_Sc0000104_whole_genome_shotgun_sequence_604358 finished
creating pdf for NC_058070.1_Acropora_millepora_isolate_JS-1_chromosome_5_Amil_v2.1_whole_genome_shotgun_sequence_206341 finished
creating pdf for NC_058066.1_Acropora_millepora_isolate_JS-1_chromosome_1_Amil_v2.1_whole_genome_shotgun_sequence_19118 finished
creating pdf for NC_058072.1_Acropora_millepora_isolate_JS-1_chromosome_7_Amil_v2.1_whole_genome_shotgun_sequence_281450 finished
creating pdf for NC_058067.1_Acropora_millepora_isolate_JS-1_chromosome_2_Amil_v2.1_whole_genome_shotgun_sequence_70265 finished
creating pdf for NC_058076.1_Acropora_millepora_isolate_JS-1_chromosome_11_Amil_v2.1_whole_genome_shotgun_sequence_418765 finished
creating pdf for NC_058067.1_Acropora_millepora_isolate_JS-1_chromosome_2_Amil_v2.1_whole_genome_shotgun_sequence_69921 finished
creating pdf for NW_025323108.1_Acropora_millepora_isolate_JS-1_unplaced_genomic_scaffold_Amil_v2.1_xpSc0000539_whole_genome_shotgun_sequence_730838 finished
creating pdf for NC_058078.1_Acropora_millepora_isolate_JS-1_chromosome_13_Amil_v2.1_whole_genome_shotgun_sequence_511128 finished
creating pdf for NW_025322616.1_Acropora_millepora_isolate_JS-1_unplaced_genomic_scaffold_Amil_v2.1_Sc0000028_whole_genome_shotgun_sequence_553308 finished
creating pdf for NC_058066.1_Acropora_millepora_isolate_JS-1_chromosome_1_Amil_v2.1_whole_genome_shotgun_sequence_55202 finished
creating pdf for NC_058068.1_Acropora_millepora_isolate_JS-1_chromosome_3_Amil_v2.1_whole_genome_shotgun_sequence_128148 finished
creating pdf for NC_058074.1_Acropora_millepora_isolate_JS-1_chromosome_9_Amil_v2.1_whole_genome_shotgun_sequence_366211 finished
creating pdf for NC_058078.1_Acropora_millepora_isolate_JS-1_chromosome_13_Amil_v2.1_whole_genome_shotgun_sequence_503368 finished
creating pdf for NC_058066.1_Acropora_millepora_isolate_JS-1_chromosome_1_Amil_v2.1_whole_genome_shotgun_sequence_32128 finished
creating pdf for NC_058074.1_Acropora_millepora_isolate_JS-1_chromosome_9_Amil_v2.1_whole_genome_shotgun_sequence_374842 finished
creating pdf for NC_058079.1_Acropora_millepora_isolate_JS-1_chromosome_14_Amil_v2.1_whole_genome_shotgun_sequence_534353 finished
creating pdf for NC_058066.1_Acropora_millepora_isolate_JS-1_chromosome_1_Amil_v2.1_whole_genome_shotgun_sequence_9481 finished
creating pdf for NW_025322615.1_Acropora_millepora_isolate_JS-1_unplaced_genomic_scaffold_Amil_v2.1_Sc0000015_whole_genome_shotgun_sequence_551683 finished
creating pdf for NC_058069.1_Acropora_millepora_isolate_JS-1_chromosome_4_Amil_v2.1_whole_genome_shotgun_sequence_176562 finished
creating pdf for NC_058069.1_Acropora_millepora_isolate_JS-1_chromosome_4_Amil_v2.1_whole_genome_shotgun_sequence_175717 finished
creating pdf for NW_025322651.1_Acropora_millepora_isolate_JS-1_unplaced_genomic_scaffold_Amil_v2.1_Sc0000141_whole_genome_shotgun_sequence_626227 finished
creating pdf for NC_058075.1_Acropora_millepora_isolate_JS-1_chromosome_10_Amil_v2.1_whole_genome_shotgun_sequence_388277 finished
creating pdf for NC_058079.1_Acropora_millepora_isolate_JS-1_chromosome_14_Amil_v2.1_whole_genome_shotgun_sequence_520413 finished
creating pdf for NC_058066.1_Acropora_millepora_isolate_JS-1_chromosome_1_Amil_v2.1_whole_genome_shotgun_sequence_17321 finished
creating pdf for NW_025322828.1_Acropora_millepora_isolate_JS-1_unplaced_genomic_scaffold_Amil_v2.1_xfSc0000173_whole_genome_shotgun_sequence_705227 finished
creating pdf for NC_058068.1_Acropora_millepora_isolate_JS-1_chromosome_3_Amil_v2.1_whole_genome_shotgun_sequence_126437 finished
creating pdf for NC_058066.1_Acropora_millepora_isolate_JS-1_chromosome_1_Amil_v2.1_whole_genome_shotgun_sequence_27298 finished
creating pdf for NW_025322640.1_Acropora_millepora_isolate_JS-1_unplaced_genomic_scaffold_Amil_v2.1_Sc0000120_whole_genome_shotgun_sequence_612122 finished
creating pdf for NC_058078.1_Acropora_millepora_isolate_JS-1_chromosome_13_Amil_v2.1_whole_genome_shotgun_sequence_495137 finished
creating pdf for NC_058071.1_Acropora_millepora_isolate_JS-1_chromosome_6_Amil_v2.1_whole_genome_shotgun_sequence_250702 finished
creating pdf for NW_025322622.1_Acropora_millepora_isolate_JS-1_unplaced_genomic_scaffold_Amil_v2.1_Sc0000061_whole_genome_shotgun_sequence_577946 finished
creating pdf for NW_025322616.1_Acropora_millepora_isolate_JS-1_unplaced_genomic_scaffold_Amil_v2.1_Sc0000028_whole_genome_shotgun_sequence_553844 finished
creating pdf for NC_058069.1_Acropora_millepora_isolate_JS-1_chromosome_4_Amil_v2.1_whole_genome_shotgun_sequence_169933 finished
creating pdf for NC_058071.1_Acropora_millepora_isolate_JS-1_chromosome_6_Amil_v2.1_whole_genome_shotgun_sequence_263461 finished
creating pdf for NC_058066.1_Acropora_millepora_isolate_JS-1_chromosome_1_Amil_v2.1_whole_genome_shotgun_sequence_66883 finished
creating pdf for NC_058076.1_Acropora_millepora_isolate_JS-1_chromosome_11_Amil_v2.1_whole_genome_shotgun_sequence_431298 finished
creating pdf for NC_058069.1_Acropora_millepora_isolate_JS-1_chromosome_4_Amil_v2.1_whole_genome_shotgun_sequence_188075 finished
creating pdf for NC_058075.1_Acropora_millepora_isolate_JS-1_chromosome_10_Amil_v2.1_whole_genome_shotgun_sequence_405860 finished
creating pdf for NW_025322877.1_Acropora_millepora_isolate_JS-1_unplaced_genomic_scaffold_Amil_v2.1_xfSc0000226_whole_genome_shotgun_sequence_714841 finished
creating pdf for NC_058067.1_Acropora_millepora_isolate_JS-1_chromosome_2_Amil_v2.1_whole_genome_shotgun_sequence_100231 finished
creating pdf for NC_058072.1_Acropora_millepora_isolate_JS-1_chromosome_7_Amil_v2.1_whole_genome_shotgun_sequence_299838 finished

ended: 11:5:34
total:0h:4m:21s

fasta and bed files have been created in subfolder mirna_results_16_05_2024_t_11_15_00
rmtree(mirdeep_runs/run_16_05_2024_t_11_15_00/tmp)



miRDeep runtime: 

started: 11:15:00
ended: 11:5:35
total:23h:50m:35s

