54219233 reads; of these:
  54219233 (100.00%) were paired; of these:
    24674401 (45.51%) aligned concordantly 0 times
    24699780 (45.56%) aligned concordantly exactly 1 time
    4845052 (8.94%) aligned concordantly >1 times
    ----
    24674401 pairs aligned concordantly 0 times; of these:
      1657119 (6.72%) aligned discordantly 1 time
    ----
    23017282 pairs aligned 0 times concordantly or discordantly; of these:
      46034564 mates make up the pairs; of these:
        38879408 (84.46%) aligned 0 times
        6576312 (14.29%) aligned exactly 1 time
        578844 (1.26%) aligned >1 times
64.15% overall alignment rate
51579450 reads; of these:
  51579450 (100.00%) were paired; of these:
    24586231 (47.67%) aligned concordantly 0 times
    22163871 (42.97%) aligned concordantly exactly 1 time
    4829348 (9.36%) aligned concordantly >1 times
    ----
    24586231 pairs aligned concordantly 0 times; of these:
      1280768 (5.21%) aligned discordantly 1 time
    ----
    23305463 pairs aligned 0 times concordantly or discordantly; of these:
      46610926 mates make up the pairs; of these:
        40335390 (86.54%) aligned 0 times
        5739830 (12.31%) aligned exactly 1 time
        535706 (1.15%) aligned >1 times
60.90% overall alignment rate
55302459 reads; of these:
  55302459 (100.00%) were paired; of these:
    26420392 (47.77%) aligned concordantly 0 times
    26136411 (47.26%) aligned concordantly exactly 1 time
    2745656 (4.96%) aligned concordantly >1 times
    ----
    26420392 pairs aligned concordantly 0 times; of these:
      1564617 (5.92%) aligned discordantly 1 time
    ----
    24855775 pairs aligned 0 times concordantly or discordantly; of these:
      49711550 mates make up the pairs; of these:
        41981481 (84.45%) aligned 0 times
        7255874 (14.60%) aligned exactly 1 time
        474195 (0.95%) aligned >1 times
62.04% overall alignment rate
53353608 reads; of these:
  53353608 (100.00%) were paired; of these:
    26586350 (49.83%) aligned concordantly 0 times
    24622354 (46.15%) aligned concordantly exactly 1 time
    2144904 (4.02%) aligned concordantly >1 times
    ----
    26586350 pairs aligned concordantly 0 times; of these:
      1693268 (6.37%) aligned discordantly 1 time
    ----
    24893082 pairs aligned 0 times concordantly or discordantly; of these:
      49786164 mates make up the pairs; of these:
        42068328 (84.50%) aligned 0 times
        7199609 (14.46%) aligned exactly 1 time
        518227 (1.04%) aligned >1 times
60.58% overall alignment rate
42513488 reads; of these:
  42513488 (100.00%) were paired; of these:
    25177347 (59.22%) aligned concordantly 0 times
    16194243 (38.09%) aligned concordantly exactly 1 time
    1141898 (2.69%) aligned concordantly >1 times
    ----
    25177347 pairs aligned concordantly 0 times; of these:
      1400533 (5.56%) aligned discordantly 1 time
    ----
    23776814 pairs aligned 0 times concordantly or discordantly; of these:
      47553628 mates make up the pairs; of these:
        42015427 (88.35%) aligned 0 times
        5242166 (11.02%) aligned exactly 1 time
        296035 (0.62%) aligned >1 times
50.59% overall alignment rate
