[2023-11-17 09:20:32,048] multiqc                                            [DEBUG  ]  This is MultiQC v1.14
[2023-11-17 09:20:32,048] multiqc                                            [DEBUG  ]  Command used: /home/sam/programs/mambaforge/bin/multiqc /home/shared/8TB_HDD_02/shedurkin/deep-dive/F-Pmea/output/08-Pmea-sRNAseq-trimming/raw-fastqc -o /home/shared/8TB_HDD_02/shedurkin/deep-dive/F-Pmea/output/08-Pmea-sRNAseq-trimming/raw-fastqc
[2023-11-17 09:20:32,391] multiqc                                            [WARNING]  MultiQC Version v1.17 now available!
[2023-11-17 09:20:32,391] multiqc                                            [DEBUG  ]  Working dir : /home/shared/8TB_HDD_02/shedurkin/deep-dive/F-Pmea/code
[2023-11-17 09:20:32,391] multiqc                                            [DEBUG  ]  Template    : default
[2023-11-17 09:20:32,391] multiqc                                            [DEBUG  ]  Running Python 3.10.10 | packaged by conda-forge | (main, Mar 24 2023, 20:08:06) [GCC 11.3.0]
[2023-11-17 09:20:32,392] multiqc                                            [DEBUG  ]  Analysing modules: custom_content, ccs, ngsderive, purple, conpair, lima, peddy, somalier, methylQA, mosdepth, phantompeakqualtools, qualimap, preseq, hifiasm, quast, qorts, rna_seqc, rockhopper, rsem, rseqc, busco, bustools, goleft_indexcov, gffcompare, disambiguate, supernova, deeptools, sargasso, verifybamid, mirtrace, happy, mirtop, sambamba, gopeaks, homer, hops, macs2, theta2, snpeff, gatk, htseq, bcftools, featureCounts, fgbio, dragen, dragen_fastqc, dedup, pbmarkdup, damageprofiler, biobambam2, jcvi, mtnucratio, picard, vep, sentieon, prokka, qc3C, nanostat, samblaster, samtools, sexdeterrmine, eigenstratdatabasetools, bamtools, jellyfish, vcftools, longranger, stacks, varscan2, snippy, umitools, bbmap, bismark, biscuit, diamond, hicexplorer, hicup, hicpro, salmon, kallisto, slamdunk, star, hisat2, tophat, bowtie2, bowtie1, cellranger, snpsplit, odgi, pangolin, nextclade, humid, kat, leehom, adapterRemoval, bbduk, clipandmerge, cutadapt, flexbar, kaiju, kraken, malt, motus, trimmomatic, sickle, skewer, sortmerna, biobloomtools, fastq_screen, afterqc, fastp, fastqc, filtlong, prinseqplusplus, pychopper, porechop, pycoqc, minionqc, anglerfish, multivcfanalyzer, clusterflow, checkqc, bcl2fastq, bclconvert, interop, ivar, flash, seqyclean, optitype, whatshap
[2023-11-17 09:20:32,393] multiqc                                            [DEBUG  ]  Using temporary directory for creating report: /tmp/tmpwkc1mg7q
[2023-11-17 09:20:32,894] multiqc                                            [INFO   ]  Search path : /home/shared/8TB_HDD_02/shedurkin/deep-dive/F-Pmea/output/08-Pmea-sRNAseq-trimming/raw-fastqc
[2023-11-17 09:20:33,539] multiqc                                            [DEBUG  ]  Summary of files that were skipped by the search: [skipped_module_specific_max_filesize: 153] // [skipped_no_match: 27] // [skipped_ignore_pattern: 6] // [skipped_directory_fn_ignore_dirs: 1]
[2023-11-17 09:20:34,371] multiqc.plots.bargraph                             [DEBUG  ]  Using matplotlib version 3.7.1
[2023-11-17 09:20:34,372] multiqc.plots.linegraph                            [DEBUG  ]  Using matplotlib version 3.7.1
[2023-11-17 09:20:34,372] multiqc                                            [DEBUG  ]  No samples found: custom_content
[2023-11-17 09:20:34,388] multiqc                                            [DEBUG  ]  No samples found: snippy
[2023-11-17 09:20:35,108] multiqc.modules.fastqc.fastqc                      [INFO   ]  Found 10 reports
[2023-11-17 09:20:35,277] multiqc                                            [INFO   ]  Compressing plot data
[2023-11-17 09:20:35,427] multiqc                                            [WARNING]  Previous MultiQC output found! Adjusting filenames..
[2023-11-17 09:20:35,427] multiqc                                            [WARNING]  Use -f or --force to overwrite existing reports instead
[2023-11-17 09:20:35,427] multiqc                                            [INFO   ]  Report      : ../output/08-Pmea-sRNAseq-trimming/raw-fastqc/multiqc_report_4.html
[2023-11-17 09:20:35,427] multiqc                                            [INFO   ]  Data        : ../output/08-Pmea-sRNAseq-trimming/raw-fastqc/multiqc_data_4
[2023-11-17 09:20:35,427] multiqc                                            [DEBUG  ]  Moving data file from '/tmp/tmpwkc1mg7q/multiqc_data' to '/home/shared/8TB_HDD_02/shedurkin/deep-dive/F-Pmea/output/08-Pmea-sRNAseq-trimming/raw-fastqc/multiqc_data_4'
[2023-11-17 09:20:35,543] multiqc                                            [INFO   ]  MultiQC complete
