47710408 reads; of these:
  47710408 (100.00%) were paired; of these:
    27056533 (56.71%) aligned concordantly 0 times
    19229642 (40.30%) aligned concordantly exactly 1 time
    1424233 (2.99%) aligned concordantly >1 times
    ----
    27056533 pairs aligned concordantly 0 times; of these:
      1316592 (4.87%) aligned discordantly 1 time
    ----
    25739941 pairs aligned 0 times concordantly or discordantly; of these:
      51479882 mates make up the pairs; of these:
        41152612 (79.94%) aligned 0 times
        9290416 (18.05%) aligned exactly 1 time
        1036854 (2.01%) aligned >1 times
56.87% overall alignment rate
42864294 reads; of these:
  42864294 (100.00%) were paired; of these:
    23649858 (55.17%) aligned concordantly 0 times
    17703487 (41.30%) aligned concordantly exactly 1 time
    1510949 (3.52%) aligned concordantly >1 times
    ----
    23649858 pairs aligned concordantly 0 times; of these:
      1250662 (5.29%) aligned discordantly 1 time
    ----
    22399196 pairs aligned 0 times concordantly or discordantly; of these:
      44798392 mates make up the pairs; of these:
        35369772 (78.95%) aligned 0 times
        8218027 (18.34%) aligned exactly 1 time
        1210593 (2.70%) aligned >1 times
58.74% overall alignment rate
43712298 reads; of these:
  43712298 (100.00%) were paired; of these:
    30355448 (69.44%) aligned concordantly 0 times
    12131256 (27.75%) aligned concordantly exactly 1 time
    1225594 (2.80%) aligned concordantly >1 times
    ----
    30355448 pairs aligned concordantly 0 times; of these:
      848296 (2.79%) aligned discordantly 1 time
    ----
    29507152 pairs aligned 0 times concordantly or discordantly; of these:
      59014304 mates make up the pairs; of these:
        51031808 (86.47%) aligned 0 times
        6695609 (11.35%) aligned exactly 1 time
        1286887 (2.18%) aligned >1 times
41.63% overall alignment rate
47501524 reads; of these:
  47501524 (100.00%) were paired; of these:
    27827985 (58.58%) aligned concordantly 0 times
    18298540 (38.52%) aligned concordantly exactly 1 time
    1374999 (2.89%) aligned concordantly >1 times
    ----
    27827985 pairs aligned concordantly 0 times; of these:
      1321889 (4.75%) aligned discordantly 1 time
    ----
    26506096 pairs aligned 0 times concordantly or discordantly; of these:
      53012192 mates make up the pairs; of these:
        42654959 (80.46%) aligned 0 times
        9174282 (17.31%) aligned exactly 1 time
        1182951 (2.23%) aligned >1 times
55.10% overall alignment rate
42677752 reads; of these:
  42677752 (100.00%) were paired; of these:
    25646643 (60.09%) aligned concordantly 0 times
    15653449 (36.68%) aligned concordantly exactly 1 time
    1377660 (3.23%) aligned concordantly >1 times
    ----
    25646643 pairs aligned concordantly 0 times; of these:
      1105009 (4.31%) aligned discordantly 1 time
    ----
    24541634 pairs aligned 0 times concordantly or discordantly; of these:
      49083268 mates make up the pairs; of these:
        38229100 (77.89%) aligned 0 times
        9392802 (19.14%) aligned exactly 1 time
        1461366 (2.98%) aligned >1 times
55.21% overall alignment rate
